<?xml version="1.0" encoding="UTF-8"?>
<robot generator="Robot 7.4.2 (Python 3.13.13 on win32)" generated="2026-04-20T11:25:27.772334" rpa="false" schemaversion="5">
<suite id="s1" name="Test" source="D:\Nekhorosheva_testovoe_zadanie\sorting_front_and_robot\test.robot">
<test id="s1-t1" name="Check Web page Title - Test 1" line="57">
<kw name="Open Browser" owner="SeleniumLibrary">
<msg time="2026-04-20T11:25:27.856130" level="INFO">Opening browser 'Chrome' to base url 'https://dynamic-dolphin-426efe.netlify.app/'.</msg>
<arg>https://dynamic-dolphin-426efe.netlify.app/</arg>
<arg>Chrome</arg>
<doc>Opens a new browser instance to the optional ``url``.</doc>
<status status="PASS" start="2026-04-20T11:25:27.855974" elapsed="5.046627"/>
</kw>
<kw name="Get Title" owner="SeleniumLibrary">
<msg time="2026-04-20T11:25:32.906202" level="INFO">${tab_title} = Flowbite Starter</msg>
<var>${tab_title}</var>
<doc>Returns the title of the current page.</doc>
<status status="PASS" start="2026-04-20T11:25:32.902974" elapsed="0.003259"/>
</kw>
<kw name="Should Be Equal" owner="BuiltIn">
<msg time="2026-04-20T11:25:32.907174" level="FAIL">Flowbite Starter != Тестовое задание</msg>
<arg>${tab_title}</arg>
<arg>Тестовое задание</arg>
<doc>Fails if the given objects are unequal.</doc>
<status status="FAIL" start="2026-04-20T11:25:32.906828" elapsed="0.000435">Flowbite Starter != Тестовое задание</status>
</kw>
<kw name="Close Browser" owner="SeleniumLibrary">
<doc>Closes the current browser.</doc>
<status status="NOT RUN" start="2026-04-20T11:25:32.907544" elapsed="0.000017"/>
</kw>
<status status="FAIL" start="2026-04-20T11:25:27.852756" elapsed="5.055492">Flowbite Starter != Тестовое задание</status>
</test>
<test id="s1-t2" name="Check Order Title - Test 2" line="65">
<kw name="Open Browser" owner="SeleniumLibrary">
<msg time="2026-04-20T11:25:32.909637" level="INFO">Opening browser 'Chrome' to base url 'https://dynamic-dolphin-426efe.netlify.app/'.</msg>
<arg>https://dynamic-dolphin-426efe.netlify.app/</arg>
<arg>Chrome</arg>
<doc>Opens a new browser instance to the optional ``url``.</doc>
<status status="PASS" start="2026-04-20T11:25:32.909550" elapsed="3.792360"/>
</kw>
<kw name="Get Text" owner="SeleniumLibrary">
<msg time="2026-04-20T11:25:36.719534" level="INFO">${title_text} = Правила порядка</msg>
<var>${title_text}</var>
<arg>xpath=//div[@class='text-center']/span</arg>
<doc>Returns the text value of the element identified by ``locator``.</doc>
<status status="PASS" start="2026-04-20T11:25:36.702282" elapsed="0.017282"/>
</kw>
<kw name="Should Be Equal" owner="BuiltIn">
<arg>${title_text}</arg>
<arg>Правила порядка</arg>
<doc>Fails if the given objects are unequal.</doc>
<status status="PASS" start="2026-04-20T11:25:36.719768" elapsed="0.000216"/>
</kw>
<kw name="Close Browser" owner="SeleniumLibrary">
<doc>Closes the current browser.</doc>
<status status="PASS" start="2026-04-20T11:25:36.720104" elapsed="2.074081"/>
</kw>
<status status="PASS" start="2026-04-20T11:25:32.909199" elapsed="5.886495"/>
</test>
<test id="s1-t3" name="Check Empty Run Sorting - Test 3" line="73">
<kw name="Open Browser" owner="SeleniumLibrary">
<msg time="2026-04-20T11:25:38.801194" level="INFO">Opening browser 'Chrome' to base url 'https://dynamic-dolphin-426efe.netlify.app/'.</msg>
<arg>https://dynamic-dolphin-426efe.netlify.app/</arg>
<arg>Chrome</arg>
<doc>Opens a new browser instance to the optional ``url``.</doc>
<status status="PASS" start="2026-04-20T11:25:38.800701" elapsed="4.013524"/>
</kw>
<kw name="Click Button" owner="SeleniumLibrary">
<msg time="2026-04-20T11:25:42.814908" level="INFO">Clicking button 'id=sendDataButton'.</msg>
<arg>id=${sort_button_id}</arg>
<doc>Clicks the button identified by ``locator``.</doc>
<status status="PASS" start="2026-04-20T11:25:42.814718" elapsed="0.041488"/>
</kw>
<kw name="Sleep" owner="BuiltIn">
<msg time="2026-04-20T11:25:45.856982" level="INFO">Slept 3 seconds.</msg>
<arg>3 seconds</arg>
<doc>Pauses the test executed for the given time.</doc>
<status status="PASS" start="2026-04-20T11:25:42.856423" elapsed="3.000643"/>
</kw>
<kw name="Close Browser" owner="SeleniumLibrary">
<doc>Closes the current browser.</doc>
<status status="PASS" start="2026-04-20T11:25:45.857736" elapsed="2.094735"/>
</kw>
<status status="PASS" start="2026-04-20T11:25:38.799006" elapsed="9.153983"/>
</test>
<test id="s1-t4" name="Check Empty Run Clear - Test 4" line="81">
<kw name="Open Browser" owner="SeleniumLibrary">
<msg time="2026-04-20T11:25:47.953770" level="INFO">Opening browser 'Chrome' to base url 'https://dynamic-dolphin-426efe.netlify.app/'.</msg>
<arg>https://dynamic-dolphin-426efe.netlify.app/</arg>
<arg>Chrome</arg>
<doc>Opens a new browser instance to the optional ``url``.</doc>
<status status="PASS" start="2026-04-20T11:25:47.953649" elapsed="4.273481"/>
</kw>
<kw name="Click Button" owner="SeleniumLibrary">
<msg time="2026-04-20T11:25:52.227755" level="INFO">Clicking button 'id=clearButton'.</msg>
<arg>id=${clear_button_id}</arg>
<doc>Clicks the button identified by ``locator``.</doc>
<status status="PASS" start="2026-04-20T11:25:52.227596" elapsed="0.050000"/>
</kw>
<kw name="Sleep" owner="BuiltIn">
<msg time="2026-04-20T11:25:55.278276" level="INFO">Slept 3 seconds.</msg>
<arg>3 seconds</arg>
<doc>Pauses the test executed for the given time.</doc>
<status status="PASS" start="2026-04-20T11:25:52.277881" elapsed="3.000552"/>
</kw>
<kw name="Close Browser" owner="SeleniumLibrary">
<doc>Closes the current browser.</doc>
<status status="PASS" start="2026-04-20T11:25:55.279743" elapsed="2.098221"/>
</kw>
<status status="PASS" start="2026-04-20T11:25:47.953348" elapsed="9.425980"/>
</test>
<test id="s1-t5" name="Check Dropdown Options - Test 5" line="89">
<kw name="Open Browser" owner="SeleniumLibrary">
<msg time="2026-04-20T11:25:57.383582" level="INFO">Opening browser 'Chrome' to base url 'https://dynamic-dolphin-426efe.netlify.app/'.</msg>
<arg>https://dynamic-dolphin-426efe.netlify.app/</arg>
<arg>Chrome</arg>
<doc>Opens a new browser instance to the optional ``url``.</doc>
<status status="PASS" start="2026-04-20T11:25:57.382784" elapsed="3.798862"/>
</kw>
<kw name="Sleep" owner="BuiltIn">
<msg time="2026-04-20T11:26:04.182970" level="INFO">Slept 3 seconds.</msg>
<arg>3 seconds</arg>
<doc>Pauses the test executed for the given time.</doc>
<status status="PASS" start="2026-04-20T11:26:01.182320" elapsed="3.000744"/>
</kw>
<for flavor="IN">
<iter>
<kw name="Check Dropdown Options">
<kw name="Get List Items" owner="SeleniumLibrary">
<msg time="2026-04-20T11:26:04.246063" level="INFO">${options} = ['Выбери', 'К', 'З', 'С']</msg>
<var>${options}</var>
<arg>xpath=//select[@id='${dropdown_id}']</arg>
<doc>Returns all labels or values of selection list ``locator``.</doc>
<status status="PASS" start="2026-04-20T11:26:04.184131" elapsed="0.061964"/>
</kw>
<kw name="Should Contain" owner="BuiltIn">
<arg>${options}</arg>
<arg>${select_option}</arg>
<doc>Fails if ``container`` does not contain ``item`` one or more times.</doc>
<status status="PASS" start="2026-04-20T11:26:04.246191" elapsed="0.000273"/>
</kw>
<kw name="Should Contain" owner="BuiltIn">
<arg>${options}</arg>
<arg>${red_option}</arg>
<doc>Fails if ``container`` does not contain ``item`` one or more times.</doc>
<status status="PASS" start="2026-04-20T11:26:04.246527" elapsed="0.000134"/>
</kw>
<kw name="Should Contain" owner="BuiltIn">
<arg>${options}</arg>
<arg>${green_option}</arg>
<doc>Fails if ``container`` does not contain ``item`` one or more times.</doc>
<status status="PASS" start="2026-04-20T11:26:04.246709" elapsed="0.000113"/>
</kw>
<kw name="Should Contain" owner="BuiltIn">
<arg>${options}</arg>
<arg>${blue_option}</arg>
<doc>Fails if ``container`` does not contain ``item`` one or more times.</doc>
<status status="PASS" start="2026-04-20T11:26:04.246868" elapsed="0.000112"/>
</kw>
<arg>${dropdown_id}</arg>
<status status="PASS" start="2026-04-20T11:26:04.183889" elapsed="0.063131"/>
</kw>
<kw name="Select And Check Option">
<kw name="Select From List By Value" owner="SeleniumLibrary">
<msg time="2026-04-20T11:26:04.247472" level="INFO">Selecting options from selection list 'select1' by value К.</msg>
<arg>${dropdown_id}</arg>
<arg>${option}</arg>
<doc>Selects options from selection list ``locator`` by ``values``.</doc>
<status status="PASS" start="2026-04-20T11:26:04.247375" elapsed="0.032146"/>
</kw>
<kw name="Get Selected List Value" owner="SeleniumLibrary">
<msg time="2026-04-20T11:26:04.309015" level="INFO">${selected_value} = К</msg>
<var>${selected_value}</var>
<arg>${dropdown_id}</arg>
<doc>Returns the value of selected option from selection list ``locator``.</doc>
<status status="PASS" start="2026-04-20T11:26:04.279625" elapsed="0.029534"/>
</kw>
<kw name="Should Be Equal As Strings" owner="BuiltIn">
<arg>${selected_value}</arg>
<arg>${option}</arg>
<doc>Fails if objects are unequal after converting them to strings.</doc>
<status status="PASS" start="2026-04-20T11:26:04.309499" elapsed="0.000247"/>
</kw>
<arg>${dropdown_id}</arg>
<arg>${red_option}</arg>
<status status="PASS" start="2026-04-20T11:26:04.247231" elapsed="0.062565"/>
</kw>
<kw name="Select And Check Option">
<kw name="Select From List By Value" owner="SeleniumLibrary">
<msg time="2026-04-20T11:26:04.310117" level="INFO">Selecting options from selection list 'select1' by value З.</msg>
<arg>${dropdown_id}</arg>
<arg>${option}</arg>
<doc>Selects options from selection list ``locator`` by ``values``.</doc>
<status status="PASS" start="2026-04-20T11:26:04.310018" elapsed="0.035697"/>
</kw>
<kw name="Get Selected List Value" owner="SeleniumLibrary">
<msg time="2026-04-20T11:26:04.377487" level="INFO">${selected_value} = З</msg>
<var>${selected_value}</var>
<arg>${dropdown_id}</arg>
<doc>Returns the value of selected option from selection list ``locator``.</doc>
<status status="PASS" start="2026-04-20T11:26:04.346001" elapsed="0.031512"/>
</kw>
<kw name="Should Be Equal As Strings" owner="BuiltIn">
<arg>${selected_value}</arg>
<arg>${option}</arg>
<doc>Fails if objects are unequal after converting them to strings.</doc>
<status status="PASS" start="2026-04-20T11:26:04.377595" elapsed="0.000199"/>
</kw>
<arg>${dropdown_id}</arg>
<arg>${green_option}</arg>
<status status="PASS" start="2026-04-20T11:26:04.309879" elapsed="0.067961"/>
</kw>
<kw name="Select And Check Option">
<kw name="Select From List By Value" owner="SeleniumLibrary">
<msg time="2026-04-20T11:26:04.378182" level="INFO">Selecting options from selection list 'select1' by value С.</msg>
<arg>${dropdown_id}</arg>
<arg>${option}</arg>
<doc>Selects options from selection list ``locator`` by ``values``.</doc>
<status status="PASS" start="2026-04-20T11:26:04.378083" elapsed="0.038922"/>
</kw>
<kw name="Get Selected List Value" owner="SeleniumLibrary">
<msg time="2026-04-20T11:26:04.444583" level="INFO">${selected_value} = С</msg>
<var>${selected_value}</var>
<arg>${dropdown_id}</arg>
<doc>Returns the value of selected option from selection list ``locator``.</doc>
<status status="PASS" start="2026-04-20T11:26:04.417102" elapsed="0.027507"/>
</kw>
<kw name="Should Be Equal As Strings" owner="BuiltIn">
<arg>${selected_value}</arg>
<arg>${option}</arg>
<doc>Fails if objects are unequal after converting them to strings.</doc>
<status status="PASS" start="2026-04-20T11:26:04.444693" elapsed="0.000186"/>
</kw>
<arg>${dropdown_id}</arg>
<arg>${blue_option}</arg>
<status status="PASS" start="2026-04-20T11:26:04.377937" elapsed="0.066980"/>
</kw>
<var name="${dropdown_id}">select1</var>
<status status="PASS" start="2026-04-20T11:26:04.183728" elapsed="0.261211"/>
</iter>
<iter>
<kw name="Check Dropdown Options">
<kw name="Get List Items" owner="SeleniumLibrary">
<msg time="2026-04-20T11:26:04.483852" level="INFO">${options} = ['Выбери', 'К', 'З', 'С']</msg>
<var>${options}</var>
<arg>xpath=//select[@id='${dropdown_id}']</arg>
<doc>Returns all labels or values of selection list ``locator``.</doc>
<status status="PASS" start="2026-04-20T11:26:04.445221" elapsed="0.038655"/>
</kw>
<kw name="Should Contain" owner="BuiltIn">
<arg>${options}</arg>
<arg>${select_option}</arg>
<doc>Fails if ``container`` does not contain ``item`` one or more times.</doc>
<status status="PASS" start="2026-04-20T11:26:04.483947" elapsed="0.000190"/>
</kw>
<kw name="Should Contain" owner="BuiltIn">
<arg>${options}</arg>
<arg>${red_option}</arg>
<doc>Fails if ``container`` does not contain ``item`` one or more times.</doc>
<status status="PASS" start="2026-04-20T11:26:04.484194" elapsed="0.000133"/>
</kw>
<kw name="Should Contain" owner="BuiltIn">
<arg>${options}</arg>
<arg>${green_option}</arg>
<doc>Fails if ``container`` does not contain ``item`` one or more times.</doc>
<status status="PASS" start="2026-04-20T11:26:04.484378" elapsed="0.000113"/>
</kw>
<kw name="Should Contain" owner="BuiltIn">
<arg>${options}</arg>
<arg>${blue_option}</arg>
<doc>Fails if ``container`` does not contain ``item`` one or more times.</doc>
<status status="PASS" start="2026-04-20T11:26:04.484537" elapsed="0.000109"/>
</kw>
<arg>${dropdown_id}</arg>
<status status="PASS" start="2026-04-20T11:26:04.445098" elapsed="0.039581"/>
</kw>
<kw name="Select And Check Option">
<kw name="Select From List By Value" owner="SeleniumLibrary">
<msg time="2026-04-20T11:26:04.484960" level="INFO">Selecting options from selection list 'select2' by value К.</msg>
<arg>${dropdown_id}</arg>
<arg>${option}</arg>
<doc>Selects options from selection list ``locator`` by ``values``.</doc>
<status status="PASS" start="2026-04-20T11:26:04.484873" elapsed="0.040278"/>
</kw>
<kw name="Get Selected List Value" owner="SeleniumLibrary">
<msg time="2026-04-20T11:26:04.543858" level="INFO">${selected_value} = К</msg>
<var>${selected_value}</var>
<arg>${dropdown_id}</arg>
<doc>Returns the value of selected option from selection list ``locator``.</doc>
<status status="PASS" start="2026-04-20T11:26:04.525262" elapsed="0.018621"/>
</kw>
<kw name="Should Be Equal As Strings" owner="BuiltIn">
<arg>${selected_value}</arg>
<arg>${option}</arg>
<doc>Fails if objects are unequal after converting them to strings.</doc>
<status status="PASS" start="2026-04-20T11:26:04.543958" elapsed="0.000171"/>
</kw>
<arg>${dropdown_id}</arg>
<arg>${red_option}</arg>
<status status="PASS" start="2026-04-20T11:26:04.484747" elapsed="0.059421"/>
</kw>
<kw name="Select And Check Option">
<kw name="Select From List By Value" owner="SeleniumLibrary">
<msg time="2026-04-20T11:26:04.544462" level="INFO">Selecting options from selection list 'select2' by value З.</msg>
<arg>${dropdown_id}</arg>
<arg>${option}</arg>
<doc>Selects options from selection list ``locator`` by ``values``.</doc>
<status status="PASS" start="2026-04-20T11:26:04.544375" elapsed="0.024572"/>
</kw>
<kw name="Get Selected List Value" owner="SeleniumLibrary">
<msg time="2026-04-20T11:26:04.597330" level="INFO">${selected_value} = З</msg>
<var>${selected_value}</var>
<arg>${dropdown_id}</arg>
<doc>Returns the value of selected option from selection list ``locator``.</doc>
<status status="PASS" start="2026-04-20T11:26:04.569041" elapsed="0.028315"/>
</kw>
<kw name="Should Be Equal As Strings" owner="BuiltIn">
<arg>${selected_value}</arg>
<arg>${option}</arg>
<doc>Fails if objects are unequal after converting them to strings.</doc>
<status status="PASS" start="2026-04-20T11:26:04.597435" elapsed="0.000176"/>
</kw>
<arg>${dropdown_id}</arg>
<arg>${green_option}</arg>
<status status="PASS" start="2026-04-20T11:26:04.544245" elapsed="0.053403"/>
</kw>
<kw name="Select And Check Option">
<kw name="Select From List By Value" owner="SeleniumLibrary">
<msg time="2026-04-20T11:26:04.597947" level="INFO">Selecting options from selection list 'select2' by value С.</msg>
<arg>${dropdown_id}</arg>
<arg>${option}</arg>
<doc>Selects options from selection list ``locator`` by ``values``.</doc>
<status status="PASS" start="2026-04-20T11:26:04.597857" elapsed="0.029331"/>
</kw>
<kw name="Get Selected List Value" owner="SeleniumLibrary">
<msg time="2026-04-20T11:26:04.662929" level="INFO">${selected_value} = С</msg>
<var>${selected_value}</var>
<arg>${dropdown_id}</arg>
<doc>Returns the value of selected option from selection list ``locator``.</doc>
<status status="PASS" start="2026-04-20T11:26:04.627382" elapsed="0.035572"/>
</kw>
<kw name="Should Be Equal As Strings" owner="BuiltIn">
<arg>${selected_value}</arg>
<arg>${option}</arg>
<doc>Fails if objects are unequal after converting them to strings.</doc>
<status status="PASS" start="2026-04-20T11:26:04.663024" elapsed="0.000174"/>
</kw>
<arg>${dropdown_id}</arg>
<arg>${blue_option}</arg>
<status status="PASS" start="2026-04-20T11:26:04.597725" elapsed="0.065512"/>
</kw>
<var name="${dropdown_id}">select2</var>
<status status="PASS" start="2026-04-20T11:26:04.445028" elapsed="0.218230"/>
</iter>
<iter>
<kw name="Check Dropdown Options">
<kw name="Get List Items" owner="SeleniumLibrary">
<msg time="2026-04-20T11:26:04.708602" level="INFO">${options} = ['Выбери', 'К', 'З', 'С']</msg>
<var>${options}</var>
<arg>xpath=//select[@id='${dropdown_id}']</arg>
<doc>Returns all labels or values of selection list ``locator``.</doc>
<status status="PASS" start="2026-04-20T11:26:04.665849" elapsed="0.042781"/>
</kw>
<kw name="Should Contain" owner="BuiltIn">
<arg>${options}</arg>
<arg>${select_option}</arg>
<doc>Fails if ``container`` does not contain ``item`` one or more times.</doc>
<status status="PASS" start="2026-04-20T11:26:04.708712" elapsed="0.000201"/>
</kw>
<kw name="Should Contain" owner="BuiltIn">
<arg>${options}</arg>
<arg>${red_option}</arg>
<doc>Fails if ``container`` does not contain ``item`` one or more times.</doc>
<status status="PASS" start="2026-04-20T11:26:04.708972" elapsed="0.000122"/>
</kw>
<kw name="Should Contain" owner="BuiltIn">
<arg>${options}</arg>
<arg>${green_option}</arg>
<doc>Fails if ``container`` does not contain ``item`` one or more times.</doc>
<status status="PASS" start="2026-04-20T11:26:04.709141" elapsed="0.000109"/>
</kw>
<kw name="Should Contain" owner="BuiltIn">
<arg>${options}</arg>
<arg>${blue_option}</arg>
<doc>Fails if ``container`` does not contain ``item`` one or more times.</doc>
<status status="PASS" start="2026-04-20T11:26:04.709295" elapsed="0.000108"/>
</kw>
<arg>${dropdown_id}</arg>
<status status="PASS" start="2026-04-20T11:26:04.663393" elapsed="0.046044"/>
</kw>
<kw name="Select And Check Option">
<kw name="Select From List By Value" owner="SeleniumLibrary">
<msg time="2026-04-20T11:26:04.709710" level="INFO">Selecting options from selection list 'select3' by value К.</msg>
<arg>${dropdown_id}</arg>
<arg>${option}</arg>
<doc>Selects options from selection list ``locator`` by ``values``.</doc>
<status status="PASS" start="2026-04-20T11:26:04.709627" elapsed="0.031717"/>
</kw>
<kw name="Get Selected List Value" owner="SeleniumLibrary">
<msg time="2026-04-20T11:26:04.761217" level="INFO">${selected_value} = К</msg>
<var>${selected_value}</var>
<arg>${dropdown_id}</arg>
<doc>Returns the value of selected option from selection list ``locator``.</doc>
<status status="PASS" start="2026-04-20T11:26:04.741446" elapsed="0.019823"/>
</kw>
<kw name="Should Be Equal As Strings" owner="BuiltIn">
<arg>${selected_value}</arg>
<arg>${option}</arg>
<doc>Fails if objects are unequal after converting them to strings.</doc>
<status status="PASS" start="2026-04-20T11:26:04.761422" elapsed="0.000397"/>
</kw>
<arg>${dropdown_id}</arg>
<arg>${red_option}</arg>
<status status="PASS" start="2026-04-20T11:26:04.709507" elapsed="0.052404"/>
</kw>
<kw name="Select And Check Option">
<kw name="Select From List By Value" owner="SeleniumLibrary">
<msg time="2026-04-20T11:26:04.762602" level="INFO">Selecting options from selection list 'select3' by value З.</msg>
<arg>${dropdown_id}</arg>
<arg>${option}</arg>
<doc>Selects options from selection list ``locator`` by ``values``.</doc>
<status status="PASS" start="2026-04-20T11:26:04.762394" elapsed="0.025195"/>
</kw>
<kw name="Get Selected List Value" owner="SeleniumLibrary">
<msg time="2026-04-20T11:26:04.809206" level="INFO">${selected_value} = З</msg>
<var>${selected_value}</var>
<arg>${dropdown_id}</arg>
<doc>Returns the value of selected option from selection list ``locator``.</doc>
<status status="PASS" start="2026-04-20T11:26:04.787868" elapsed="0.021363"/>
</kw>
<kw name="Should Be Equal As Strings" owner="BuiltIn">
<arg>${selected_value}</arg>
<arg>${option}</arg>
<doc>Fails if objects are unequal after converting them to strings.</doc>
<status status="PASS" start="2026-04-20T11:26:04.809303" elapsed="0.000175"/>
</kw>
<arg>${dropdown_id}</arg>
<arg>${green_option}</arg>
<status status="PASS" start="2026-04-20T11:26:04.762082" elapsed="0.047434"/>
</kw>
<kw name="Select And Check Option">
<kw name="Select From List By Value" owner="SeleniumLibrary">
<msg time="2026-04-20T11:26:04.809812" level="INFO">Selecting options from selection list 'select3' by value С.</msg>
<arg>${dropdown_id}</arg>
<arg>${option}</arg>
<doc>Selects options from selection list ``locator`` by ``values``.</doc>
<status status="PASS" start="2026-04-20T11:26:04.809722" elapsed="0.028301"/>
</kw>
<kw name="Get Selected List Value" owner="SeleniumLibrary">
<msg time="2026-04-20T11:26:04.869096" level="INFO">${selected_value} = С</msg>
<var>${selected_value}</var>
<arg>${dropdown_id}</arg>
<doc>Returns the value of selected option from selection list ``locator``.</doc>
<status status="PASS" start="2026-04-20T11:26:04.838124" elapsed="0.031264"/>
</kw>
<kw name="Should Be Equal As Strings" owner="BuiltIn">
<arg>${selected_value}</arg>
<arg>${option}</arg>
<doc>Fails if objects are unequal after converting them to strings.</doc>
<status status="PASS" start="2026-04-20T11:26:04.870145" elapsed="0.000842"/>
</kw>
<arg>${dropdown_id}</arg>
<arg>${blue_option}</arg>
<status status="PASS" start="2026-04-20T11:26:04.809594" elapsed="0.061575"/>
</kw>
<var name="${dropdown_id}">select3</var>
<status status="PASS" start="2026-04-20T11:26:04.663326" elapsed="0.207940"/>
</iter>
<var>${dropdown_id}</var>
<value>@{dropdown_ids}</value>
<status status="PASS" start="2026-04-20T11:26:04.183498" elapsed="0.687876"/>
</for>
<kw name="Close Browser" owner="SeleniumLibrary">
<doc>Closes the current browser.</doc>
<status status="PASS" start="2026-04-20T11:26:04.871945" elapsed="2.088113"/>
</kw>
<status status="PASS" start="2026-04-20T11:25:57.381043" elapsed="9.580540"/>
</test>
<test id="s1-t6" name="Check Color Buttons Options - Test 6" line="102">
<kw name="Open Browser" owner="SeleniumLibrary">
<msg time="2026-04-20T11:26:06.963856" level="INFO">Opening browser 'Chrome' to base url 'https://enchanting-dango-f1fff3.netlify.app'.</msg>
<arg>https://enchanting-dango-f1fff3.netlify.app</arg>
<arg>Chrome</arg>
<doc>Opens a new browser instance to the optional ``url``.</doc>
<status status="PASS" start="2026-04-20T11:26:06.963565" elapsed="5.812207"/>
</kw>
<kw name="Get Text" owner="SeleniumLibrary">
<msg time="2026-04-20T11:26:12.791821" level="INFO">${k_button_text} = К</msg>
<var>${k_button_text}</var>
<arg>id=${k_button_id}</arg>
<doc>Returns the text value of the element identified by ``locator``.</doc>
<status status="PASS" start="2026-04-20T11:26:12.775988" elapsed="0.015868"/>
</kw>
<kw name="Should Be Equal As Strings" owner="BuiltIn">
<arg>${k_button_text}</arg>
<arg>К</arg>
<doc>Fails if objects are unequal after converting them to strings.</doc>
<status status="PASS" start="2026-04-20T11:26:12.792136" elapsed="0.000276"/>
</kw>
<kw name="Get Text" owner="SeleniumLibrary">
<msg time="2026-04-20T11:26:12.804606" level="INFO">${z_button_text} = З</msg>
<var>${z_button_text}</var>
<arg>id=${z_button_id}</arg>
<doc>Returns the text value of the element identified by ``locator``.</doc>
<status status="PASS" start="2026-04-20T11:26:12.792527" elapsed="0.012102"/>
</kw>
<kw name="Should Be Equal As Strings" owner="BuiltIn">
<arg>${z_button_text}</arg>
<arg>З</arg>
<doc>Fails if objects are unequal after converting them to strings.</doc>
<status status="PASS" start="2026-04-20T11:26:12.804794" elapsed="0.000222"/>
</kw>
<kw name="Get Text" owner="SeleniumLibrary">
<msg time="2026-04-20T11:26:12.815794" level="INFO">${s_button_text} = С</msg>
<var>${s_button_text}</var>
<arg>id=${s_button_id}</arg>
<doc>Returns the text value of the element identified by ``locator``.</doc>
<status status="PASS" start="2026-04-20T11:26:12.805189" elapsed="0.010633"/>
</kw>
<kw name="Should Be Equal As Strings" owner="BuiltIn">
<arg>${s_button_text}</arg>
<arg>С</arg>
<doc>Fails if objects are unequal after converting them to strings.</doc>
<status status="PASS" start="2026-04-20T11:26:12.815997" elapsed="0.000188"/>
</kw>
<kw name="Click Green Button Multiple Times">
<for flavor="IN RANGE">
<iter>
<kw name="Click Element" owner="SeleniumLibrary">
<msg time="2026-04-20T11:26:12.816708" level="INFO">Clicking element 'id=greenButton'.</msg>
<arg>${green_button_id}</arg>
<doc>Click the element identified by ``locator``.</doc>
<status status="PASS" start="2026-04-20T11:26:12.816610" elapsed="0.043016"/>
</kw>
<var name="${index}">0</var>
<status status="PASS" start="2026-04-20T11:26:12.816559" elapsed="0.043129"/>
</iter>
<var>${index}</var>
<value>${times}</value>
<status status="PASS" start="2026-04-20T11:26:12.816453" elapsed="0.043784"/>
</for>
<arg>1</arg>
<status status="PASS" start="2026-04-20T11:26:12.816345" elapsed="0.043970"/>
</kw>
<kw name="Click Blue Button Multiple Times">
<for flavor="IN RANGE">
<iter>
<kw name="Click Element" owner="SeleniumLibrary">
<msg time="2026-04-20T11:26:12.861577" level="INFO">Clicking element 'id=blueButton'.</msg>
<arg>${blue_button_id}</arg>
<doc>Click the element identified by ``locator``.</doc>
<status status="PASS" start="2026-04-20T11:26:12.861461" elapsed="0.031885"/>
</kw>
<var name="${index}">0</var>
<status status="PASS" start="2026-04-20T11:26:12.861392" elapsed="0.032381"/>
</iter>
<var>${index}</var>
<value>${times}</value>
<status status="PASS" start="2026-04-20T11:26:12.861273" elapsed="0.032559"/>
</for>
<arg>1</arg>
<status status="PASS" start="2026-04-20T11:26:12.861100" elapsed="0.032819"/>
</kw>
<kw name="Click Red Button Multiple Times">
<for flavor="IN RANGE">
<iter>
<kw name="Click Element" owner="SeleniumLibrary">
<msg time="2026-04-20T11:26:12.897805" level="INFO">Clicking element 'id=redButton'.</msg>
<arg>${red_button_id}</arg>
<doc>Click the element identified by ``locator``.</doc>
<status status="PASS" start="2026-04-20T11:26:12.897210" elapsed="0.041084"/>
</kw>
<var name="${index}">0</var>
<status status="PASS" start="2026-04-20T11:26:12.896915" elapsed="0.041443"/>
</iter>
<var>${index}</var>
<value>${times}</value>
<status status="PASS" start="2026-04-20T11:26:12.896329" elapsed="0.042061"/>
</for>
<arg>1</arg>
<status status="PASS" start="2026-04-20T11:26:12.895499" elapsed="0.042941"/>
</kw>
<kw name="Get Text" owner="SeleniumLibrary">
<msg time="2026-04-20T11:26:12.946719" level="INFO">${subsequence} = З
С
К</msg>
<var>${subsequence}</var>
<arg>id:output</arg>
<doc>Returns the text value of the element identified by ``locator``.</doc>
<status status="PASS" start="2026-04-20T11:26:12.938638" elapsed="0.008106"/>
</kw>
<kw name="Replace String" owner="String">
<msg time="2026-04-20T11:26:12.947017" level="INFO">${cleaned_subsequence} = З С К</msg>
<var>${cleaned_subsequence}</var>
<arg>${subsequence}</arg>
<arg>\n</arg>
<arg>${SPACE}</arg>
<doc>Replaces ``search_for`` in the given ``string`` with ``replace_with``.</doc>
<status status="PASS" start="2026-04-20T11:26:12.946879" elapsed="0.000153"/>
</kw>
<kw name="Should Be Equal As Strings" owner="BuiltIn">
<arg>${cleaned_subsequence}</arg>
<arg>З С К</arg>
<doc>Fails if objects are unequal after converting them to strings.</doc>
<status status="PASS" start="2026-04-20T11:26:12.947143" elapsed="0.000156"/>
</kw>
<kw name="Close Browser" owner="SeleniumLibrary">
<doc>Closes the current browser.</doc>
<status status="PASS" start="2026-04-20T11:26:12.947394" elapsed="2.072169"/>
</kw>
<status status="PASS" start="2026-04-20T11:26:06.962728" elapsed="8.057399"/>
</test>
<test id="s1-t7" name="Check Sequence Options - Test 7" line="126">
<kw name="Open Browser" owner="SeleniumLibrary">
<msg time="2026-04-20T11:26:15.021755" level="INFO">Opening browser 'Chrome' to base url 'https://enchanting-dango-f1fff3.netlify.app'.</msg>
<arg>https://enchanting-dango-f1fff3.netlify.app</arg>
<arg>Chrome</arg>
<doc>Opens a new browser instance to the optional ``url``.</doc>
<status status="PASS" start="2026-04-20T11:26:15.021319" elapsed="3.828989"/>
</kw>
<kw name="Get Text" owner="SeleniumLibrary">
<msg time="2026-04-20T11:26:18.869133" level="INFO">${subsequence} = </msg>
<var>${subsequence}</var>
<arg>id:output</arg>
<doc>Returns the text value of the element identified by ``locator``.</doc>
<status status="PASS" start="2026-04-20T11:26:18.850626" elapsed="0.018535"/>
</kw>
<kw name="Should Be Empty" owner="BuiltIn">
<msg time="2026-04-20T11:26:18.869815" level="INFO">Length is 0.</msg>
<arg>${subsequence}</arg>
<doc>Verifies that the given item is empty.</doc>
<status status="PASS" start="2026-04-20T11:26:18.869435" elapsed="0.000439"/>
</kw>
<kw name="Get Element Attribute" owner="SeleniumLibrary">
<msg time="2026-04-20T11:26:18.878018" level="INFO">${attr} = None</msg>
<var>${attr}</var>
<arg>id=output</arg>
<arg>contenteditable</arg>
<doc>Returns the value of ``attribute`` from the element ``locator``.</doc>
<status status="PASS" start="2026-04-20T11:26:18.870096" elapsed="0.007944"/>
</kw>
<kw name="Should Be Equal" owner="BuiltIn">
<arg>${attr}</arg>
<arg>${None}</arg>
<doc>Fails if the given objects are unequal.</doc>
<status status="PASS" start="2026-04-20T11:26:18.878217" elapsed="0.000249"/>
</kw>
<kw name="Close Browser" owner="SeleniumLibrary">
<doc>Closes the current browser.</doc>
<status status="PASS" start="2026-04-20T11:26:18.878603" elapsed="2.077012"/>
</kw>
<status status="PASS" start="2026-04-20T11:26:15.020736" elapsed="5.936312"/>
</test>
<test id="s1-t8" name="Check Color of Sequence - Test 8" line="140">
<kw name="Open Browser" owner="SeleniumLibrary">
<msg time="2026-04-20T11:26:20.963271" level="INFO">Opening browser 'Chrome' to base url 'https://enchanting-dango-f1fff3.netlify.app'.</msg>
<arg>https://enchanting-dango-f1fff3.netlify.app</arg>
<arg>Chrome</arg>
<doc>Opens a new browser instance to the optional ``url``.</doc>
<status status="PASS" start="2026-04-20T11:26:20.962126" elapsed="3.288260"/>
</kw>
<kw name="Select From List By Value" owner="SeleniumLibrary">
<msg time="2026-04-20T11:26:24.250841" level="INFO">Selecting options from selection list 'id:select1' by value К.</msg>
<arg>id:select1</arg>
<arg>К</arg>
<doc>Selects options from selection list ``locator`` by ``values``.</doc>
<status status="PASS" start="2026-04-20T11:26:24.250675" elapsed="0.042477"/>
</kw>
<kw name="Select From List By Value" owner="SeleniumLibrary">
<msg time="2026-04-20T11:26:24.293661" level="INFO">Selecting options from selection list 'id:select2' by value С.</msg>
<arg>id:select2</arg>
<arg>С</arg>
<doc>Selects options from selection list ``locator`` by ``values``.</doc>
<status status="PASS" start="2026-04-20T11:26:24.293448" elapsed="0.033943"/>
</kw>
<kw name="Select From List By Value" owner="SeleniumLibrary">
<msg time="2026-04-20T11:26:24.327742" level="INFO">Selecting options from selection list 'id:select3' by value З.</msg>
<arg>id:select3</arg>
<arg>З</arg>
<doc>Selects options from selection list ``locator`` by ``values``.</doc>
<status status="PASS" start="2026-04-20T11:26:24.327608" elapsed="0.048599"/>
</kw>
<kw name="Click Green Button Multiple Times">
<for flavor="IN RANGE">
<iter>
<kw name="Click Element" owner="SeleniumLibrary">
<msg time="2026-04-20T11:26:24.377398" level="INFO">Clicking element 'id=greenButton'.</msg>
<arg>${green_button_id}</arg>
<doc>Click the element identified by ``locator``.</doc>
<status status="PASS" start="2026-04-20T11:26:24.377196" elapsed="0.045894"/>
</kw>
<var name="${index}">0</var>
<status status="PASS" start="2026-04-20T11:26:24.377086" elapsed="0.046150"/>
</iter>
<var>${index}</var>
<value>${times}</value>
<status status="PASS" start="2026-04-20T11:26:24.376869" elapsed="0.046403"/>
</for>
<arg>1</arg>
<status status="PASS" start="2026-04-20T11:26:24.376588" elapsed="0.046738"/>
</kw>
<kw name="Click Blue Button Multiple Times">
<for flavor="IN RANGE">
<iter>
<kw name="Click Element" owner="SeleniumLibrary">
<msg time="2026-04-20T11:26:24.424155" level="INFO">Clicking element 'id=blueButton'.</msg>
<arg>${blue_button_id}</arg>
<doc>Click the element identified by ``locator``.</doc>
<status status="PASS" start="2026-04-20T11:26:24.424026" elapsed="0.057608"/>
</kw>
<var name="${index}">0</var>
<status status="PASS" start="2026-04-20T11:26:24.423949" elapsed="0.057762"/>
</iter>
<var>${index}</var>
<value>${times}</value>
<status status="PASS" start="2026-04-20T11:26:24.423816" elapsed="0.057928"/>
</for>
<arg>1</arg>
<status status="PASS" start="2026-04-20T11:26:24.423647" elapsed="0.058152"/>
</kw>
<kw name="Click Red Button Multiple Times">
<for flavor="IN RANGE">
<iter>
<kw name="Click Element" owner="SeleniumLibrary">
<msg time="2026-04-20T11:26:24.482859" level="INFO">Clicking element 'id=redButton'.</msg>
<arg>${red_button_id}</arg>
<doc>Click the element identified by ``locator``.</doc>
<status status="PASS" start="2026-04-20T11:26:24.482667" elapsed="0.036994"/>
</kw>
<var name="${index}">0</var>
<status status="PASS" start="2026-04-20T11:26:24.482562" elapsed="0.037157"/>
</iter>
<var>${index}</var>
<value>${times}</value>
<status status="PASS" start="2026-04-20T11:26:24.482376" elapsed="0.037375"/>
</for>
<arg>1</arg>
<status status="PASS" start="2026-04-20T11:26:24.482132" elapsed="0.037670"/>
</kw>
<kw name="Get Element Attribute" owner="SeleniumLibrary">
<msg time="2026-04-20T11:26:24.531499" level="INFO">${class} = text-red-500 font-mediuam</msg>
<var>${class}</var>
<arg>xpath=//div[@id='output']/span[.='К'][1]</arg>
<arg>class</arg>
<doc>Returns the value of ``attribute`` from the element ``locator``.</doc>
<status status="PASS" start="2026-04-20T11:26:24.520018" elapsed="0.011511"/>
</kw>
<kw name="Should Contain" owner="BuiltIn">
<arg>${class}</arg>
<arg>text-red-500</arg>
<doc>Fails if ``container`` does not contain ``item`` one or more times.</doc>
<status status="PASS" start="2026-04-20T11:26:24.531799" elapsed="0.000255"/>
</kw>
<kw name="Get Element Attribute" owner="SeleniumLibrary">
<msg time="2026-04-20T11:26:24.545869" level="INFO">${class} = text-blue-500 font-mediuam</msg>
<var>${class}</var>
<arg>xpath=//div[@id='output']/span[.='С'][1]</arg>
<arg>class</arg>
<doc>Returns the value of ``attribute`` from the element ``locator``.</doc>
<status status="PASS" start="2026-04-20T11:26:24.532284" elapsed="0.013641"/>
</kw>
<kw name="Should Contain" owner="BuiltIn">
<arg>${class}</arg>
<arg>text-blue-500</arg>
<doc>Fails if ``container`` does not contain ``item`` one or more times.</doc>
<status status="PASS" start="2026-04-20T11:26:24.546459" elapsed="0.000521"/>
</kw>
<kw name="Get Element Attribute" owner="SeleniumLibrary">
<msg time="2026-04-20T11:26:24.555456" level="INFO">${class} = text-green-500 font-mediuam</msg>
<var>${class}</var>
<arg>xpath=//div[@id='output']/span[.='З'][1]</arg>
<arg>class</arg>
<doc>Returns the value of ``attribute`` from the element ``locator``.</doc>
<status status="PASS" start="2026-04-20T11:26:24.547313" elapsed="0.008166"/>
</kw>
<kw name="Should Contain" owner="BuiltIn">
<arg>${class}</arg>
<arg>text-green-500</arg>
<doc>Fails if ``container`` does not contain ``item`` one or more times.</doc>
<status status="PASS" start="2026-04-20T11:26:24.555663" elapsed="0.000168"/>
</kw>
<kw name="Close Browser" owner="SeleniumLibrary">
<doc>Closes the current browser.</doc>
<status status="PASS" start="2026-04-20T11:26:24.556230" elapsed="2.082367"/>
</kw>
<status status="PASS" start="2026-04-20T11:26:20.959696" elapsed="5.680456"/>
</test>
<test id="s1-t9" name="Check Sort Button Options - Test 9" line="162">
<kw name="Open Browser" owner="SeleniumLibrary">
<msg time="2026-04-20T11:26:26.643541" level="INFO">Opening browser 'Chrome' to base url 'https://enchanting-dango-f1fff3.netlify.app'.</msg>
<arg>https://enchanting-dango-f1fff3.netlify.app</arg>
<arg>Chrome</arg>
<doc>Opens a new browser instance to the optional ``url``.</doc>
<status status="PASS" start="2026-04-20T11:26:26.643088" elapsed="3.825352"/>
</kw>
<kw name="Get Text" owner="SeleniumLibrary">
<msg time="2026-04-20T11:26:30.482956" level="INFO">${sort_button_text} = Сортировать</msg>
<var>${sort_button_text}</var>
<arg>id=${sort_button_id}</arg>
<doc>Returns the text value of the element identified by ``locator``.</doc>
<status status="PASS" start="2026-04-20T11:26:30.468876" elapsed="0.014108"/>
</kw>
<kw name="Should Be Equal As Strings" owner="BuiltIn">
<arg>${sort_button_text}</arg>
<arg>Сортировать</arg>
<doc>Fails if objects are unequal after converting them to strings.</doc>
<status status="PASS" start="2026-04-20T11:26:30.483214" elapsed="0.000218"/>
</kw>
<kw name="Select From List By Value" owner="SeleniumLibrary">
<msg time="2026-04-20T11:26:30.483708" level="INFO">Selecting options from selection list 'id:select1' by value С.</msg>
<arg>id:select1</arg>
<arg>С</arg>
<doc>Selects options from selection list ``locator`` by ``values``.</doc>
<status status="PASS" start="2026-04-20T11:26:30.483620" elapsed="0.035737"/>
</kw>
<kw name="Select From List By Value" owner="SeleniumLibrary">
<msg time="2026-04-20T11:26:30.519707" level="INFO">Selecting options from selection list 'id:select2' by value К.</msg>
<arg>id:select2</arg>
<arg>К</arg>
<doc>Selects options from selection list ``locator`` by ``values``.</doc>
<status status="PASS" start="2026-04-20T11:26:30.519574" elapsed="0.035535"/>
</kw>
<kw name="Click Green Button Multiple Times">
<for flavor="IN RANGE">
<iter>
<kw name="Click Element" owner="SeleniumLibrary">
<msg time="2026-04-20T11:26:30.555964" level="INFO">Clicking element 'id=greenButton'.</msg>
<arg>${green_button_id}</arg>
<doc>Click the element identified by ``locator``.</doc>
<status status="PASS" start="2026-04-20T11:26:30.555814" elapsed="0.051384"/>
</kw>
<var name="${index}">0</var>
<status status="PASS" start="2026-04-20T11:26:30.555731" elapsed="0.051524"/>
</iter>
<var>${index}</var>
<value>${times}</value>
<status status="PASS" start="2026-04-20T11:26:30.555577" elapsed="0.051709"/>
</for>
<arg>1</arg>
<status status="PASS" start="2026-04-20T11:26:30.555399" elapsed="0.051942"/>
</kw>
<kw name="Click Blue Button Multiple Times">
<for flavor="IN RANGE">
<iter>
<kw name="Click Element" owner="SeleniumLibrary">
<msg time="2026-04-20T11:26:30.608780" level="INFO">Clicking element 'id=blueButton'.</msg>
<arg>${blue_button_id}</arg>
<doc>Click the element identified by ``locator``.</doc>
<status status="PASS" start="2026-04-20T11:26:30.608671" elapsed="0.042371"/>
</kw>
<var name="${index}">0</var>
<status status="PASS" start="2026-04-20T11:26:30.608608" elapsed="0.042509"/>
</iter>
<var>${index}</var>
<value>${times}</value>
<status status="PASS" start="2026-04-20T11:26:30.608496" elapsed="0.042664"/>
</for>
<arg>1</arg>
<status status="PASS" start="2026-04-20T11:26:30.608272" elapsed="0.042955"/>
</kw>
<kw name="Click Red Button Multiple Times">
<for flavor="IN RANGE">
<iter>
<kw name="Click Element" owner="SeleniumLibrary">
<msg time="2026-04-20T11:26:30.652029" level="INFO">Clicking element 'id=redButton'.</msg>
<arg>${red_button_id}</arg>
<doc>Click the element identified by ``locator``.</doc>
<status status="PASS" start="2026-04-20T11:26:30.651883" elapsed="0.057167"/>
</kw>
<var name="${index}">0</var>
<status status="PASS" start="2026-04-20T11:26:30.651805" elapsed="0.057302"/>
</iter>
<var>${index}</var>
<value>${times}</value>
<status status="PASS" start="2026-04-20T11:26:30.651665" elapsed="0.057497"/>
</for>
<arg>1</arg>
<status status="PASS" start="2026-04-20T11:26:30.651492" elapsed="0.057808"/>
</kw>
<kw name="Click Button" owner="SeleniumLibrary">
<msg time="2026-04-20T11:26:30.710044" level="INFO">Clicking button 'id=sendDataButton'.</msg>
<arg>id=${sort_button_id}</arg>
<doc>Clicks the button identified by ``locator``.</doc>
<status status="PASS" start="2026-04-20T11:26:30.709679" elapsed="0.051721"/>
</kw>
<kw name="Get Text" owner="SeleniumLibrary">
<msg time="2026-04-20T11:26:30.774509" level="INFO">${text_result} = </msg>
<var>${text_result}</var>
<arg>id:result</arg>
<doc>Returns the text value of the element identified by ``locator``.</doc>
<status status="PASS" start="2026-04-20T11:26:30.761818" elapsed="0.012720"/>
</kw>
<kw name="Replace String" owner="String">
<msg time="2026-04-20T11:26:30.774909" level="INFO">${cleaned_result} = </msg>
<var>${cleaned_result}</var>
<arg>${text_result}</arg>
<arg>\n</arg>
<arg>${SPACE}</arg>
<doc>Replaces ``search_for`` in the given ``string`` with ``replace_with``.</doc>
<status status="PASS" start="2026-04-20T11:26:30.774736" elapsed="0.000191"/>
</kw>
<kw name="Log" owner="BuiltIn">
<msg time="2026-04-20T11:26:30.775204" level="INFO"/>
<arg>${cleaned_result}</arg>
<doc>Logs the given message with the given level.</doc>
<status status="PASS" start="2026-04-20T11:26:30.775049" elapsed="0.000176"/>
</kw>
<kw name="Should Be Equal As Strings" owner="BuiltIn">
<msg time="2026-04-20T11:26:30.775483" level="FAIL"> != С К</msg>
<arg>${cleaned_result}</arg>
<arg>С К</arg>
<doc>Fails if objects are unequal after converting them to strings.</doc>
<status status="FAIL" start="2026-04-20T11:26:30.775318" elapsed="0.000219"> != С К</status>
</kw>
<kw name="Fail" owner="BuiltIn">
<arg>Known issue: result may be incorrect due to Bug #5430</arg>
<doc>Fails the test with the given message and optionally alters its tags.</doc>
<status status="NOT RUN" start="2026-04-20T11:26:30.775654" elapsed="0.000014"/>
</kw>
<kw name="Close Browser" owner="SeleniumLibrary">
<doc>Closes the current browser.</doc>
<status status="NOT RUN" start="2026-04-20T11:26:30.775766" elapsed="0.000013"/>
</kw>
<status status="FAIL" start="2026-04-20T11:26:26.641916" elapsed="4.133983"> != С К</status>
</test>
<test id="s1-t10" name="Check Result Options - Test 10" line="191">
<kw name="Open Browser" owner="SeleniumLibrary">
<msg time="2026-04-20T11:26:30.776852" level="INFO">Opening browser 'Chrome' to base url 'https://enchanting-dango-f1fff3.netlify.app'.</msg>
<arg>https://enchanting-dango-f1fff3.netlify.app</arg>
<arg>Chrome</arg>
<doc>Opens a new browser instance to the optional ``url``.</doc>
<status status="PASS" start="2026-04-20T11:26:30.776772" elapsed="4.051894"/>
</kw>
<kw name="Get Text" owner="SeleniumLibrary">
<msg time="2026-04-20T11:26:34.846405" level="INFO">${result} = </msg>
<var>${result}</var>
<arg>id:output</arg>
<doc>Returns the text value of the element identified by ``locator``.</doc>
<status status="PASS" start="2026-04-20T11:26:34.829163" elapsed="0.017272"/>
</kw>
<kw name="Should Be Empty" owner="BuiltIn">
<msg time="2026-04-20T11:26:34.846992" level="INFO">Length is 0.</msg>
<arg>${result}</arg>
<doc>Verifies that the given item is empty.</doc>
<status status="PASS" start="2026-04-20T11:26:34.846703" elapsed="0.000331"/>
</kw>
<kw name="Get Element Attribute" owner="SeleniumLibrary">
<msg time="2026-04-20T11:26:34.855505" level="INFO">${attr} = None</msg>
<var>${attr}</var>
<arg>id=output</arg>
<arg>contenteditable</arg>
<doc>Returns the value of ``attribute`` from the element ``locator``.</doc>
<status status="PASS" start="2026-04-20T11:26:34.847223" elapsed="0.008305"/>
</kw>
<kw name="Should Be Equal" owner="BuiltIn">
<arg>${attr}</arg>
<arg>${None}</arg>
<doc>Fails if the given objects are unequal.</doc>
<status status="PASS" start="2026-04-20T11:26:34.856368" elapsed="0.000172"/>
</kw>
<kw name="Close Browser" owner="SeleniumLibrary">
<doc>Closes the current browser.</doc>
<status status="PASS" start="2026-04-20T11:26:34.856725" elapsed="2.084020"/>
</kw>
<status status="PASS" start="2026-04-20T11:26:30.776604" elapsed="6.165786"/>
</test>
<test id="s1-t11" name="Check Color of Result - Test 11" line="205">
<kw name="Open Browser" owner="SeleniumLibrary">
<msg time="2026-04-20T11:26:36.947766" level="INFO">Opening browser 'Chrome' to base url 'https://enchanting-dango-f1fff3.netlify.app'.</msg>
<arg>https://enchanting-dango-f1fff3.netlify.app</arg>
<arg>Chrome</arg>
<doc>Opens a new browser instance to the optional ``url``.</doc>
<status status="PASS" start="2026-04-20T11:26:36.947202" elapsed="3.799897"/>
</kw>
<kw name="Select From List By Value" owner="SeleniumLibrary">
<msg time="2026-04-20T11:26:40.747573" level="INFO">Selecting options from selection list 'id:select1' by value З.</msg>
<arg>id:select1</arg>
<arg>З</arg>
<doc>Selects options from selection list ``locator`` by ``values``.</doc>
<status status="PASS" start="2026-04-20T11:26:40.747438" elapsed="0.036529"/>
</kw>
<kw name="Select From List By Value" owner="SeleniumLibrary">
<msg time="2026-04-20T11:26:40.784287" level="INFO">Selecting options from selection list 'id:select2' by value К.</msg>
<arg>id:select2</arg>
<arg>К</arg>
<doc>Selects options from selection list ``locator`` by ``values``.</doc>
<status status="PASS" start="2026-04-20T11:26:40.784162" elapsed="0.031032"/>
</kw>
<kw name="Select From List By Value" owner="SeleniumLibrary">
<msg time="2026-04-20T11:26:40.815547" level="INFO">Selecting options from selection list 'id:select3' by value С.</msg>
<arg>id:select3</arg>
<arg>С</arg>
<doc>Selects options from selection list ``locator`` by ``values``.</doc>
<status status="PASS" start="2026-04-20T11:26:40.815416" elapsed="0.031213"/>
</kw>
<kw name="Click Red Button Multiple Times">
<for flavor="IN RANGE">
<iter>
<kw name="Click Element" owner="SeleniumLibrary">
<msg time="2026-04-20T11:26:40.847307" level="INFO">Clicking element 'id=redButton'.</msg>
<arg>${red_button_id}</arg>
<doc>Click the element identified by ``locator``.</doc>
<status status="PASS" start="2026-04-20T11:26:40.847196" elapsed="0.042556"/>
</kw>
<var name="${index}">0</var>
<status status="PASS" start="2026-04-20T11:26:40.847136" elapsed="0.042675"/>
</iter>
<var>${index}</var>
<value>${times}</value>
<status status="PASS" start="2026-04-20T11:26:40.847033" elapsed="0.042809"/>
</for>
<arg>1</arg>
<status status="PASS" start="2026-04-20T11:26:40.846890" elapsed="0.043005"/>
</kw>
<kw name="Click Green Button Multiple Times">
<for flavor="IN RANGE">
<iter>
<kw name="Click Element" owner="SeleniumLibrary">
<msg time="2026-04-20T11:26:40.890603" level="INFO">Clicking element 'id=greenButton'.</msg>
<arg>${green_button_id}</arg>
<doc>Click the element identified by ``locator``.</doc>
<status status="PASS" start="2026-04-20T11:26:40.890499" elapsed="0.036688"/>
</kw>
<var name="${index}">0</var>
<status status="PASS" start="2026-04-20T11:26:40.890440" elapsed="0.036806"/>
</iter>
<var>${index}</var>
<value>${times}</value>
<status status="PASS" start="2026-04-20T11:26:40.890337" elapsed="0.036939"/>
</for>
<arg>1</arg>
<status status="PASS" start="2026-04-20T11:26:40.890201" elapsed="0.037128"/>
</kw>
<kw name="Click Blue Button Multiple Times">
<for flavor="IN RANGE">
<iter>
<kw name="Click Element" owner="SeleniumLibrary">
<msg time="2026-04-20T11:26:40.927979" level="INFO">Clicking element 'id=blueButton'.</msg>
<arg>${blue_button_id}</arg>
<doc>Click the element identified by ``locator``.</doc>
<status status="PASS" start="2026-04-20T11:26:40.927874" elapsed="0.034518"/>
</kw>
<var name="${index}">0</var>
<status status="PASS" start="2026-04-20T11:26:40.927816" elapsed="0.034631"/>
</iter>
<var>${index}</var>
<value>${times}</value>
<status status="PASS" start="2026-04-20T11:26:40.927711" elapsed="0.034766"/>
</for>
<arg>1</arg>
<status status="PASS" start="2026-04-20T11:26:40.927567" elapsed="0.034958"/>
</kw>
<kw name="Click Button" owner="SeleniumLibrary">
<msg time="2026-04-20T11:26:40.962948" level="INFO">Clicking button 'id=sendDataButton'.</msg>
<arg>id=${sort_button_id}</arg>
<doc>Clicks the button identified by ``locator``.</doc>
<status status="PASS" start="2026-04-20T11:26:40.962700" elapsed="0.039854"/>
</kw>
<kw name="Get WebElements" owner="SeleniumLibrary">
<msg time="2026-04-20T11:26:41.007650" level="INFO">${elements} = []</msg>
<var>${elements}</var>
<arg>xpath=//div[@id='result']/span</arg>
<doc>Returns a list of WebElement objects matching the ``locator``.</doc>
<status status="PASS" start="2026-04-20T11:26:41.002784" elapsed="0.004894"/>
</kw>
<for flavor="IN">
<iter>
<kw name="Get Text" owner="SeleniumLibrary">
<var>${text}</var>
<arg>${el}</arg>
<doc>Returns the text value of the element identified by ``locator``.</doc>
<status status="NOT RUN" start="2026-04-20T11:26:41.008086" elapsed="0.000019"/>
</kw>
<kw name="Get Element Attribute" owner="SeleniumLibrary">
<var>${class}</var>
<arg>${el}</arg>
<arg>class</arg>
<doc>Returns the value of ``attribute`` from the element ``locator``.</doc>
<status status="NOT RUN" start="2026-04-20T11:26:41.008157" elapsed="0.000028"/>
</kw>
<if>
<branch type="IF" condition="'${text}' == 'З'">
<kw name="Should Contain" owner="BuiltIn">
<arg>${class}</arg>
<arg>text-green-500</arg>
<doc>Fails if ``container`` does not contain ``item`` one or more times.</doc>
<status status="NOT RUN" start="2026-04-20T11:26:41.008329" elapsed="0.000013"/>
</kw>
<status status="NOT RUN" start="2026-04-20T11:26:41.008265" elapsed="0.000097"/>
</branch>
<status status="NOT RUN" start="2026-04-20T11:26:41.008248" elapsed="0.000136"/>
</if>
<if>
<branch type="IF" condition="'${text}' == 'К'">
<kw name="Should Contain" owner="BuiltIn">
<arg>${class}</arg>
<arg>text-red-500</arg>
<doc>Fails if ``container`` does not contain ``item`` one or more times.</doc>
<status status="NOT RUN" start="2026-04-20T11:26:41.008453" elapsed="0.000013"/>
</kw>
<status status="NOT RUN" start="2026-04-20T11:26:41.008410" elapsed="0.000075"/>
</branch>
<status status="NOT RUN" start="2026-04-20T11:26:41.008402" elapsed="0.000098"/>
</if>
<if>
<branch type="IF" condition="'${text}' == 'С'">
<kw name="Should Contain" owner="BuiltIn">
<arg>${class}</arg>
<arg>text-blue-500</arg>
<doc>Fails if ``container`` does not contain ``item`` one or more times.</doc>
<status status="NOT RUN" start="2026-04-20T11:26:41.008558" elapsed="0.000011"/>
</kw>
<status status="NOT RUN" start="2026-04-20T11:26:41.008521" elapsed="0.000065"/>
</branch>
<status status="NOT RUN" start="2026-04-20T11:26:41.008515" elapsed="0.000084"/>
</if>
<var name="${el}"/>
<status status="NOT RUN" start="2026-04-20T11:26:41.008015" elapsed="0.000593"/>
</iter>
<var>${el}</var>
<value>@{elements}</value>
<status status="NOT RUN" start="2026-04-20T11:26:41.007861" elapsed="0.000764"/>
</for>
<kw name="Close Browser" owner="SeleniumLibrary">
<doc>Closes the current browser.</doc>
<status status="PASS" start="2026-04-20T11:26:41.008722" elapsed="2.085780"/>
</kw>
<status status="PASS" start="2026-04-20T11:26:36.945645" elapsed="6.149334"/>
</test>
<test id="s1-t12" name="Check Clear Button Options - Test 12" line="242">
<kw name="Open Browser" owner="SeleniumLibrary">
<msg time="2026-04-20T11:26:43.095954" level="INFO">Opening browser 'Chrome' to base url 'https://enchanting-dango-f1fff3.netlify.app'.</msg>
<arg>https://enchanting-dango-f1fff3.netlify.app</arg>
<arg>Chrome</arg>
<doc>Opens a new browser instance to the optional ``url``.</doc>
<status status="PASS" start="2026-04-20T11:26:43.095816" elapsed="4.022695"/>
</kw>
<kw name="Get Text" owner="SeleniumLibrary">
<msg time="2026-04-20T11:26:47.130262" level="INFO">${clear_button_text} = Очистить</msg>
<var>${clear_button_text}</var>
<arg>id=${clear_button_id}</arg>
<doc>Returns the text value of the element identified by ``locator``.</doc>
<status status="PASS" start="2026-04-20T11:26:47.118769" elapsed="0.011523"/>
</kw>
<kw name="Should Be Equal As Strings" owner="BuiltIn">
<arg>${clear_button_text}</arg>
<arg>Очистить</arg>
<doc>Fails if objects are unequal after converting them to strings.</doc>
<status status="PASS" start="2026-04-20T11:26:47.130552" elapsed="0.000333"/>
</kw>
<kw name="Select From List By Value" owner="SeleniumLibrary">
<msg time="2026-04-20T11:26:47.131237" level="INFO">Selecting options from selection list 'id:select1' by value К.</msg>
<arg>id:select1</arg>
<arg>К</arg>
<doc>Selects options from selection list ``locator`` by ``values``.</doc>
<status status="PASS" start="2026-04-20T11:26:47.131096" elapsed="0.036814"/>
</kw>
<kw name="Select From List By Value" owner="SeleniumLibrary">
<msg time="2026-04-20T11:26:47.168305" level="INFO">Selecting options from selection list 'id:select2' by value С.</msg>
<arg>id:select2</arg>
<arg>С</arg>
<doc>Selects options from selection list ``locator`` by ``values``.</doc>
<status status="PASS" start="2026-04-20T11:26:47.168168" elapsed="0.027778"/>
</kw>
<kw name="Select From List By Value" owner="SeleniumLibrary">
<msg time="2026-04-20T11:26:47.196379" level="INFO">Selecting options from selection list 'id:select3' by value З.</msg>
<arg>id:select3</arg>
<arg>З</arg>
<doc>Selects options from selection list ``locator`` by ``values``.</doc>
<status status="PASS" start="2026-04-20T11:26:47.196206" elapsed="0.026377"/>
</kw>
<kw name="Click Green Button Multiple Times">
<for flavor="IN RANGE">
<iter>
<kw name="Click Element" owner="SeleniumLibrary">
<msg time="2026-04-20T11:26:47.223603" level="INFO">Clicking element 'id=greenButton'.</msg>
<arg>${green_button_id}</arg>
<doc>Click the element identified by ``locator``.</doc>
<status status="PASS" start="2026-04-20T11:26:47.223422" elapsed="0.031916"/>
</kw>
<var name="${index}">0</var>
<status status="PASS" start="2026-04-20T11:26:47.223316" elapsed="0.032083"/>
</iter>
<iter>
<kw name="Click Element" owner="SeleniumLibrary">
<msg time="2026-04-20T11:26:47.255694" level="INFO">Clicking element 'id=greenButton'.</msg>
<arg>${green_button_id}</arg>
<doc>Click the element identified by ``locator``.</doc>
<status status="PASS" start="2026-04-20T11:26:47.255566" elapsed="0.024067"/>
</kw>
<var name="${index}">1</var>
<status status="PASS" start="2026-04-20T11:26:47.255489" elapsed="0.024202"/>
</iter>
<var>${index}</var>
<value>${times}</value>
<status status="PASS" start="2026-04-20T11:26:47.223128" elapsed="0.056595"/>
</for>
<arg>2</arg>
<status status="PASS" start="2026-04-20T11:26:47.222910" elapsed="0.056864"/>
</kw>
<kw name="Click Blue Button Multiple Times">
<for flavor="IN RANGE">
<iter>
<kw name="Click Element" owner="SeleniumLibrary">
<msg time="2026-04-20T11:26:47.280788" level="INFO">Clicking element 'id=blueButton'.</msg>
<arg>${blue_button_id}</arg>
<doc>Click the element identified by ``locator``.</doc>
<status status="PASS" start="2026-04-20T11:26:47.280598" elapsed="0.037504"/>
</kw>
<var name="${index}">0</var>
<status status="PASS" start="2026-04-20T11:26:47.280515" elapsed="0.037676"/>
</iter>
<var>${index}</var>
<value>${times}</value>
<status status="PASS" start="2026-04-20T11:26:47.280348" elapsed="0.037884"/>
</for>
<arg>1</arg>
<status status="PASS" start="2026-04-20T11:26:47.280108" elapsed="0.038198"/>
</kw>
<kw name="Click Red Button Multiple Times">
<for flavor="IN RANGE">
<iter>
<kw name="Click Element" owner="SeleniumLibrary">
<msg time="2026-04-20T11:26:47.318994" level="INFO">Clicking element 'id=redButton'.</msg>
<arg>${red_button_id}</arg>
<doc>Click the element identified by ``locator``.</doc>
<status status="PASS" start="2026-04-20T11:26:47.318882" elapsed="0.027692"/>
</kw>
<var name="${index}">0</var>
<status status="PASS" start="2026-04-20T11:26:47.318822" elapsed="0.027837"/>
</iter>
<iter>
<kw name="Click Element" owner="SeleniumLibrary">
<msg time="2026-04-20T11:26:47.347112" level="INFO">Clicking element 'id=redButton'.</msg>
<arg>${red_button_id}</arg>
<doc>Click the element identified by ``locator``.</doc>
<status status="PASS" start="2026-04-20T11:26:47.346893" elapsed="0.020807"/>
</kw>
<var name="${index}">1</var>
<status status="PASS" start="2026-04-20T11:26:47.346793" elapsed="0.020998"/>
</iter>
<iter>
<kw name="Click Element" owner="SeleniumLibrary">
<msg time="2026-04-20T11:26:47.368083" level="INFO">Clicking element 'id=redButton'.</msg>
<arg>${red_button_id}</arg>
<doc>Click the element identified by ``locator``.</doc>
<status status="PASS" start="2026-04-20T11:26:47.367956" elapsed="0.020512"/>
</kw>
<var name="${index}">2</var>
<status status="PASS" start="2026-04-20T11:26:47.367884" elapsed="0.020642"/>
</iter>
<var>${index}</var>
<value>${times}</value>
<status status="PASS" start="2026-04-20T11:26:47.318713" elapsed="0.069845"/>
</for>
<arg>3</arg>
<status status="PASS" start="2026-04-20T11:26:47.318565" elapsed="0.070043"/>
</kw>
<kw name="Click Button" owner="SeleniumLibrary">
<msg time="2026-04-20T11:26:47.389193" level="INFO">Clicking button 'id=sendDataButton'.</msg>
<arg>id=${sort_button_id}</arg>
<doc>Clicks the button identified by ``locator``.</doc>
<status status="PASS" start="2026-04-20T11:26:47.388947" elapsed="0.031565"/>
</kw>
<kw name="Click Button" owner="SeleniumLibrary">
<msg time="2026-04-20T11:26:47.421093" level="INFO">Clicking button 'id=clearButton'.</msg>
<arg>id=${clear_button_id}</arg>
<doc>Clicks the button identified by ``locator``.</doc>
<status status="PASS" start="2026-04-20T11:26:47.420813" elapsed="0.029493"/>
</kw>
<kw name="Get Selected List Label" owner="SeleniumLibrary">
<msg time="2026-04-20T11:26:47.469850" level="INFO">${selected} = Выбери</msg>
<var>${selected}</var>
<arg>id:select1</arg>
<doc>Returns the label of selected option from selection list ``locator``.</doc>
<status status="PASS" start="2026-04-20T11:26:47.450586" elapsed="0.019310"/>
</kw>
<kw name="Should Be Equal As Strings" owner="BuiltIn">
<arg>${selected}</arg>
<arg>Выбери</arg>
<doc>Fails if objects are unequal after converting them to strings.</doc>
<status status="PASS" start="2026-04-20T11:26:47.470172" elapsed="0.000239"/>
</kw>
<kw name="Get Selected List Label" owner="SeleniumLibrary">
<msg time="2026-04-20T11:26:47.488045" level="INFO">${selected} = Выбери</msg>
<var>${selected}</var>
<arg>id:select2</arg>
<doc>Returns the label of selected option from selection list ``locator``.</doc>
<status status="PASS" start="2026-04-20T11:26:47.470557" elapsed="0.017526"/>
</kw>
<kw name="Should Be Equal As Strings" owner="BuiltIn">
<arg>${selected}</arg>
<arg>Выбери</arg>
<doc>Fails if objects are unequal after converting them to strings.</doc>
<status status="PASS" start="2026-04-20T11:26:47.488323" elapsed="0.000215"/>
</kw>
<kw name="Get Selected List Label" owner="SeleniumLibrary">
<msg time="2026-04-20T11:26:47.506314" level="INFO">${selected} = Выбери</msg>
<var>${selected}</var>
<arg>id:select3</arg>
<doc>Returns the label of selected option from selection list ``locator``.</doc>
<status status="PASS" start="2026-04-20T11:26:47.488692" elapsed="0.017679"/>
</kw>
<kw name="Should Be Equal As Strings" owner="BuiltIn">
<arg>${selected}</arg>
<arg>Выбери</arg>
<doc>Fails if objects are unequal after converting them to strings.</doc>
<status status="PASS" start="2026-04-20T11:26:47.506601" elapsed="0.000223"/>
</kw>
<kw name="Get Text" owner="SeleniumLibrary">
<msg time="2026-04-20T11:26:47.514866" level="INFO">${subsequence} = </msg>
<var>${subsequence}</var>
<arg>id:output</arg>
<doc>Returns the text value of the element identified by ``locator``.</doc>
<status status="PASS" start="2026-04-20T11:26:47.507104" elapsed="0.007817"/>
</kw>
<kw name="Should Be Empty" owner="BuiltIn">
<msg time="2026-04-20T11:26:47.515348" level="INFO">Length is 0.</msg>
<arg>${subsequence}</arg>
<doc>Verifies that the given item is empty.</doc>
<status status="PASS" start="2026-04-20T11:26:47.515134" elapsed="0.000242"/>
</kw>
<kw name="Get Text" owner="SeleniumLibrary">
<msg time="2026-04-20T11:26:47.525300" level="INFO">${text_result} = </msg>
<var>${text_result}</var>
<arg>id:result</arg>
<doc>Returns the text value of the element identified by ``locator``.</doc>
<status status="PASS" start="2026-04-20T11:26:47.515553" elapsed="0.009782"/>
</kw>
<kw name="Should Be Empty" owner="BuiltIn">
<msg time="2026-04-20T11:26:47.525785" level="INFO">Length is 0.</msg>
<arg>${text_result}</arg>
<doc>Verifies that the given item is empty.</doc>
<status status="PASS" start="2026-04-20T11:26:47.525529" elapsed="0.000301"/>
</kw>
<kw name="Close Browser" owner="SeleniumLibrary">
<doc>Closes the current browser.</doc>
<status status="PASS" start="2026-04-20T11:26:47.525977" elapsed="2.074415"/>
</kw>
<status status="PASS" start="2026-04-20T11:26:43.095534" elapsed="6.506675"/>
</test>
<test id="s1-t13" name="Check Sorting Rule - Test 13" line="280">
<kw name="Open Browser" owner="SeleniumLibrary">
<msg time="2026-04-20T11:26:49.605406" level="INFO">Opening browser 'Chrome' to base url 'https://enchanting-dango-f1fff3.netlify.app'.</msg>
<arg>https://enchanting-dango-f1fff3.netlify.app</arg>
<arg>Chrome</arg>
<doc>Opens a new browser instance to the optional ``url``.</doc>
<status status="PASS" start="2026-04-20T11:26:49.604933" elapsed="3.789851"/>
</kw>
<kw name="Select From List By Value" owner="SeleniumLibrary">
<msg time="2026-04-20T11:26:53.397262" level="INFO">Selecting options from selection list 'id:select1' by value К.</msg>
<arg>id:select1</arg>
<arg>К</arg>
<doc>Selects options from selection list ``locator`` by ``values``.</doc>
<status status="PASS" start="2026-04-20T11:26:53.396664" elapsed="0.047471"/>
</kw>
<kw name="Select From List By Value" owner="SeleniumLibrary">
<msg time="2026-04-20T11:26:53.444613" level="INFO">Selecting options from selection list 'id:select2' by value З.</msg>
<arg>id:select2</arg>
<arg>З</arg>
<doc>Selects options from selection list ``locator`` by ``values``.</doc>
<status status="PASS" start="2026-04-20T11:26:53.444458" elapsed="0.034868"/>
</kw>
<kw name="Select From List By Value" owner="SeleniumLibrary">
<msg time="2026-04-20T11:26:53.479698" level="INFO">Selecting options from selection list 'id:select3' by value С.</msg>
<arg>id:select3</arg>
<arg>С</arg>
<doc>Selects options from selection list ``locator`` by ``values``.</doc>
<status status="PASS" start="2026-04-20T11:26:53.479552" elapsed="0.040916"/>
</kw>
<kw name="Click Blue Button Multiple Times">
<for flavor="IN RANGE">
<iter>
<kw name="Click Element" owner="SeleniumLibrary">
<msg time="2026-04-20T11:26:53.521299" level="INFO">Clicking element 'id=blueButton'.</msg>
<arg>${blue_button_id}</arg>
<doc>Click the element identified by ``locator``.</doc>
<status status="PASS" start="2026-04-20T11:26:53.521171" elapsed="0.042086"/>
</kw>
<var name="${index}">0</var>
<status status="PASS" start="2026-04-20T11:26:53.521100" elapsed="0.042215"/>
</iter>
<iter>
<kw name="Click Element" owner="SeleniumLibrary">
<msg time="2026-04-20T11:26:53.563614" level="INFO">Clicking element 'id=blueButton'.</msg>
<arg>${blue_button_id}</arg>
<doc>Click the element identified by ``locator``.</doc>
<status status="PASS" start="2026-04-20T11:26:53.563489" elapsed="0.035017"/>
</kw>
<var name="${index}">1</var>
<status status="PASS" start="2026-04-20T11:26:53.563417" elapsed="0.035376"/>
</iter>
<var>${index}</var>
<value>${times}</value>
<status status="PASS" start="2026-04-20T11:26:53.520971" elapsed="0.078077"/>
</for>
<arg>2</arg>
<status status="PASS" start="2026-04-20T11:26:53.520787" elapsed="0.078555"/>
</kw>
<kw name="Click Red Button Multiple Times">
<for flavor="IN RANGE">
<iter>
<kw name="Click Element" owner="SeleniumLibrary">
<msg time="2026-04-20T11:26:53.600284" level="INFO">Clicking element 'id=redButton'.</msg>
<arg>${red_button_id}</arg>
<doc>Click the element identified by ``locator``.</doc>
<status status="PASS" start="2026-04-20T11:26:53.600169" elapsed="0.040610"/>
</kw>
<var name="${index}">0</var>
<status status="PASS" start="2026-04-20T11:26:53.600108" elapsed="0.040730"/>
</iter>
<iter>
<kw name="Click Element" owner="SeleniumLibrary">
<msg time="2026-04-20T11:26:53.641178" level="INFO">Clicking element 'id=redButton'.</msg>
<arg>${red_button_id}</arg>
<doc>Click the element identified by ``locator``.</doc>
<status status="PASS" start="2026-04-20T11:26:53.641002" elapsed="0.030428"/>
</kw>
<var name="${index}">1</var>
<status status="PASS" start="2026-04-20T11:26:53.640930" elapsed="0.030554"/>
</iter>
<iter>
<kw name="Click Element" owner="SeleniumLibrary">
<msg time="2026-04-20T11:26:53.671754" level="INFO">Clicking element 'id=redButton'.</msg>
<arg>${red_button_id}</arg>
<doc>Click the element identified by ``locator``.</doc>
<status status="PASS" start="2026-04-20T11:26:53.671634" elapsed="0.030098"/>
</kw>
<var name="${index}">2</var>
<status status="PASS" start="2026-04-20T11:26:53.671567" elapsed="0.030213"/>
</iter>
<iter>
<kw name="Click Element" owner="SeleniumLibrary">
<msg time="2026-04-20T11:26:53.702024" level="INFO">Clicking element 'id=redButton'.</msg>
<arg>${red_button_id}</arg>
<doc>Click the element identified by ``locator``.</doc>
<status status="PASS" start="2026-04-20T11:26:53.701917" elapsed="0.042192"/>
</kw>
<var name="${index}">3</var>
<status status="PASS" start="2026-04-20T11:26:53.701856" elapsed="0.042308"/>
</iter>
<var>${index}</var>
<value>${times}</value>
<status status="PASS" start="2026-04-20T11:26:53.599998" elapsed="0.144196"/>
</for>
<arg>4</arg>
<status status="PASS" start="2026-04-20T11:26:53.599850" elapsed="0.144395"/>
</kw>
<kw name="Click Green Button Multiple Times">
<for flavor="IN RANGE">
<iter>
<kw name="Click Element" owner="SeleniumLibrary">
<msg time="2026-04-20T11:26:53.745319" level="INFO">Clicking element 'id=greenButton'.</msg>
<arg>${green_button_id}</arg>
<doc>Click the element identified by ``locator``.</doc>
<status status="PASS" start="2026-04-20T11:26:53.745214" elapsed="0.042915"/>
</kw>
<var name="${index}">0</var>
<status status="PASS" start="2026-04-20T11:26:53.745150" elapsed="0.043037"/>
</iter>
<iter>
<kw name="Click Element" owner="SeleniumLibrary">
<msg time="2026-04-20T11:26:53.788476" level="INFO">Clicking element 'id=greenButton'.</msg>
<arg>${green_button_id}</arg>
<doc>Click the element identified by ``locator``.</doc>
<status status="PASS" start="2026-04-20T11:26:53.788349" elapsed="0.026741"/>
</kw>
<var name="${index}">1</var>
<status status="PASS" start="2026-04-20T11:26:53.788277" elapsed="0.026863"/>
</iter>
<iter>
<kw name="Click Element" owner="SeleniumLibrary">
<msg time="2026-04-20T11:26:53.815393" level="INFO">Clicking element 'id=greenButton'.</msg>
<arg>${green_button_id}</arg>
<doc>Click the element identified by ``locator``.</doc>
<status status="PASS" start="2026-04-20T11:26:53.815281" elapsed="0.030158"/>
</kw>
<var name="${index}">2</var>
<status status="PASS" start="2026-04-20T11:26:53.815219" elapsed="0.030272"/>
</iter>
<iter>
<kw name="Click Element" owner="SeleniumLibrary">
<msg time="2026-04-20T11:26:53.845747" level="INFO">Clicking element 'id=greenButton'.</msg>
<arg>${green_button_id}</arg>
<doc>Click the element identified by ``locator``.</doc>
<status status="PASS" start="2026-04-20T11:26:53.845633" elapsed="0.022956"/>
</kw>
<var name="${index}">3</var>
<status status="PASS" start="2026-04-20T11:26:53.845569" elapsed="0.023066"/>
</iter>
<iter>
<kw name="Click Element" owner="SeleniumLibrary">
<msg time="2026-04-20T11:26:53.868871" level="INFO">Clicking element 'id=greenButton'.</msg>
<arg>${green_button_id}</arg>
<doc>Click the element identified by ``locator``.</doc>
<status status="PASS" start="2026-04-20T11:26:53.868765" elapsed="0.032690"/>
</kw>
<var name="${index}">4</var>
<status status="PASS" start="2026-04-20T11:26:53.868707" elapsed="0.032799"/>
</iter>
<var>${index}</var>
<value>${times}</value>
<status status="PASS" start="2026-04-20T11:26:53.745030" elapsed="0.156505"/>
</for>
<arg>5</arg>
<status status="PASS" start="2026-04-20T11:26:53.744741" elapsed="0.156842"/>
</kw>
<kw name="Click Red Button Multiple Times">
<for flavor="IN RANGE">
<iter>
<kw name="Click Element" owner="SeleniumLibrary">
<msg time="2026-04-20T11:26:53.903296" level="INFO">Clicking element 'id=redButton'.</msg>
<arg>${red_button_id}</arg>
<doc>Click the element identified by ``locator``.</doc>
<status status="PASS" start="2026-04-20T11:26:53.903050" elapsed="0.026714"/>
</kw>
<var name="${index}">0</var>
<status status="PASS" start="2026-04-20T11:26:53.902914" elapsed="0.026907"/>
</iter>
<var>${index}</var>
<value>${times}</value>
<status status="PASS" start="2026-04-20T11:26:53.902585" elapsed="0.027264"/>
</for>
<arg>1</arg>
<status status="PASS" start="2026-04-20T11:26:53.902110" elapsed="0.027789"/>
</kw>
<kw name="Click Button" owner="SeleniumLibrary">
<msg time="2026-04-20T11:26:53.930289" level="INFO">Clicking button 'id=sendDataButton'.</msg>
<arg>id=sendDataButton</arg>
<doc>Clicks the button identified by ``locator``.</doc>
<status status="PASS" start="2026-04-20T11:26:53.930117" elapsed="0.036017"/>
</kw>
<kw name="Sleep" owner="BuiltIn">
<msg time="2026-04-20T11:26:56.968313" level="INFO">Slept 3 seconds.</msg>
<arg>3 seconds</arg>
<doc>Pauses the test executed for the given time.</doc>
<status status="PASS" start="2026-04-20T11:26:53.967223" elapsed="3.001374"/>
</kw>
<kw name="Get Text" owner="SeleniumLibrary">
<msg time="2026-04-20T11:26:56.993465" level="INFO">${text_result} = К
К
К
К
К
З
З
З
З
З
С
С</msg>
<var>${text_result}</var>
<arg>id:result</arg>
<doc>Returns the text value of the element identified by ``locator``.</doc>
<status status="PASS" start="2026-04-20T11:26:56.970332" elapsed="0.023163"/>
</kw>
<kw name="Replace String" owner="String">
<msg time="2026-04-20T11:26:56.995235" level="INFO">${cleaned_result} = К К К К К З З З З З С С</msg>
<var>${cleaned_result}</var>
<arg>${text_result}</arg>
<arg>\n</arg>
<arg>${SPACE}</arg>
<doc>Replaces ``search_for`` in the given ``string`` with ``replace_with``.</doc>
<status status="PASS" start="2026-04-20T11:26:56.994194" elapsed="0.001239"/>
</kw>
<kw name="Log" owner="BuiltIn">
<msg time="2026-04-20T11:26:56.997136" level="INFO">К К К К К З З З З З С С</msg>
<arg>${cleaned_result}</arg>
<doc>Logs the given message with the given level.</doc>
<status status="PASS" start="2026-04-20T11:26:56.996281" elapsed="0.000939"/>
</kw>
<kw name="Should Be Equal As Strings" owner="BuiltIn">
<arg>${cleaned_result}</arg>
<arg>К К К К К З З З З З С С</arg>
<doc>Fails if objects are unequal after converting them to strings.</doc>
<status status="PASS" start="2026-04-20T11:26:56.997606" elapsed="0.000451"/>
</kw>
<kw name="Close Browser" owner="SeleniumLibrary">
<doc>Closes the current browser.</doc>
<status status="PASS" start="2026-04-20T11:26:56.998384" elapsed="2.101675"/>
</kw>
<status status="PASS" start="2026-04-20T11:26:49.603875" elapsed="9.496420"/>
</test>
<test id="s1-t14" name="Check Hight Loaded Sorting - Test 14" line="302">
<kw name="Open Browser" owner="SeleniumLibrary">
<msg time="2026-04-20T11:26:59.100939" level="INFO">Opening browser 'Chrome' to base url 'https://enchanting-dango-f1fff3.netlify.app'.</msg>
<arg>https://enchanting-dango-f1fff3.netlify.app</arg>
<arg>Chrome</arg>
<doc>Opens a new browser instance to the optional ``url``.</doc>
<status status="PASS" start="2026-04-20T11:26:59.100797" elapsed="4.531512"/>
</kw>
<kw name="Select From List By Value" owner="SeleniumLibrary">
<msg time="2026-04-20T11:27:03.632930" level="INFO">Selecting options from selection list 'id:select1' by value З.</msg>
<arg>id:select1</arg>
<arg>З</arg>
<doc>Selects options from selection list ``locator`` by ``values``.</doc>
<status status="PASS" start="2026-04-20T11:27:03.632733" elapsed="0.041854"/>
</kw>
<kw name="Select From List By Value" owner="SeleniumLibrary">
<msg time="2026-04-20T11:27:03.675007" level="INFO">Selecting options from selection list 'id:select2' by value К.</msg>
<arg>id:select2</arg>
<arg>К</arg>
<doc>Selects options from selection list ``locator`` by ``values``.</doc>
<status status="PASS" start="2026-04-20T11:27:03.674840" elapsed="0.039468"/>
</kw>
<kw name="Select From List By Value" owner="SeleniumLibrary">
<msg time="2026-04-20T11:27:03.714852" level="INFO">Selecting options from selection list 'id:select3' by value С.</msg>
<arg>id:select3</arg>
<arg>С</arg>
<doc>Selects options from selection list ``locator`` by ``values``.</doc>
<status status="PASS" start="2026-04-20T11:27:03.714689" elapsed="0.040116"/>
</kw>
<kw name="Click Blue Button Multiple Times">
<for flavor="IN RANGE">
<iter>
<kw name="Click Element" owner="SeleniumLibrary">
<msg time="2026-04-20T11:27:03.755505" level="INFO">Clicking element 'id=blueButton'.</msg>
<arg>${blue_button_id}</arg>
<doc>Click the element identified by ``locator``.</doc>
<status status="PASS" start="2026-04-20T11:27:03.755394" elapsed="0.047878"/>
</kw>
<var name="${index}">0</var>
<status status="PASS" start="2026-04-20T11:27:03.755332" elapsed="0.047999"/>
</iter>
<iter>
<kw name="Click Element" owner="SeleniumLibrary">
<msg time="2026-04-20T11:27:03.803618" level="INFO">Clicking element 'id=blueButton'.</msg>
<arg>${blue_button_id}</arg>
<doc>Click the element identified by ``locator``.</doc>
<status status="PASS" start="2026-04-20T11:27:03.803491" elapsed="0.026193"/>
</kw>
<var name="${index}">1</var>
<status status="PASS" start="2026-04-20T11:27:03.803419" elapsed="0.026323"/>
</iter>
<iter>
<kw name="Click Element" owner="SeleniumLibrary">
<msg time="2026-04-20T11:27:03.830050" level="INFO">Clicking element 'id=blueButton'.</msg>
<arg>${blue_button_id}</arg>
<doc>Click the element identified by ``locator``.</doc>
<status status="PASS" start="2026-04-20T11:27:03.829905" elapsed="0.029282"/>
</kw>
<var name="${index}">2</var>
<status status="PASS" start="2026-04-20T11:27:03.829830" elapsed="0.029405"/>
</iter>
<iter>
<kw name="Click Element" owner="SeleniumLibrary">
<msg time="2026-04-20T11:27:03.859494" level="INFO">Clicking element 'id=blueButton'.</msg>
<arg>${blue_button_id}</arg>
<doc>Click the element identified by ``locator``.</doc>
<status status="PASS" start="2026-04-20T11:27:03.859381" elapsed="0.029339"/>
</kw>
<var name="${index}">3</var>
<status status="PASS" start="2026-04-20T11:27:03.859316" elapsed="0.029456"/>
</iter>
<iter>
<kw name="Click Element" owner="SeleniumLibrary">
<msg time="2026-04-20T11:27:03.889033" level="INFO">Clicking element 'id=blueButton'.</msg>
<arg>${blue_button_id}</arg>
<doc>Click the element identified by ``locator``.</doc>
<status status="PASS" start="2026-04-20T11:27:03.888919" elapsed="0.027058"/>
</kw>
<var name="${index}">4</var>
<status status="PASS" start="2026-04-20T11:27:03.888855" elapsed="0.027167"/>
</iter>
<iter>
<kw name="Click Element" owner="SeleniumLibrary">
<msg time="2026-04-20T11:27:03.916267" level="INFO">Clicking element 'id=blueButton'.</msg>
<arg>${blue_button_id}</arg>
<doc>Click the element identified by ``locator``.</doc>
<status status="PASS" start="2026-04-20T11:27:03.916158" elapsed="0.034192"/>
</kw>
<var name="${index}">5</var>
<status status="PASS" start="2026-04-20T11:27:03.916096" elapsed="0.034305"/>
</iter>
<iter>
<kw name="Click Element" owner="SeleniumLibrary">
<msg time="2026-04-20T11:27:03.950678" level="INFO">Clicking element 'id=blueButton'.</msg>
<arg>${blue_button_id}</arg>
<doc>Click the element identified by ``locator``.</doc>
<status status="PASS" start="2026-04-20T11:27:03.950556" elapsed="0.025309"/>
</kw>
<var name="${index}">6</var>
<status status="PASS" start="2026-04-20T11:27:03.950484" elapsed="0.025427"/>
</iter>
<iter>
<kw name="Click Element" owner="SeleniumLibrary">
<msg time="2026-04-20T11:27:03.976153" level="INFO">Clicking element 'id=blueButton'.</msg>
<arg>${blue_button_id}</arg>
<doc>Click the element identified by ``locator``.</doc>
<status status="PASS" start="2026-04-20T11:27:03.976046" elapsed="0.026944"/>
</kw>
<var name="${index}">7</var>
<status status="PASS" start="2026-04-20T11:27:03.975986" elapsed="0.027049"/>
</iter>
<iter>
<kw name="Click Element" owner="SeleniumLibrary">
<msg time="2026-04-20T11:27:04.003266" level="INFO">Clicking element 'id=blueButton'.</msg>
<arg>${blue_button_id}</arg>
<doc>Click the element identified by ``locator``.</doc>
<status status="PASS" start="2026-04-20T11:27:04.003162" elapsed="0.026655"/>
</kw>
<var name="${index}">8</var>
<status status="PASS" start="2026-04-20T11:27:04.003105" elapsed="0.026760"/>
</iter>
<iter>
<kw name="Click Element" owner="SeleniumLibrary">
<msg time="2026-04-20T11:27:04.030117" level="INFO">Clicking element 'id=blueButton'.</msg>
<arg>${blue_button_id}</arg>
<doc>Click the element identified by ``locator``.</doc>
<status status="PASS" start="2026-04-20T11:27:04.030003" elapsed="0.036521"/>
</kw>
<var name="${index}">9</var>
<status status="PASS" start="2026-04-20T11:27:04.029940" elapsed="0.036665"/>
</iter>
<iter>
<kw name="Click Element" owner="SeleniumLibrary">
<msg time="2026-04-20T11:27:04.067054" level="INFO">Clicking element 'id=blueButton'.</msg>
<arg>${blue_button_id}</arg>
<doc>Click the element identified by ``locator``.</doc>
<status status="PASS" start="2026-04-20T11:27:04.066865" elapsed="0.022205"/>
</kw>
<var name="${index}">10</var>
<status status="PASS" start="2026-04-20T11:27:04.066756" elapsed="0.022384"/>
</iter>
<iter>
<kw name="Click Element" owner="SeleniumLibrary">
<msg time="2026-04-20T11:27:04.089478" level="INFO">Clicking element 'id=blueButton'.</msg>
<arg>${blue_button_id}</arg>
<doc>Click the element identified by ``locator``.</doc>
<status status="PASS" start="2026-04-20T11:27:04.089327" elapsed="0.024691"/>
</kw>
<var name="${index}">11</var>
<status status="PASS" start="2026-04-20T11:27:04.089245" elapsed="0.024871"/>
</iter>
<iter>
<kw name="Click Element" owner="SeleniumLibrary">
<msg time="2026-04-20T11:27:04.114682" level="INFO">Clicking element 'id=blueButton'.</msg>
<arg>${blue_button_id}</arg>
<doc>Click the element identified by ``locator``.</doc>
<status status="PASS" start="2026-04-20T11:27:04.114442" elapsed="0.024384"/>
</kw>
<var name="${index}">12</var>
<status status="PASS" start="2026-04-20T11:27:04.114307" elapsed="0.024608"/>
</iter>
<iter>
<kw name="Click Element" owner="SeleniumLibrary">
<msg time="2026-04-20T11:27:04.139450" level="INFO">Clicking element 'id=blueButton'.</msg>
<arg>${blue_button_id}</arg>
<doc>Click the element identified by ``locator``.</doc>
<status status="PASS" start="2026-04-20T11:27:04.139227" elapsed="0.021268"/>
</kw>
<var name="${index}">13</var>
<status status="PASS" start="2026-04-20T11:27:04.139091" elapsed="0.021442"/>
</iter>
<iter>
<kw name="Click Element" owner="SeleniumLibrary">
<msg time="2026-04-20T11:27:04.160753" level="INFO">Clicking element 'id=blueButton'.</msg>
<arg>${blue_button_id}</arg>
<doc>Click the element identified by ``locator``.</doc>
<status status="PASS" start="2026-04-20T11:27:04.160657" elapsed="0.024347"/>
</kw>
<var name="${index}">14</var>
<status status="PASS" start="2026-04-20T11:27:04.160597" elapsed="0.024459"/>
</iter>
<var>${index}</var>
<value>${times}</value>
<status status="PASS" start="2026-04-20T11:27:03.755224" elapsed="0.429861"/>
</for>
<arg>15</arg>
<status status="PASS" start="2026-04-20T11:27:03.755075" elapsed="0.430060"/>
</kw>
<kw name="Click Red Button Multiple Times">
<for flavor="IN RANGE">
<iter>
<kw name="Click Element" owner="SeleniumLibrary">
<msg time="2026-04-20T11:27:04.185767" level="INFO">Clicking element 'id=redButton'.</msg>
<arg>${red_button_id}</arg>
<doc>Click the element identified by ``locator``.</doc>
<status status="PASS" start="2026-04-20T11:27:04.185671" elapsed="0.031452"/>
</kw>
<var name="${index}">0</var>
<status status="PASS" start="2026-04-20T11:27:04.185619" elapsed="0.031562"/>
</iter>
<iter>
<kw name="Click Element" owner="SeleniumLibrary">
[...]
<doc>Click the element identified by ``locator``.</doc>
<status status="PASS" start="2026-04-20T11:27:05.437055" elapsed="0.022198"/>
</kw>
<var name="${index}">3</var>
<status status="PASS" start="2026-04-20T11:27:05.436991" elapsed="0.022313"/>
</iter>
<iter>
<kw name="Click Element" owner="SeleniumLibrary">
<msg time="2026-04-20T11:27:05.459574" level="INFO">Clicking element 'id=blueButton'.</msg>
<arg>${blue_button_id}</arg>
<doc>Click the element identified by ``locator``.</doc>
<status status="PASS" start="2026-04-20T11:27:05.459456" elapsed="0.019570"/>
</kw>
<var name="${index}">4</var>
<status status="PASS" start="2026-04-20T11:27:05.459385" elapsed="0.019691"/>
</iter>
<iter>
<kw name="Click Element" owner="SeleniumLibrary">
<msg time="2026-04-20T11:27:05.479329" level="INFO">Clicking element 'id=blueButton'.</msg>
<arg>${blue_button_id}</arg>
<doc>Click the element identified by ``locator``.</doc>
<status status="PASS" start="2026-04-20T11:27:05.479216" elapsed="0.028577"/>
</kw>
<var name="${index}">5</var>
<status status="PASS" start="2026-04-20T11:27:05.479151" elapsed="0.028689"/>
</iter>
<iter>
<kw name="Click Element" owner="SeleniumLibrary">
<msg time="2026-04-20T11:27:05.508085" level="INFO">Clicking element 'id=blueButton'.</msg>
<arg>${blue_button_id}</arg>
<doc>Click the element identified by ``locator``.</doc>
<status status="PASS" start="2026-04-20T11:27:05.507975" elapsed="0.029241"/>
</kw>
<var name="${index}">6</var>
<status status="PASS" start="2026-04-20T11:27:05.507914" elapsed="0.029666"/>
</iter>
<iter>
<kw name="Click Element" owner="SeleniumLibrary">
<msg time="2026-04-20T11:27:05.539247" level="INFO">Clicking element 'id=blueButton'.</msg>
<arg>${blue_button_id}</arg>
<doc>Click the element identified by ``locator``.</doc>
<status status="PASS" start="2026-04-20T11:27:05.538747" elapsed="0.023488"/>
</kw>
<var name="${index}">7</var>
<status status="PASS" start="2026-04-20T11:27:05.538453" elapsed="0.023838"/>
</iter>
<iter>
<kw name="Click Element" owner="SeleniumLibrary">
<msg time="2026-04-20T11:27:05.562626" level="INFO">Clicking element 'id=blueButton'.</msg>
<arg>${blue_button_id}</arg>
<doc>Click the element identified by ``locator``.</doc>
<status status="PASS" start="2026-04-20T11:27:05.562480" elapsed="0.020382"/>
</kw>
<var name="${index}">8</var>
<status status="PASS" start="2026-04-20T11:27:05.562395" elapsed="0.020519"/>
</iter>
<iter>
<kw name="Click Element" owner="SeleniumLibrary">
<msg time="2026-04-20T11:27:05.583198" level="INFO">Clicking element 'id=blueButton'.</msg>
<arg>${blue_button_id}</arg>
<doc>Click the element identified by ``locator``.</doc>
<status status="PASS" start="2026-04-20T11:27:05.583070" elapsed="0.034275"/>
</kw>
<var name="${index}">9</var>
<status status="PASS" start="2026-04-20T11:27:05.582998" elapsed="0.034419"/>
</iter>
<iter>
<kw name="Click Element" owner="SeleniumLibrary">
<msg time="2026-04-20T11:27:05.617854" level="INFO">Clicking element 'id=blueButton'.</msg>
<arg>${blue_button_id}</arg>
<doc>Click the element identified by ``locator``.</doc>
<status status="PASS" start="2026-04-20T11:27:05.617624" elapsed="0.021159"/>
</kw>
<var name="${index}">10</var>
<status status="PASS" start="2026-04-20T11:27:05.617525" elapsed="0.021315"/>
</iter>
<iter>
<kw name="Click Element" owner="SeleniumLibrary">
<msg time="2026-04-20T11:27:05.639142" level="INFO">Clicking element 'id=blueButton'.</msg>
<arg>${blue_button_id}</arg>
<doc>Click the element identified by ``locator``.</doc>
<status status="PASS" start="2026-04-20T11:27:05.639004" elapsed="0.019842"/>
</kw>
<var name="${index}">11</var>
<status status="PASS" start="2026-04-20T11:27:05.638929" elapsed="0.019968"/>
</iter>
<iter>
<kw name="Click Element" owner="SeleniumLibrary">
<msg time="2026-04-20T11:27:05.659165" level="INFO">Clicking element 'id=blueButton'.</msg>
<arg>${blue_button_id}</arg>
<doc>Click the element identified by ``locator``.</doc>
<status status="PASS" start="2026-04-20T11:27:05.659046" elapsed="0.018645"/>
</kw>
<var name="${index}">12</var>
<status status="PASS" start="2026-04-20T11:27:05.658977" elapsed="0.018761"/>
</iter>
<iter>
<kw name="Click Element" owner="SeleniumLibrary">
<msg time="2026-04-20T11:27:05.677973" level="INFO">Clicking element 'id=blueButton'.</msg>
<arg>${blue_button_id}</arg>
<doc>Click the element identified by ``locator``.</doc>
<status status="PASS" start="2026-04-20T11:27:05.677869" elapsed="0.024196"/>
</kw>
<var name="${index}">13</var>
<status status="PASS" start="2026-04-20T11:27:05.677810" elapsed="0.024304"/>
</iter>
<iter>
<kw name="Click Element" owner="SeleniumLibrary">
<msg time="2026-04-20T11:27:05.702360" level="INFO">Clicking element 'id=blueButton'.</msg>
<arg>${blue_button_id}</arg>
<doc>Click the element identified by ``locator``.</doc>
<status status="PASS" start="2026-04-20T11:27:05.702252" elapsed="0.022741"/>
</kw>
<var name="${index}">14</var>
<status status="PASS" start="2026-04-20T11:27:05.702189" elapsed="0.022852"/>
</iter>
<iter>
<kw name="Click Element" owner="SeleniumLibrary">
<msg time="2026-04-20T11:27:05.725282" level="INFO">Clicking element 'id=blueButton'.</msg>
<arg>${blue_button_id}</arg>
<doc>Click the element identified by ``locator``.</doc>
<status status="PASS" start="2026-04-20T11:27:05.725176" elapsed="0.034810"/>
</kw>
<var name="${index}">15</var>
<status status="PASS" start="2026-04-20T11:27:05.725112" elapsed="0.034920"/>
</iter>
<iter>
<kw name="Click Element" owner="SeleniumLibrary">
<msg time="2026-04-20T11:27:05.760276" level="INFO">Clicking element 'id=blueButton'.</msg>
<arg>${blue_button_id}</arg>
<doc>Click the element identified by ``locator``.</doc>
<status status="PASS" start="2026-04-20T11:27:05.760166" elapsed="0.037404"/>
</kw>
<var name="${index}">16</var>
<status status="PASS" start="2026-04-20T11:27:05.760104" elapsed="0.037525"/>
</iter>
<iter>
<kw name="Click Element" owner="SeleniumLibrary">
<msg time="2026-04-20T11:27:05.797923" level="INFO">Clicking element 'id=blueButton'.</msg>
<arg>${blue_button_id}</arg>
<doc>Click the element identified by ``locator``.</doc>
<status status="PASS" start="2026-04-20T11:27:05.797792" elapsed="0.032548"/>
</kw>
<var name="${index}">17</var>
<status status="PASS" start="2026-04-20T11:27:05.797716" elapsed="0.032674"/>
</iter>
<iter>
<kw name="Click Element" owner="SeleniumLibrary">
<msg time="2026-04-20T11:27:05.830653" level="INFO">Clicking element 'id=blueButton'.</msg>
<arg>${blue_button_id}</arg>
<doc>Click the element identified by ``locator``.</doc>
<status status="PASS" start="2026-04-20T11:27:05.830535" elapsed="0.036381"/>
</kw>
<var name="${index}">18</var>
<status status="PASS" start="2026-04-20T11:27:05.830468" elapsed="0.036551"/>
</iter>
<iter>
<kw name="Click Element" owner="SeleniumLibrary">
<msg time="2026-04-20T11:27:05.867576" level="INFO">Clicking element 'id=blueButton'.</msg>
<arg>${blue_button_id}</arg>
<doc>Click the element identified by ``locator``.</doc>
<status status="PASS" start="2026-04-20T11:27:05.867325" elapsed="0.023362"/>
</kw>
<var name="${index}">19</var>
<status status="PASS" start="2026-04-20T11:27:05.867188" elapsed="0.023541"/>
</iter>
<iter>
<kw name="Click Element" owner="SeleniumLibrary">
<msg time="2026-04-20T11:27:05.890957" level="INFO">Clicking element 'id=blueButton'.</msg>
<arg>${blue_button_id}</arg>
<doc>Click the element identified by ``locator``.</doc>
<status status="PASS" start="2026-04-20T11:27:05.890854" elapsed="0.025244"/>
</kw>
<var name="${index}">20</var>
<status status="PASS" start="2026-04-20T11:27:05.890796" elapsed="0.025404"/>
</iter>
<iter>
<kw name="Click Element" owner="SeleniumLibrary">
<msg time="2026-04-20T11:27:05.916812" level="INFO">Clicking element 'id=blueButton'.</msg>
<arg>${blue_button_id}</arg>
<doc>Click the element identified by ``locator``.</doc>
<status status="PASS" start="2026-04-20T11:27:05.916573" elapsed="0.026657"/>
</kw>
<var name="${index}">21</var>
<status status="PASS" start="2026-04-20T11:27:05.916406" elapsed="0.027293"/>
</iter>
<iter>
<kw name="Click Element" owner="SeleniumLibrary">
<msg time="2026-04-20T11:27:05.944003" level="INFO">Clicking element 'id=blueButton'.</msg>
<arg>${blue_button_id}</arg>
<doc>Click the element identified by ``locator``.</doc>
<status status="PASS" start="2026-04-20T11:27:05.943890" elapsed="0.034400"/>
</kw>
<var name="${index}">22</var>
<status status="PASS" start="2026-04-20T11:27:05.943829" elapsed="0.034551"/>
</iter>
<iter>
<kw name="Click Element" owner="SeleniumLibrary">
<msg time="2026-04-20T11:27:05.978872" level="INFO">Clicking element 'id=blueButton'.</msg>
<arg>${blue_button_id}</arg>
<doc>Click the element identified by ``locator``.</doc>
<status status="PASS" start="2026-04-20T11:27:05.978638" elapsed="0.026304"/>
</kw>
<var name="${index}">23</var>
<status status="PASS" start="2026-04-20T11:27:05.978517" elapsed="0.026473"/>
</iter>
<iter>
<kw name="Click Element" owner="SeleniumLibrary">
<msg time="2026-04-20T11:27:06.005242" level="INFO">Clicking element 'id=blueButton'.</msg>
<arg>${blue_button_id}</arg>
<doc>Click the element identified by ``locator``.</doc>
<status status="PASS" start="2026-04-20T11:27:06.005128" elapsed="0.031648"/>
</kw>
<var name="${index}">24</var>
<status status="PASS" start="2026-04-20T11:27:06.005065" elapsed="0.031765"/>
</iter>
<iter>
<kw name="Click Element" owner="SeleniumLibrary">
<msg time="2026-04-20T11:27:06.037100" level="INFO">Clicking element 'id=blueButton'.</msg>
<arg>${blue_button_id}</arg>
<doc>Click the element identified by ``locator``.</doc>
<status status="PASS" start="2026-04-20T11:27:06.036979" elapsed="0.025375"/>
</kw>
<var name="${index}">25</var>
<status status="PASS" start="2026-04-20T11:27:06.036912" elapsed="0.025493"/>
</iter>
<iter>
<kw name="Click Element" owner="SeleniumLibrary">
<msg time="2026-04-20T11:27:06.062671" level="INFO">Clicking element 'id=blueButton'.</msg>
<arg>${blue_button_id}</arg>
<doc>Click the element identified by ``locator``.</doc>
<status status="PASS" start="2026-04-20T11:27:06.062552" elapsed="0.023167"/>
</kw>
<var name="${index}">26</var>
<status status="PASS" start="2026-04-20T11:27:06.062484" elapsed="0.023387"/>
</iter>
<iter>
<kw name="Click Element" owner="SeleniumLibrary">
<msg time="2026-04-20T11:27:06.086234" level="INFO">Clicking element 'id=blueButton'.</msg>
<arg>${blue_button_id}</arg>
<doc>Click the element identified by ``locator``.</doc>
<status status="PASS" start="2026-04-20T11:27:06.086082" elapsed="0.024156"/>
</kw>
<var name="${index}">27</var>
<status status="PASS" start="2026-04-20T11:27:06.085994" elapsed="0.024300"/>
</iter>
<iter>
<kw name="Click Element" owner="SeleniumLibrary">
<msg time="2026-04-20T11:27:06.110567" level="INFO">Clicking element 'id=blueButton'.</msg>
<arg>${blue_button_id}</arg>
<doc>Click the element identified by ``locator``.</doc>
<status status="PASS" start="2026-04-20T11:27:06.110446" elapsed="0.021592"/>
</kw>
<var name="${index}">28</var>
<status status="PASS" start="2026-04-20T11:27:06.110377" elapsed="0.021771"/>
</iter>
<iter>
<kw name="Click Element" owner="SeleniumLibrary">
<msg time="2026-04-20T11:27:06.132447" level="INFO">Clicking element 'id=blueButton'.</msg>
<arg>${blue_button_id}</arg>
<doc>Click the element identified by ``locator``.</doc>
<status status="PASS" start="2026-04-20T11:27:06.132315" elapsed="0.021205"/>
</kw>
<var name="${index}">29</var>
<status status="PASS" start="2026-04-20T11:27:06.132242" elapsed="0.021337"/>
</iter>
<iter>
<kw name="Click Element" owner="SeleniumLibrary">
<msg time="2026-04-20T11:27:06.153880" level="INFO">Clicking element 'id=blueButton'.</msg>
<arg>${blue_button_id}</arg>
<doc>Click the element identified by ``locator``.</doc>
<status status="PASS" start="2026-04-20T11:27:06.153746" elapsed="0.021891"/>
</kw>
<var name="${index}">30</var>
<status status="PASS" start="2026-04-20T11:27:06.153671" elapsed="0.022015"/>
</iter>
<iter>
<kw name="Click Element" owner="SeleniumLibrary">
<msg time="2026-04-20T11:27:06.175946" level="INFO">Clicking element 'id=blueButton'.</msg>
<arg>${blue_button_id}</arg>
<doc>Click the element identified by ``locator``.</doc>
<status status="PASS" start="2026-04-20T11:27:06.175829" elapsed="0.021086"/>
</kw>
<var name="${index}">31</var>
<status status="PASS" start="2026-04-20T11:27:06.175763" elapsed="0.021201"/>
</iter>
<iter>
<kw name="Click Element" owner="SeleniumLibrary">
<msg time="2026-04-20T11:27:06.197213" level="INFO">Clicking element 'id=blueButton'.</msg>
<arg>${blue_button_id}</arg>
<doc>Click the element identified by ``locator``.</doc>
<status status="PASS" start="2026-04-20T11:27:06.197103" elapsed="0.027321"/>
</kw>
<var name="${index}">32</var>
<status status="PASS" start="2026-04-20T11:27:06.197040" elapsed="0.027473"/>
</iter>
<iter>
<kw name="Click Element" owner="SeleniumLibrary">
<msg time="2026-04-20T11:27:06.224958" level="INFO">Clicking element 'id=blueButton'.</msg>
<arg>${blue_button_id}</arg>
<doc>Click the element identified by ``locator``.</doc>
<status status="PASS" start="2026-04-20T11:27:06.224761" elapsed="0.026199"/>
</kw>
<var name="${index}">33</var>
<status status="PASS" start="2026-04-20T11:27:06.224652" elapsed="0.026358"/>
</iter>
<var>${index}</var>
<value>${times}</value>
<status status="PASS" start="2026-04-20T11:27:05.366223" elapsed="0.884817"/>
</for>
<arg>34</arg>
<status status="PASS" start="2026-04-20T11:27:05.366067" elapsed="0.885021"/>
</kw>
<kw name="Click Red Button Multiple Times">
<for flavor="IN RANGE">
<iter>
<kw name="Click Element" owner="SeleniumLibrary">
<msg time="2026-04-20T11:27:06.252463" level="INFO">Clicking element 'id=redButton'.</msg>
<arg>${red_button_id}</arg>
<doc>Click the element identified by ``locator``.</doc>
<status status="PASS" start="2026-04-20T11:27:06.252283" elapsed="0.025363"/>
</kw>
<var name="${index}">0</var>
<status status="PASS" start="2026-04-20T11:27:06.252185" elapsed="0.025516"/>
</iter>
<iter>
<kw name="Click Element" owner="SeleniumLibrary">
<msg time="2026-04-20T11:27:06.277973" level="INFO">Clicking element 'id=redButton'.</msg>
<arg>${red_button_id}</arg>
<doc>Click the element identified by ``locator``.</doc>
<status status="PASS" start="2026-04-20T11:27:06.277852" elapsed="0.035592"/>
</kw>
<var name="${index}">1</var>
<status status="PASS" start="2026-04-20T11:27:06.277783" elapsed="0.035719"/>
</iter>
<iter>
<kw name="Click Element" owner="SeleniumLibrary">
<msg time="2026-04-20T11:27:06.313790" level="INFO">Clicking element 'id=redButton'.</msg>
<arg>${red_button_id}</arg>
<doc>Click the element identified by ``locator``.</doc>
<status status="PASS" start="2026-04-20T11:27:06.313662" elapsed="0.025686"/>
</kw>
<var name="${index}">2</var>
<status status="PASS" start="2026-04-20T11:27:06.313588" elapsed="0.025815"/>
</iter>
<iter>
<kw name="Click Element" owner="SeleniumLibrary">
<msg time="2026-04-20T11:27:06.339678" level="INFO">Clicking element 'id=redButton'.</msg>
<arg>${red_button_id}</arg>
<doc>Click the element identified by ``locator``.</doc>
<status status="PASS" start="2026-04-20T11:27:06.339556" elapsed="0.025269"/>
</kw>
<var name="${index}">3</var>
<status status="PASS" start="2026-04-20T11:27:06.339486" elapsed="0.025388"/>
</iter>
<iter>
<kw name="Click Element" owner="SeleniumLibrary">
<msg time="2026-04-20T11:27:06.365138" level="INFO">Clicking element 'id=redButton'.</msg>
<arg>${red_button_id}</arg>
<doc>Click the element identified by ``locator``.</doc>
<status status="PASS" start="2026-04-20T11:27:06.365020" elapsed="0.028080"/>
</kw>
<var name="${index}">4</var>
<status status="PASS" start="2026-04-20T11:27:06.364952" elapsed="0.028195"/>
</iter>
<iter>
<kw name="Click Element" owner="SeleniumLibrary">
<msg time="2026-04-20T11:27:06.393398" level="INFO">Clicking element 'id=redButton'.</msg>
<arg>${red_button_id}</arg>
<doc>Click the element identified by ``locator``.</doc>
<status status="PASS" start="2026-04-20T11:27:06.393287" elapsed="0.034978"/>
</kw>
<var name="${index}">5</var>
<status status="PASS" start="2026-04-20T11:27:06.393223" elapsed="0.035093"/>
</iter>
<iter>
<kw name="Click Element" owner="SeleniumLibrary">
<msg time="2026-04-20T11:27:06.428580" level="INFO">Clicking element 'id=redButton'.</msg>
<arg>${red_button_id}</arg>
<doc>Click the element identified by ``locator``.</doc>
<status status="PASS" start="2026-04-20T11:27:06.428466" elapsed="0.023691"/>
</kw>
<var name="${index}">6</var>
<status status="PASS" start="2026-04-20T11:27:06.428399" elapsed="0.023803"/>
</iter>
<var>${index}</var>
<value>${times}</value>
<status status="PASS" start="2026-04-20T11:27:06.252005" elapsed="0.200224"/>
</for>
<arg>7</arg>
<status status="PASS" start="2026-04-20T11:27:06.251727" elapsed="0.200548"/>
</kw>
<kw name="Click Button" owner="SeleniumLibrary">
<msg time="2026-04-20T11:27:06.452777" level="INFO">Clicking button 'id=sendDataButton'.</msg>
<arg>id=sendDataButton</arg>
<doc>Clicks the button identified by ``locator``.</doc>
<status status="PASS" start="2026-04-20T11:27:06.452539" elapsed="0.046552"/>
</kw>
<kw name="Sleep" owner="BuiltIn">
<msg time="2026-04-20T11:27:09.500576" level="INFO">Slept 3 seconds.</msg>
<arg>3 seconds</arg>
<doc>Pauses the test executed for the given time.</doc>
<status status="PASS" start="2026-04-20T11:27:06.499575" elapsed="3.001419"/>
</kw>
<kw name="Get Text" owner="SeleniumLibrary">
<msg time="2026-04-20T11:27:09.533331" level="INFO">${text_result} = З
З
З
З
З
З
З
З
З
З
З
З
З
З
З
З
З
З
З
З
З
З
З
К
К
К
К
К
К
К
К
К
К
К
К
К
К
К
К
К
К
К
К
К
К
К
К
К
К
К
К
К
С
С
С
С
С
С
С
С
С
С
С
С
С
С
С
С
С
С
С
С
С
С
С
С
С
С
С
С
С
С
С
С
С
С
С
С
С
С
С
С
С
С
С
С
С
С
С
С
...</msg>
<var>${text_result}</var>
<arg>id:result</arg>
<doc>Returns the text value of the element identified by ``locator``.</doc>
<status status="PASS" start="2026-04-20T11:27:09.502666" elapsed="0.030724"/>
</kw>
<kw name="Replace String" owner="String">
<msg time="2026-04-20T11:27:09.535101" level="INFO">${cleaned_result} = З З З З З З З З З З З З З З З З З З З З З З З К К К К К К К К К К К К К К К К К К К К К К К К К К К К К С С С С С С С С С С С С С С С С С С С С С С С С С С С С С С С С С С С С С С С С С С С С С С С С ...</msg>
<var>${cleaned_result}</var>
<arg>${text_result}</arg>
<arg>\n</arg>
<arg>${SPACE}</arg>
<doc>Replaces ``search_for`` in the given ``string`` with ``replace_with``.</doc>
<status status="PASS" start="2026-04-20T11:27:09.534161" elapsed="0.001075"/>
</kw>
<kw name="Log" owner="BuiltIn">
<msg time="2026-04-20T11:27:09.537065" level="INFO">З З З З З З З З З З З З З З З З З З З З З З З К К К К К К К К К К К К К К К К К К К К К К К К К К К К К С С С С С С С С С С С С С С С С С С С С С С С С С С С С С С С С С С С С С С С С С С С С С С С С С</msg>
<arg>${cleaned_result}</arg>
<doc>Logs the given message with the given level.</doc>
<status status="PASS" start="2026-04-20T11:27:09.536339" elapsed="0.000794"/>
</kw>
<kw name="Should Be Equal As Strings" owner="BuiltIn">
<arg>${cleaned_result}</arg>
<arg>З З З З З З З З З З З З З З З З З З З З З З З К К К К К К К К К К К К К К К К К К К К К К К К К К К К К С С С С С С С С С С С С С С С С С С С С С С С С С С С С С С С С С С С С С С С С С С С С С С С С С</arg>
<doc>Fails if objects are unequal after converting them to strings.</doc>
<status status="PASS" start="2026-04-20T11:27:09.537389" elapsed="0.000433"/>
</kw>
<kw name="Close Browser" owner="SeleniumLibrary">
<doc>Closes the current browser.</doc>
<status status="PASS" start="2026-04-20T11:27:09.538045" elapsed="2.093752"/>
</kw>
<status status="PASS" start="2026-04-20T11:26:59.100538" elapsed="12.533667"/>
</test>
<status status="FAIL" start="2026-04-20T11:25:27.773097" elapsed="103.863253"/>
</suite>
<statistics>
<total>
<stat pass="12" fail="2" skip="0">All Tests</stat>
</total>
<tag>
</tag>
<suite>
<stat name="Test" id="s1" pass="12" fail="2" skip="0">Test</stat>
</suite>
</statistics>
<errors>
</errors>
</robot>
