<?xml version="1.0" encoding="UTF-8"?>
<robot generator="Robot 7.4.2 (Python 3.13.13 on win32)" generated="2026-04-20T23:35:00.951431" rpa="false" schemaversion="5">
<suite id="s1" name="Test" source="D:\Nekhorosheva_testovoe_zadanie\sorting_front_and_robot\test.robot">
<test id="s1-t1" name="Check Web page Title - Test 1" line="61">
<kw name="Open Browser" owner="SeleniumLibrary">
<msg time="2026-04-20T23:35:01.038103" level="INFO">Opening browser 'Chrome' to base url 'https://dynamic-dolphin-426efe.netlify.app/'.</msg>
<arg>https://dynamic-dolphin-426efe.netlify.app/</arg>
<arg>Chrome</arg>
<doc>Opens a new browser instance to the optional ``url``.</doc>
<status status="PASS" start="2026-04-20T23:35:01.037767" elapsed="3.901642"/>
</kw>
<kw name="Get Title" owner="SeleniumLibrary">
<msg time="2026-04-20T23:35:04.944997" level="INFO">${tab_title} = Flowbite Starter</msg>
<var>${tab_title}</var>
<doc>Returns the title of the current page.</doc>
<status status="PASS" start="2026-04-20T23:35:04.940641" elapsed="0.004388"/>
</kw>
<kw name="Should Be Equal" owner="BuiltIn">
<msg time="2026-04-20T23:35:04.945495" level="FAIL">Flowbite Starter != Тестовое задание</msg>
<arg>${tab_title}</arg>
<arg>Тестовое задание</arg>
<doc>Fails if the given objects are unequal.</doc>
<status status="FAIL" start="2026-04-20T23:35:04.945209" elapsed="0.000370">Flowbite Starter != Тестовое задание</status>
</kw>
<kw name="Close Browser" owner="SeleniumLibrary">
<doc>Closes the current browser.</doc>
<status status="NOT RUN" start="2026-04-20T23:35:04.945705" elapsed="0.000016"/>
</kw>
<kw name="Report Known Issue" type="TEARDOWN">
<kw name="Run Keyword If" owner="BuiltIn">
<kw name="Fail" owner="BuiltIn">
<msg time="2026-04-20T23:35:04.946520" level="FAIL">Known issue: Bug #5437</msg>
<arg>Known issue: ${issue_number}</arg>
<doc>Fails the test with the given message and optionally alters its tags.</doc>
<status status="FAIL" start="2026-04-20T23:35:04.946360" elapsed="0.000198">Known issue: Bug #5437</status>
</kw>
<arg>'${TEST STATUS}' == 'FAIL'</arg>
<arg>Fail</arg>
<arg>Known issue: ${issue_number}</arg>
<doc>Runs the given keyword with the given arguments, if ``condition`` is true.</doc>
<status status="FAIL" start="2026-04-20T23:35:04.946114" elapsed="0.000486">Known issue: Bug #5437</status>
</kw>
<arg>Bug #5437</arg>
<status status="FAIL" start="2026-04-20T23:35:04.945950" elapsed="0.000719">Known issue: Bug #5437</status>
</kw>
<doc>Проверка названия вкладки страницы "Тестовое задание"</doc>
<status status="FAIL" start="2026-04-20T23:35:01.034108" elapsed="3.912648">Flowbite Starter != Тестовое задание

Also teardown failed:
Known issue: Bug #5437</status>
</test>
<test id="s1-t2" name="Check Order Title - Test 2" line="69">
<kw name="Open Browser" owner="SeleniumLibrary">
<msg time="2026-04-20T23:35:04.947391" level="INFO">Opening browser 'Chrome' to base url 'https://dynamic-dolphin-426efe.netlify.app/'.</msg>
<arg>https://dynamic-dolphin-426efe.netlify.app/</arg>
<arg>Chrome</arg>
<doc>Opens a new browser instance to the optional ``url``.</doc>
<status status="PASS" start="2026-04-20T23:35:04.947310" elapsed="3.862971"/>
</kw>
<kw name="Get Text" owner="SeleniumLibrary">
<msg time="2026-04-20T23:35:08.827493" level="INFO">${title_text} = Правила порядка</msg>
<var>${title_text}</var>
<arg>xpath=//div[@class="text-center py-3"]/span</arg>
<doc>Returns the text value of the element identified by ``locator``.</doc>
<status status="PASS" start="2026-04-20T23:35:08.810773" elapsed="0.016750"/>
</kw>
<kw name="Should Be Equal" owner="BuiltIn">
<arg>${title_text}</arg>
<arg>Правила порядка</arg>
<doc>Fails if the given objects are unequal.</doc>
<status status="PASS" start="2026-04-20T23:35:08.828161" elapsed="0.000960"/>
</kw>
<kw name="Close Browser" owner="SeleniumLibrary">
<doc>Closes the current browser.</doc>
<status status="PASS" start="2026-04-20T23:35:08.829562" elapsed="2.100093"/>
</kw>
<doc>Проверка заголовка "Правила порядка": название заголовка соотвествует Правила порядка</doc>
<status status="PASS" start="2026-04-20T23:35:04.947028" elapsed="5.984521"/>
</test>
<test id="s1-t3" name="Check Empty Run Sorting - Test 3" line="76">
<kw name="Open Browser" owner="SeleniumLibrary">
<msg time="2026-04-20T23:35:10.935900" level="INFO">Opening browser 'Chrome' to base url 'https://dynamic-dolphin-426efe.netlify.app/'.</msg>
<arg>https://dynamic-dolphin-426efe.netlify.app/</arg>
<arg>Chrome</arg>
<doc>Opens a new browser instance to the optional ``url``.</doc>
<status status="PASS" start="2026-04-20T23:35:10.935442" elapsed="4.060487"/>
</kw>
<kw name="Click Button" owner="SeleniumLibrary">
<msg time="2026-04-20T23:35:14.996766" level="INFO">Clicking button 'id=sendDataButton'.</msg>
<arg>id=${sort_button_id}</arg>
<doc>Clicks the button identified by ``locator``.</doc>
<status status="PASS" start="2026-04-20T23:35:14.996319" elapsed="0.047443"/>
</kw>
<kw name="Sleep" owner="BuiltIn">
<msg time="2026-04-20T23:35:18.045085" level="INFO">Slept 3 seconds.</msg>
<arg>3 seconds</arg>
<doc>Pauses the test executed for the given time.</doc>
<status status="PASS" start="2026-04-20T23:35:15.044237" elapsed="3.001260"/>
</kw>
<kw name="Close Browser" owner="SeleniumLibrary">
<doc>Closes the current browser.</doc>
<status status="PASS" start="2026-04-20T23:35:18.046446" elapsed="2.081618"/>
</kw>
<doc>Проверка "пустого" запуска (при нажатии "Сортировать" и незаполненных данных, приложение не крашится)</doc>
<status status="PASS" start="2026-04-20T23:35:10.933917" elapsed="9.194606"/>
</test>
<test id="s1-t4" name="Check Empty Run Clear - Test 4" line="83">
<kw name="Open Browser" owner="SeleniumLibrary">
<msg time="2026-04-20T23:35:20.129550" level="INFO">Opening browser 'Chrome' to base url 'https://dynamic-dolphin-426efe.netlify.app/'.</msg>
<arg>https://dynamic-dolphin-426efe.netlify.app/</arg>
<arg>Chrome</arg>
<doc>Opens a new browser instance to the optional ``url``.</doc>
<status status="PASS" start="2026-04-20T23:35:20.129413" elapsed="4.868188"/>
</kw>
<kw name="Click Button" owner="SeleniumLibrary">
<msg time="2026-04-20T23:35:24.998371" level="INFO">Clicking button 'id=clearButton'.</msg>
<arg>id=${clear_button_id}</arg>
<doc>Clicks the button identified by ``locator``.</doc>
<status status="PASS" start="2026-04-20T23:35:24.997993" elapsed="0.053221"/>
</kw>
<kw name="Sleep" owner="BuiltIn">
<msg time="2026-04-20T23:35:28.052297" level="INFO">Slept 3 seconds.</msg>
<arg>3 seconds</arg>
<doc>Pauses the test executed for the given time.</doc>
<status status="PASS" start="2026-04-20T23:35:25.051444" elapsed="3.001177"/>
</kw>
<kw name="Close Browser" owner="SeleniumLibrary">
<doc>Closes the current browser.</doc>
<status status="PASS" start="2026-04-20T23:35:28.053972" elapsed="2.097914"/>
</kw>
<doc>Проверка "пустого" запуска очистки (при нажатии "Очистить" и незаполненных данных, приложение не крашится)</doc>
<status status="PASS" start="2026-04-20T23:35:20.129096" elapsed="10.023799"/>
</test>
<test id="s1-t5" name="Check Dropdown Options - Test 5" line="90">
<kw name="Open Browser" owner="SeleniumLibrary">
<msg time="2026-04-20T23:35:30.157260" level="INFO">Opening browser 'Chrome' to base url 'https://dynamic-dolphin-426efe.netlify.app/'.</msg>
<arg>https://dynamic-dolphin-426efe.netlify.app/</arg>
<arg>Chrome</arg>
<doc>Opens a new browser instance to the optional ``url``.</doc>
<status status="PASS" start="2026-04-20T23:35:30.156869" elapsed="3.858819"/>
</kw>
<kw name="Sleep" owner="BuiltIn">
<msg time="2026-04-20T23:35:37.016527" level="INFO">Slept 3 seconds.</msg>
<arg>3 seconds</arg>
<doc>Pauses the test executed for the given time.</doc>
<status status="PASS" start="2026-04-20T23:35:34.015954" elapsed="3.000957"/>
</kw>
<for flavor="IN">
<iter>
<kw name="Check Dropdown Options">
<kw name="Get List Items" owner="SeleniumLibrary">
<msg time="2026-04-20T23:35:37.079500" level="INFO">${options} = ['Выбери', 'К', 'З', 'С']</msg>
<var>${options}</var>
<arg>xpath=//select[@id='${dropdown_id}']</arg>
<doc>Returns all labels or values of selection list ``locator``.</doc>
<status status="PASS" start="2026-04-20T23:35:37.020853" elapsed="0.058677"/>
</kw>
<kw name="Should Contain" owner="BuiltIn">
<arg>${options}</arg>
<arg>${select_option}</arg>
<doc>Fails if ``container`` does not contain ``item`` one or more times.</doc>
<status status="PASS" start="2026-04-20T23:35:37.079627" elapsed="0.000269"/>
</kw>
<kw name="Should Contain" owner="BuiltIn">
<arg>${options}</arg>
<arg>${red_option}</arg>
<doc>Fails if ``container`` does not contain ``item`` one or more times.</doc>
<status status="PASS" start="2026-04-20T23:35:37.079956" elapsed="0.000131"/>
</kw>
<kw name="Should Contain" owner="BuiltIn">
<arg>${options}</arg>
<arg>${green_option}</arg>
<doc>Fails if ``container`` does not contain ``item`` one or more times.</doc>
<status status="PASS" start="2026-04-20T23:35:37.080135" elapsed="0.000115"/>
</kw>
<kw name="Should Contain" owner="BuiltIn">
<arg>${options}</arg>
<arg>${blue_option}</arg>
<doc>Fails if ``container`` does not contain ``item`` one or more times.</doc>
<status status="PASS" start="2026-04-20T23:35:37.080296" elapsed="0.000111"/>
</kw>
<arg>${dropdown_id}</arg>
<status status="PASS" start="2026-04-20T23:35:37.020243" elapsed="0.060202"/>
</kw>
<kw name="Select And Check Option">
<kw name="Select From List By Value" owner="SeleniumLibrary">
<msg time="2026-04-20T23:35:37.080734" level="INFO">Selecting options from selection list 'select1' by value К.</msg>
<arg>${dropdown_id}</arg>
<arg>${option}</arg>
<doc>Selects options from selection list ``locator`` by ``values``.</doc>
<status status="PASS" start="2026-04-20T23:35:37.080644" elapsed="0.038057"/>
</kw>
<kw name="Get Selected List Value" owner="SeleniumLibrary">
<msg time="2026-04-20T23:35:37.158698" level="INFO">${selected_value} = К</msg>
<var>${selected_value}</var>
<arg>${dropdown_id}</arg>
<doc>Returns the value of selected option from selection list ``locator``.</doc>
<status status="PASS" start="2026-04-20T23:35:37.118808" elapsed="0.039918"/>
</kw>
<kw name="Should Be Equal As Strings" owner="BuiltIn">
<arg>${selected_value}</arg>
<arg>${option}</arg>
<doc>Fails if objects are unequal after converting them to strings.</doc>
<status status="PASS" start="2026-04-20T23:35:37.158814" elapsed="0.000204"/>
</kw>
<arg>${dropdown_id}</arg>
<arg>${red_option}</arg>
<status status="PASS" start="2026-04-20T23:35:37.080520" elapsed="0.078540"/>
</kw>
<kw name="Select And Check Option">
<kw name="Select From List By Value" owner="SeleniumLibrary">
<msg time="2026-04-20T23:35:37.159364" level="INFO">Selecting options from selection list 'select1' by value З.</msg>
<arg>${dropdown_id}</arg>
<arg>${option}</arg>
<doc>Selects options from selection list ``locator`` by ``values``.</doc>
<status status="PASS" start="2026-04-20T23:35:37.159270" elapsed="0.033922"/>
</kw>
<kw name="Get Selected List Value" owner="SeleniumLibrary">
<msg time="2026-04-20T23:35:37.219011" level="INFO">${selected_value} = З</msg>
<var>${selected_value}</var>
<arg>${dropdown_id}</arg>
<doc>Returns the value of selected option from selection list ``locator``.</doc>
<status status="PASS" start="2026-04-20T23:35:37.193292" elapsed="0.025744"/>
</kw>
<kw name="Should Be Equal As Strings" owner="BuiltIn">
<arg>${selected_value}</arg>
<arg>${option}</arg>
<doc>Fails if objects are unequal after converting them to strings.</doc>
<status status="PASS" start="2026-04-20T23:35:37.219113" elapsed="0.000177"/>
</kw>
<arg>${dropdown_id}</arg>
<arg>${green_option}</arg>
<status status="PASS" start="2026-04-20T23:35:37.159139" elapsed="0.060189"/>
</kw>
<kw name="Select And Check Option">
<kw name="Select From List By Value" owner="SeleniumLibrary">
<msg time="2026-04-20T23:35:37.219619" level="INFO">Selecting options from selection list 'select1' by value С.</msg>
<arg>${dropdown_id}</arg>
<arg>${option}</arg>
<doc>Selects options from selection list ``locator`` by ``values``.</doc>
<status status="PASS" start="2026-04-20T23:35:37.219532" elapsed="0.035000"/>
</kw>
<kw name="Get Selected List Value" owner="SeleniumLibrary">
<msg time="2026-04-20T23:35:37.283992" level="INFO">${selected_value} = С</msg>
<var>${selected_value}</var>
<arg>${dropdown_id}</arg>
<doc>Returns the value of selected option from selection list ``locator``.</doc>
<status status="PASS" start="2026-04-20T23:35:37.254660" elapsed="0.029359"/>
</kw>
<kw name="Should Be Equal As Strings" owner="BuiltIn">
<arg>${selected_value}</arg>
<arg>${option}</arg>
<doc>Fails if objects are unequal after converting them to strings.</doc>
<status status="PASS" start="2026-04-20T23:35:37.284105" elapsed="0.000196"/>
</kw>
<arg>${dropdown_id}</arg>
<arg>${blue_option}</arg>
<status status="PASS" start="2026-04-20T23:35:37.219402" elapsed="0.064943"/>
</kw>
<var name="${dropdown_id}">select1</var>
<status status="PASS" start="2026-04-20T23:35:37.019771" elapsed="0.264597"/>
</iter>
<iter>
<kw name="Check Dropdown Options">
<kw name="Get List Items" owner="SeleniumLibrary">
<msg time="2026-04-20T23:35:37.313415" level="INFO">${options} = ['Выбери', 'К', 'З', 'С']</msg>
<var>${options}</var>
<arg>xpath=//select[@id='${dropdown_id}']</arg>
<doc>Returns all labels or values of selection list ``locator``.</doc>
<status status="PASS" start="2026-04-20T23:35:37.284632" elapsed="0.028807"/>
</kw>
<kw name="Should Contain" owner="BuiltIn">
<arg>${options}</arg>
<arg>${select_option}</arg>
<doc>Fails if ``container`` does not contain ``item`` one or more times.</doc>
<status status="PASS" start="2026-04-20T23:35:37.313514" elapsed="0.000177"/>
</kw>
<kw name="Should Contain" owner="BuiltIn">
<arg>${options}</arg>
<arg>${red_option}</arg>
<doc>Fails if ``container`` does not contain ``item`` one or more times.</doc>
<status status="PASS" start="2026-04-20T23:35:37.313744" elapsed="0.000125"/>
</kw>
<kw name="Should Contain" owner="BuiltIn">
<arg>${options}</arg>
<arg>${green_option}</arg>
<doc>Fails if ``container`` does not contain ``item`` one or more times.</doc>
<status status="PASS" start="2026-04-20T23:35:37.313917" elapsed="0.000114"/>
</kw>
<kw name="Should Contain" owner="BuiltIn">
<arg>${options}</arg>
<arg>${blue_option}</arg>
<doc>Fails if ``container`` does not contain ``item`` one or more times.</doc>
<status status="PASS" start="2026-04-20T23:35:37.314076" elapsed="0.000112"/>
</kw>
<arg>${dropdown_id}</arg>
<status status="PASS" start="2026-04-20T23:35:37.284511" elapsed="0.029711"/>
</kw>
<kw name="Select And Check Option">
<kw name="Select From List By Value" owner="SeleniumLibrary">
<msg time="2026-04-20T23:35:37.314488" level="INFO">Selecting options from selection list 'select2' by value К.</msg>
<arg>${dropdown_id}</arg>
<arg>${option}</arg>
<doc>Selects options from selection list ``locator`` by ``values``.</doc>
<status status="PASS" start="2026-04-20T23:35:37.314405" elapsed="0.037860"/>
</kw>
<kw name="Get Selected List Value" owner="SeleniumLibrary">
<msg time="2026-04-20T23:35:37.375341" level="INFO">${selected_value} = К</msg>
<var>${selected_value}</var>
<arg>${dropdown_id}</arg>
<doc>Returns the value of selected option from selection list ``locator``.</doc>
<status status="PASS" start="2026-04-20T23:35:37.352367" elapsed="0.022999"/>
</kw>
<kw name="Should Be Equal As Strings" owner="BuiltIn">
<arg>${selected_value}</arg>
<arg>${option}</arg>
<doc>Fails if objects are unequal after converting them to strings.</doc>
<status status="PASS" start="2026-04-20T23:35:37.375442" elapsed="0.000178"/>
</kw>
<arg>${dropdown_id}</arg>
<arg>${red_option}</arg>
<status status="PASS" start="2026-04-20T23:35:37.314286" elapsed="0.061372"/>
</kw>
<kw name="Select And Check Option">
<kw name="Select From List By Value" owner="SeleniumLibrary">
<msg time="2026-04-20T23:35:37.376032" level="INFO">Selecting options from selection list 'select2' by value З.</msg>
<arg>${dropdown_id}</arg>
<arg>${option}</arg>
<doc>Selects options from selection list ``locator`` by ``values``.</doc>
<status status="PASS" start="2026-04-20T23:35:37.375941" elapsed="0.028389"/>
</kw>
<kw name="Get Selected List Value" owner="SeleniumLibrary">
<msg time="2026-04-20T23:35:37.435676" level="INFO">${selected_value} = З</msg>
<var>${selected_value}</var>
<arg>${dropdown_id}</arg>
<doc>Returns the value of selected option from selection list ``locator``.</doc>
<status status="PASS" start="2026-04-20T23:35:37.404982" elapsed="0.030716"/>
</kw>
<kw name="Should Be Equal As Strings" owner="BuiltIn">
<arg>${selected_value}</arg>
<arg>${option}</arg>
<doc>Fails if objects are unequal after converting them to strings.</doc>
<status status="PASS" start="2026-04-20T23:35:37.435768" elapsed="0.000186"/>
</kw>
<arg>${dropdown_id}</arg>
<arg>${green_option}</arg>
<status status="PASS" start="2026-04-20T23:35:37.375804" elapsed="0.060189"/>
</kw>
<kw name="Select And Check Option">
<kw name="Select From List By Value" owner="SeleniumLibrary">
<msg time="2026-04-20T23:35:37.438716" level="INFO">Selecting options from selection list 'select2' by value С.</msg>
<arg>${dropdown_id}</arg>
<arg>${option}</arg>
<doc>Selects options from selection list ``locator`` by ``values``.</doc>
<status status="PASS" start="2026-04-20T23:35:37.436194" elapsed="0.040491"/>
</kw>
<kw name="Get Selected List Value" owner="SeleniumLibrary">
<msg time="2026-04-20T23:35:37.500868" level="INFO">${selected_value} = С</msg>
<var>${selected_value}</var>
<arg>${dropdown_id}</arg>
<doc>Returns the value of selected option from selection list ``locator``.</doc>
<status status="PASS" start="2026-04-20T23:35:37.476966" elapsed="0.023930"/>
</kw>
<kw name="Should Be Equal As Strings" owner="BuiltIn">
<arg>${selected_value}</arg>
<arg>${option}</arg>
<doc>Fails if objects are unequal after converting them to strings.</doc>
<status status="PASS" start="2026-04-20T23:35:37.500985" elapsed="0.000200"/>
</kw>
<arg>${dropdown_id}</arg>
<arg>${blue_option}</arg>
<status status="PASS" start="2026-04-20T23:35:37.436066" elapsed="0.065158"/>
</kw>
<var name="${dropdown_id}">select2</var>
<status status="PASS" start="2026-04-20T23:35:37.284441" elapsed="0.216805"/>
</iter>
<iter>
<kw name="Check Dropdown Options">
<kw name="Get List Items" owner="SeleniumLibrary">
<msg time="2026-04-20T23:35:37.531745" level="INFO">${options} = ['Выбери', 'К', 'З', 'С']</msg>
<var>${options}</var>
<arg>xpath=//select[@id='${dropdown_id}']</arg>
<doc>Returns all labels or values of selection list ``locator``.</doc>
<status status="PASS" start="2026-04-20T23:35:37.501497" elapsed="0.030273"/>
</kw>
<kw name="Should Contain" owner="BuiltIn">
<arg>${options}</arg>
<arg>${select_option}</arg>
<doc>Fails if ``container`` does not contain ``item`` one or more times.</doc>
<status status="PASS" start="2026-04-20T23:35:37.531847" elapsed="0.000179"/>
</kw>
<kw name="Should Contain" owner="BuiltIn">
<arg>${options}</arg>
<arg>${red_option}</arg>
<doc>Fails if ``container`` does not contain ``item`` one or more times.</doc>
<status status="PASS" start="2026-04-20T23:35:37.532084" elapsed="0.000131"/>
</kw>
<kw name="Should Contain" owner="BuiltIn">
<arg>${options}</arg>
<arg>${green_option}</arg>
<doc>Fails if ``container`` does not contain ``item`` one or more times.</doc>
<status status="PASS" start="2026-04-20T23:35:37.532261" elapsed="0.000113"/>
</kw>
<kw name="Should Contain" owner="BuiltIn">
<arg>${options}</arg>
<arg>${blue_option}</arg>
<doc>Fails if ``container`` does not contain ``item`` one or more times.</doc>
<status status="PASS" start="2026-04-20T23:35:37.532419" elapsed="0.000109"/>
</kw>
<arg>${dropdown_id}</arg>
<status status="PASS" start="2026-04-20T23:35:37.501381" elapsed="0.031179"/>
</kw>
<kw name="Select And Check Option">
<kw name="Select From List By Value" owner="SeleniumLibrary">
<msg time="2026-04-20T23:35:37.532826" level="INFO">Selecting options from selection list 'select3' by value К.</msg>
<arg>${dropdown_id}</arg>
<arg>${option}</arg>
<doc>Selects options from selection list ``locator`` by ``values``.</doc>
<status status="PASS" start="2026-04-20T23:35:37.532743" elapsed="0.033344"/>
</kw>
<kw name="Get Selected List Value" owner="SeleniumLibrary">
<msg time="2026-04-20T23:35:37.593031" level="INFO">${selected_value} = К</msg>
<var>${selected_value}</var>
<arg>${dropdown_id}</arg>
<doc>Returns the value of selected option from selection list ``locator``.</doc>
<status status="PASS" start="2026-04-20T23:35:37.566186" elapsed="0.026879"/>
</kw>
<kw name="Should Be Equal As Strings" owner="BuiltIn">
<arg>${selected_value}</arg>
<arg>${option}</arg>
<doc>Fails if objects are unequal after converting them to strings.</doc>
<status status="PASS" start="2026-04-20T23:35:37.593172" elapsed="0.000237"/>
</kw>
<arg>${dropdown_id}</arg>
<arg>${red_option}</arg>
<status status="PASS" start="2026-04-20T23:35:37.532626" elapsed="0.060832"/>
</kw>
<kw name="Select And Check Option">
<kw name="Select From List By Value" owner="SeleniumLibrary">
<msg time="2026-04-20T23:35:37.593849" level="INFO">Selecting options from selection list 'select3' by value З.</msg>
<arg>${dropdown_id}</arg>
<arg>${option}</arg>
<doc>Selects options from selection list ``locator`` by ``values``.</doc>
<status status="PASS" start="2026-04-20T23:35:37.593730" elapsed="0.023874"/>
</kw>
<kw name="Get Selected List Value" owner="SeleniumLibrary">
<msg time="2026-04-20T23:35:37.641359" level="INFO">${selected_value} = З</msg>
<var>${selected_value}</var>
<arg>${dropdown_id}</arg>
<doc>Returns the value of selected option from selection list ``locator``.</doc>
<status status="PASS" start="2026-04-20T23:35:37.617712" elapsed="0.023709"/>
</kw>
<kw name="Should Be Equal As Strings" owner="BuiltIn">
<arg>${selected_value}</arg>
<arg>${option}</arg>
<doc>Fails if objects are unequal after converting them to strings.</doc>
<status status="PASS" start="2026-04-20T23:35:37.641612" elapsed="0.000365"/>
</kw>
<arg>${dropdown_id}</arg>
<arg>${green_option}</arg>
<status status="PASS" start="2026-04-20T23:35:37.593552" elapsed="0.048479"/>
</kw>
<kw name="Select And Check Option">
<kw name="Select From List By Value" owner="SeleniumLibrary">
<msg time="2026-04-20T23:35:37.642435" level="INFO">Selecting options from selection list 'select3' by value С.</msg>
<arg>${dropdown_id}</arg>
<arg>${option}</arg>
<doc>Selects options from selection list ``locator`` by ``values``.</doc>
<status status="PASS" start="2026-04-20T23:35:37.642312" elapsed="0.023159"/>
</kw>
<kw name="Get Selected List Value" owner="SeleniumLibrary">
<msg time="2026-04-20T23:35:37.689072" level="INFO">${selected_value} = С</msg>
<var>${selected_value}</var>
<arg>${dropdown_id}</arg>
<doc>Returns the value of selected option from selection list ``locator``.</doc>
<status status="PASS" start="2026-04-20T23:35:37.665572" elapsed="0.023527"/>
</kw>
<kw name="Should Be Equal As Strings" owner="BuiltIn">
<arg>${selected_value}</arg>
<arg>${option}</arg>
<doc>Fails if objects are unequal after converting them to strings.</doc>
<status status="PASS" start="2026-04-20T23:35:37.689179" elapsed="0.000185"/>
</kw>
<arg>${dropdown_id}</arg>
<arg>${blue_option}</arg>
<status status="PASS" start="2026-04-20T23:35:37.642132" elapsed="0.047270"/>
</kw>
<var name="${dropdown_id}">select3</var>
<status status="PASS" start="2026-04-20T23:35:37.501314" elapsed="0.188109"/>
</iter>
<var>${dropdown_id}</var>
<value>@{dropdown_ids}</value>
<status status="PASS" start="2026-04-20T23:35:37.018712" elapsed="0.670736"/>
</for>
<kw name="Close Browser" owner="SeleniumLibrary">
<doc>Closes the current browser.</doc>
<status status="PASS" start="2026-04-20T23:35:37.689818" elapsed="2.093920"/>
</kw>
<doc>Проверка элементов выпадающих списков (все элементы выпадающих списков (select1, select2, select3) корректно отображаются и выбираются)</doc>
<status status="PASS" start="2026-04-20T23:35:30.154719" elapsed="9.630778"/>
</test>
<test id="s1-t6" name="Check Color Buttons Options - Test 6" line="102">
<kw name="Open Browser" owner="SeleniumLibrary">
<msg time="2026-04-20T23:35:39.792145" level="INFO">Opening browser 'Chrome' to base url 'https://enchanting-dango-f1fff3.netlify.app'.</msg>
<arg>https://enchanting-dango-f1fff3.netlify.app</arg>
<arg>Chrome</arg>
<doc>Opens a new browser instance to the optional ``url``.</doc>
<status status="PASS" start="2026-04-20T23:35:39.791563" elapsed="3.862860"/>
</kw>
<kw name="Get Text" owner="SeleniumLibrary">
<msg time="2026-04-20T23:35:43.667977" level="INFO">${k_button_text} = К</msg>
<var>${k_button_text}</var>
<arg>id=${k_button_id}</arg>
<doc>Returns the text value of the element identified by ``locator``.</doc>
<status status="PASS" start="2026-04-20T23:35:43.655732" elapsed="0.012272"/>
</kw>
<kw name="Should Be Equal As Strings" owner="BuiltIn">
<arg>${k_button_text}</arg>
<arg>К</arg>
<doc>Fails if objects are unequal after converting them to strings.</doc>
<status status="PASS" start="2026-04-20T23:35:43.668192" elapsed="0.000208"/>
</kw>
<kw name="Get Text" owner="SeleniumLibrary">
<msg time="2026-04-20T23:35:43.680039" level="INFO">${z_button_text} = З</msg>
<var>${z_button_text}</var>
<arg>id=${z_button_id}</arg>
<doc>Returns the text value of the element identified by ``locator``.</doc>
<status status="PASS" start="2026-04-20T23:35:43.668513" elapsed="0.011551"/>
</kw>
<kw name="Should Be Equal As Strings" owner="BuiltIn">
<arg>${z_button_text}</arg>
<arg>З</arg>
<doc>Fails if objects are unequal after converting them to strings.</doc>
<status status="PASS" start="2026-04-20T23:35:43.680218" elapsed="0.000186"/>
</kw>
<kw name="Get Text" owner="SeleniumLibrary">
<msg time="2026-04-20T23:35:43.691347" level="INFO">${s_button_text} = С</msg>
<var>${s_button_text}</var>
<arg>id=${s_button_id}</arg>
<doc>Returns the text value of the element identified by ``locator``.</doc>
<status status="PASS" start="2026-04-20T23:35:43.680518" elapsed="0.010856"/>
</kw>
<kw name="Should Be Equal As Strings" owner="BuiltIn">
<arg>${s_button_text}</arg>
<arg>С</arg>
<doc>Fails if objects are unequal after converting them to strings.</doc>
<status status="PASS" start="2026-04-20T23:35:43.691550" elapsed="0.000196"/>
</kw>
<kw name="Click Green Button Multiple Times">
<for flavor="IN RANGE">
<iter>
<kw name="Click Element" owner="SeleniumLibrary">
<msg time="2026-04-20T23:35:43.692247" level="INFO">Clicking element 'id=greenButton'.</msg>
<arg>${green_button_id}</arg>
<doc>Click the element identified by ``locator``.</doc>
<status status="PASS" start="2026-04-20T23:35:43.692158" elapsed="0.045433"/>
</kw>
<var name="${index}">0</var>
<status status="PASS" start="2026-04-20T23:35:43.692112" elapsed="0.045536"/>
</iter>
<var>${index}</var>
<value>${times}</value>
<status status="PASS" start="2026-04-20T23:35:43.692005" elapsed="0.045675"/>
</for>
<arg>1</arg>
<status status="PASS" start="2026-04-20T23:35:43.691899" elapsed="0.045835"/>
</kw>
<kw name="Click Blue Button Multiple Times">
<for flavor="IN RANGE">
<iter>
<kw name="Click Element" owner="SeleniumLibrary">
<msg time="2026-04-20T23:35:43.739002" level="INFO">Clicking element 'id=blueButton'.</msg>
<arg>${blue_button_id}</arg>
<doc>Click the element identified by ``locator``.</doc>
<status status="PASS" start="2026-04-20T23:35:43.738699" elapsed="0.038578"/>
</kw>
<var name="${index}">0</var>
<status status="PASS" start="2026-04-20T23:35:43.738612" elapsed="0.038728"/>
</iter>
<var>${index}</var>
<value>${times}</value>
<status status="PASS" start="2026-04-20T23:35:43.738365" elapsed="0.039008"/>
</for>
<arg>1</arg>
<status status="PASS" start="2026-04-20T23:35:43.738083" elapsed="0.039338"/>
</kw>
<kw name="Click Red Button Multiple Times">
<for flavor="IN RANGE">
<iter>
<kw name="Click Element" owner="SeleniumLibrary">
<msg time="2026-04-20T23:35:43.778485" level="INFO">Clicking element 'id=redButton'.</msg>
<arg>${red_button_id}</arg>
<doc>Click the element identified by ``locator``.</doc>
<status status="PASS" start="2026-04-20T23:35:43.778346" elapsed="0.033013"/>
</kw>
<var name="${index}">0</var>
<status status="PASS" start="2026-04-20T23:35:43.778270" elapsed="0.033270"/>
</iter>
<var>${index}</var>
<value>${times}</value>
<status status="PASS" start="2026-04-20T23:35:43.778138" elapsed="0.033546"/>
</for>
<arg>1</arg>
<status status="PASS" start="2026-04-20T23:35:43.777973" elapsed="0.033904"/>
</kw>
<kw name="Get Text" owner="SeleniumLibrary">
<msg time="2026-04-20T23:35:43.824217" level="INFO">${subsequence} = З
С
К</msg>
<var>${subsequence}</var>
<arg>id:output</arg>
<doc>Returns the text value of the element identified by ``locator``.</doc>
<status status="PASS" start="2026-04-20T23:35:43.812559" elapsed="0.011700"/>
</kw>
<kw name="Replace String" owner="String">
<msg time="2026-04-20T23:35:43.824752" level="INFO">${cleaned_subsequence} = З С К</msg>
<var>${cleaned_subsequence}</var>
<arg>${subsequence}</arg>
<arg>\n</arg>
<arg>${SPACE}</arg>
<doc>Replaces ``search_for`` in the given ``string`` with ``replace_with``.</doc>
<status status="PASS" start="2026-04-20T23:35:43.824475" elapsed="0.000303"/>
</kw>
<kw name="Should Be Equal As Strings" owner="BuiltIn">
<arg>${cleaned_subsequence}</arg>
<arg>З С К</arg>
<doc>Fails if objects are unequal after converting them to strings.</doc>
<status status="PASS" start="2026-04-20T23:35:43.825018" elapsed="0.000251"/>
</kw>
<kw name="Close Browser" owner="SeleniumLibrary">
<doc>Closes the current browser.</doc>
<status status="PASS" start="2026-04-20T23:35:43.825449" elapsed="2.072312"/>
</kw>
<doc>Проверка кнопок "К","С","З" (имена кнопок корректны и при их нажатии прописывается корректный элемент)</doc>
<status status="PASS" start="2026-04-20T23:35:39.789542" elapsed="6.108928"/>
</test>
<test id="s1-t7" name="Check Sequence Options - Test 7" line="125">
<kw name="Open Browser" owner="SeleniumLibrary">
<msg time="2026-04-20T23:35:45.901785" level="INFO">Opening browser 'Chrome' to base url 'https://enchanting-dango-f1fff3.netlify.app'.</msg>
<arg>https://enchanting-dango-f1fff3.netlify.app</arg>
<arg>Chrome</arg>
<doc>Opens a new browser instance to the optional ``url``.</doc>
<status status="PASS" start="2026-04-20T23:35:45.901330" elapsed="4.188089"/>
</kw>
<kw name="Get Text" owner="SeleniumLibrary">
<msg time="2026-04-20T23:35:50.103464" level="INFO">${subsequence} = </msg>
<var>${subsequence}</var>
<arg>id:output</arg>
<doc>Returns the text value of the element identified by ``locator``.</doc>
<status status="PASS" start="2026-04-20T23:35:50.089795" elapsed="0.013697"/>
</kw>
<kw name="Should Be Empty" owner="BuiltIn">
<msg time="2026-04-20T23:35:50.103849" level="INFO">Length is 0.</msg>
<arg>${subsequence}</arg>
<doc>Verifies that the given item is empty.</doc>
<status status="PASS" start="2026-04-20T23:35:50.103664" elapsed="0.000214"/>
</kw>
<kw name="Get Element Attribute" owner="SeleniumLibrary">
<msg time="2026-04-20T23:35:50.110149" level="INFO">${attr} = None</msg>
<var>${attr}</var>
<arg>id=output</arg>
<arg>contenteditable</arg>
<doc>Returns the value of ``attribute`` from the element ``locator``.</doc>
<status status="PASS" start="2026-04-20T23:35:50.104029" elapsed="0.006147"/>
</kw>
<kw name="Should Be Equal" owner="BuiltIn">
<arg>${attr}</arg>
<arg>${None}</arg>
<doc>Fails if the given objects are unequal.</doc>
<status status="PASS" start="2026-04-20T23:35:50.110351" elapsed="0.000260"/>
</kw>
<kw name="Close Browser" owner="SeleniumLibrary">
<doc>Closes the current browser.</doc>
<status status="PASS" start="2026-04-20T23:35:50.110760" elapsed="2.102089"/>
</kw>
<doc>Проверка поля ввода последовательности (поле ввода пустое и недоступно для редактирования с клавиатуры)</doc>
<status status="PASS" start="2026-04-20T23:35:45.899910" elapsed="6.314913"/>
</test>
<test id="s1-t8" name="Check Color of Sequence - Test 8" line="138">
<kw name="Open Browser" owner="SeleniumLibrary">
<msg time="2026-04-20T23:35:52.218573" level="INFO">Opening browser 'Chrome' to base url 'https://enchanting-dango-f1fff3.netlify.app'.</msg>
<arg>https://enchanting-dango-f1fff3.netlify.app</arg>
<arg>Chrome</arg>
<doc>Opens a new browser instance to the optional ``url``.</doc>
<status status="PASS" start="2026-04-20T23:35:52.218173" elapsed="4.738654"/>
</kw>
<kw name="Select From List By Value" owner="SeleniumLibrary">
<msg time="2026-04-20T23:35:56.957984" level="INFO">Selecting options from selection list 'id:select1' by value К.</msg>
<arg>id:select1</arg>
<arg>К</arg>
<doc>Selects options from selection list ``locator`` by ``values``.</doc>
<status status="PASS" start="2026-04-20T23:35:56.957832" elapsed="0.053142"/>
</kw>
<kw name="Select From List By Value" owner="SeleniumLibrary">
<msg time="2026-04-20T23:35:57.011556" level="INFO">Selecting options from selection list 'id:select2' by value С.</msg>
<arg>id:select2</arg>
<arg>С</arg>
<doc>Selects options from selection list ``locator`` by ``values``.</doc>
<status status="PASS" start="2026-04-20T23:35:57.011299" elapsed="0.044495"/>
</kw>
<kw name="Select From List By Value" owner="SeleniumLibrary">
<msg time="2026-04-20T23:35:57.056448" level="INFO">Selecting options from selection list 'id:select3' by value З.</msg>
<arg>id:select3</arg>
<arg>З</arg>
<doc>Selects options from selection list ``locator`` by ``values``.</doc>
<status status="PASS" start="2026-04-20T23:35:57.056218" elapsed="0.033819"/>
</kw>
<kw name="Click Green Button Multiple Times">
<for flavor="IN RANGE">
<iter>
<kw name="Click Element" owner="SeleniumLibrary">
<msg time="2026-04-20T23:35:57.091017" level="INFO">Clicking element 'id=greenButton'.</msg>
<arg>${green_button_id}</arg>
<doc>Click the element identified by ``locator``.</doc>
<status status="PASS" start="2026-04-20T23:35:57.090849" elapsed="0.049621"/>
</kw>
<var name="${index}">0</var>
<status status="PASS" start="2026-04-20T23:35:57.090754" elapsed="0.049774"/>
</iter>
<var>${index}</var>
<value>${times}</value>
<status status="PASS" start="2026-04-20T23:35:57.090580" elapsed="0.049980"/>
</for>
<arg>1</arg>
<status status="PASS" start="2026-04-20T23:35:57.090362" elapsed="0.050246"/>
</kw>
<kw name="Click Blue Button Multiple Times">
<for flavor="IN RANGE">
<iter>
<kw name="Click Element" owner="SeleniumLibrary">
<msg time="2026-04-20T23:35:57.141391" level="INFO">Clicking element 'id=blueButton'.</msg>
<arg>${blue_button_id}</arg>
<doc>Click the element identified by ``locator``.</doc>
<status status="PASS" start="2026-04-20T23:35:57.141286" elapsed="0.034955"/>
</kw>
<var name="${index}">0</var>
<status status="PASS" start="2026-04-20T23:35:57.141227" elapsed="0.035072"/>
</iter>
<var>${index}</var>
<value>${times}</value>
<status status="PASS" start="2026-04-20T23:35:57.141124" elapsed="0.035207"/>
</for>
<arg>1</arg>
<status status="PASS" start="2026-04-20T23:35:57.140990" elapsed="0.035388"/>
</kw>
<kw name="Click Red Button Multiple Times">
<for flavor="IN RANGE">
<iter>
<kw name="Click Element" owner="SeleniumLibrary">
<msg time="2026-04-20T23:35:57.177121" level="INFO">Clicking element 'id=redButton'.</msg>
<arg>${red_button_id}</arg>
<doc>Click the element identified by ``locator``.</doc>
<status status="PASS" start="2026-04-20T23:35:57.177012" elapsed="0.034189"/>
</kw>
<var name="${index}">0</var>
<status status="PASS" start="2026-04-20T23:35:57.176953" elapsed="0.034306"/>
</iter>
<var>${index}</var>
<value>${times}</value>
<status status="PASS" start="2026-04-20T23:35:57.176847" elapsed="0.034443"/>
</for>
<arg>1</arg>
<status status="PASS" start="2026-04-20T23:35:57.176716" elapsed="0.034621"/>
</kw>
<kw name="Get Element Attribute" owner="SeleniumLibrary">
<msg time="2026-04-20T23:35:57.223533" level="INFO">${class} = text-red-500 font-mediuam</msg>
<var>${class}</var>
<arg>xpath=//div[@id='output']/span[.='К'][1]</arg>
<arg>class</arg>
<doc>Returns the value of ``attribute`` from the element ``locator``.</doc>
<status status="PASS" start="2026-04-20T23:35:57.211529" elapsed="0.012032"/>
</kw>
<kw name="Should Contain" owner="BuiltIn">
<arg>${class}</arg>
<arg>text-red-500</arg>
<doc>Fails if ``container`` does not contain ``item`` one or more times.</doc>
<status status="PASS" start="2026-04-20T23:35:57.223737" elapsed="0.000217"/>
</kw>
<kw name="Get Element Attribute" owner="SeleniumLibrary">
<msg time="2026-04-20T23:35:57.231878" level="INFO">${class} = text-blue-500 font-mediuam</msg>
<var>${class}</var>
<arg>xpath=//div[@id='output']/span[.='С'][1]</arg>
<arg>class</arg>
<doc>Returns the value of ``attribute`` from the element ``locator``.</doc>
<status status="PASS" start="2026-04-20T23:35:57.224094" elapsed="0.007804"/>
</kw>
<kw name="Should Contain" owner="BuiltIn">
<arg>${class}</arg>
<arg>text-blue-500</arg>
<doc>Fails if ``container`` does not contain ``item`` one or more times.</doc>
<status status="PASS" start="2026-04-20T23:35:57.232127" elapsed="0.000158"/>
</kw>
<kw name="Get Element Attribute" owner="SeleniumLibrary">
<msg time="2026-04-20T23:35:57.246910" level="INFO">${class} = text-green-500 font-mediuam</msg>
<var>${class}</var>
<arg>xpath=//div[@id='output']/span[.='З'][1]</arg>
<arg>class</arg>
<doc>Returns the value of ``attribute`` from the element ``locator``.</doc>
<status status="PASS" start="2026-04-20T23:35:57.232888" elapsed="0.014047"/>
</kw>
<kw name="Should Contain" owner="BuiltIn">
<arg>${class}</arg>
<arg>text-green-500</arg>
<doc>Fails if ``container`` does not contain ``item`` one or more times.</doc>
<status status="PASS" start="2026-04-20T23:35:57.247145" elapsed="0.000218"/>
</kw>
<kw name="Close Browser" owner="SeleniumLibrary">
<doc>Closes the current browser.</doc>
<status status="PASS" start="2026-04-20T23:35:57.247839" elapsed="2.068815"/>
</kw>
<doc>Проверка поля ввода последовательности (Цвет символа соотвествует названию буквы К-красный, З-зеленый, С-синий)</doc>
<status status="PASS" start="2026-04-20T23:35:52.216525" elapsed="7.101967"/>
</test>
<test id="s1-t9" name="Check Sort Button Options - Test 9" line="159">
<kw name="Open Browser" owner="SeleniumLibrary">
<msg time="2026-04-20T23:35:59.323258" level="INFO">Opening browser 'Chrome' to base url 'https://enchanting-dango-f1fff3.netlify.app'.</msg>
<arg>https://enchanting-dango-f1fff3.netlify.app</arg>
<arg>Chrome</arg>
<doc>Opens a new browser instance to the optional ``url``.</doc>
<status status="PASS" start="2026-04-20T23:35:59.322798" elapsed="3.854642"/>
</kw>
<kw name="Get Text" owner="SeleniumLibrary">
<msg time="2026-04-20T23:36:03.195470" level="INFO">${sort_button_text} = Сортировать</msg>
<var>${sort_button_text}</var>
<arg>id=${sort_button_id}</arg>
<doc>Returns the text value of the element identified by ``locator``.</doc>
<status status="PASS" start="2026-04-20T23:36:03.178522" elapsed="0.016978"/>
</kw>
<kw name="Should Be Equal As Strings" owner="BuiltIn">
<arg>${sort_button_text}</arg>
<arg>Сортировать</arg>
<doc>Fails if objects are unequal after converting them to strings.</doc>
<status status="PASS" start="2026-04-20T23:36:03.195717" elapsed="0.000218"/>
</kw>
<kw name="Select From List By Value" owner="SeleniumLibrary">
<msg time="2026-04-20T23:36:03.196401" level="INFO">Selecting options from selection list 'id:select1' by value С.</msg>
<arg>id:select1</arg>
<arg>С</arg>
<doc>Selects options from selection list ``locator`` by ``values``.</doc>
<status status="PASS" start="2026-04-20T23:36:03.196190" elapsed="0.042421"/>
</kw>
<kw name="Select From List By Value" owner="SeleniumLibrary">
<msg time="2026-04-20T23:36:03.239131" level="INFO">Selecting options from selection list 'id:select2' by value К.</msg>
<arg>id:select2</arg>
<arg>К</arg>
<doc>Selects options from selection list ``locator`` by ``values``.</doc>
<status status="PASS" start="2026-04-20T23:36:03.239000" elapsed="0.031597"/>
</kw>
<kw name="Click Green Button Multiple Times">
<for flavor="IN RANGE">
<iter>
<kw name="Click Element" owner="SeleniumLibrary">
<msg time="2026-04-20T23:36:03.271537" level="INFO">Clicking element 'id=greenButton'.</msg>
<arg>${green_button_id}</arg>
<doc>Click the element identified by ``locator``.</doc>
<status status="PASS" start="2026-04-20T23:36:03.271433" elapsed="0.043168"/>
</kw>
<var name="${index}">0</var>
<status status="PASS" start="2026-04-20T23:36:03.271377" elapsed="0.043281"/>
</iter>
<var>${index}</var>
<value>${times}</value>
<status status="PASS" start="2026-04-20T23:36:03.271261" elapsed="0.043428"/>
</for>
<arg>1</arg>
<status status="PASS" start="2026-04-20T23:36:03.271127" elapsed="0.043612"/>
</kw>
<kw name="Click Blue Button Multiple Times">
<for flavor="IN RANGE">
<iter>
<kw name="Click Element" owner="SeleniumLibrary">
<msg time="2026-04-20T23:36:03.315451" level="INFO">Clicking element 'id=blueButton'.</msg>
<arg>${blue_button_id}</arg>
<doc>Click the element identified by ``locator``.</doc>
<status status="PASS" start="2026-04-20T23:36:03.315340" elapsed="0.039499"/>
</kw>
<var name="${index}">0</var>
<status status="PASS" start="2026-04-20T23:36:03.315281" elapsed="0.039618"/>
</iter>
<var>${index}</var>
<value>${times}</value>
<status status="PASS" start="2026-04-20T23:36:03.315178" elapsed="0.039751"/>
</for>
<arg>1</arg>
<status status="PASS" start="2026-04-20T23:36:03.315049" elapsed="0.039930"/>
</kw>
<kw name="Click Red Button Multiple Times">
<for flavor="IN RANGE">
<iter>
<kw name="Click Element" owner="SeleniumLibrary">
<msg time="2026-04-20T23:36:03.355622" level="INFO">Clicking element 'id=redButton'.</msg>
<arg>${red_button_id}</arg>
<doc>Click the element identified by ``locator``.</doc>
<status status="PASS" start="2026-04-20T23:36:03.355514" elapsed="0.036731"/>
</kw>
<var name="${index}">0</var>
<status status="PASS" start="2026-04-20T23:36:03.355457" elapsed="0.036848"/>
</iter>
<var>${index}</var>
<value>${times}</value>
<status status="PASS" start="2026-04-20T23:36:03.355355" elapsed="0.036979"/>
</for>
<arg>1</arg>
<status status="PASS" start="2026-04-20T23:36:03.355221" elapsed="0.037162"/>
</kw>
<kw name="Click Button" owner="SeleniumLibrary">
<msg time="2026-04-20T23:36:03.392817" level="INFO">Clicking button 'id=sendDataButton'.</msg>
<arg>id=${sort_button_id}</arg>
<doc>Clicks the button identified by ``locator``.</doc>
<status status="PASS" start="2026-04-20T23:36:03.392654" elapsed="0.038644"/>
</kw>
<kw name="Get Text" owner="SeleniumLibrary">
<msg time="2026-04-20T23:36:03.440045" level="INFO">${text_result} = </msg>
<var>${text_result}</var>
<arg>id:result</arg>
<doc>Returns the text value of the element identified by ``locator``.</doc>
<status status="PASS" start="2026-04-20T23:36:03.431581" elapsed="0.008495"/>
</kw>
<kw name="Replace String" owner="String">
<msg time="2026-04-20T23:36:03.440488" level="INFO">${cleaned_result} = </msg>
<var>${cleaned_result}</var>
<arg>${text_result}</arg>
<arg>\n</arg>
<arg>${SPACE}</arg>
<doc>Replaces ``search_for`` in the given ``string`` with ``replace_with``.</doc>
<status status="PASS" start="2026-04-20T23:36:03.440298" elapsed="0.000207"/>
</kw>
<kw name="Log" owner="BuiltIn">
<msg time="2026-04-20T23:36:03.440812" level="INFO"/>
<arg>${cleaned_result}</arg>
<doc>Logs the given message with the given level.</doc>
<status status="PASS" start="2026-04-20T23:36:03.440662" elapsed="0.000171"/>
</kw>
<kw name="Should Be Equal As Strings" owner="BuiltIn">
<msg time="2026-04-20T23:36:03.441086" level="FAIL"> != С К</msg>
<arg>${cleaned_result}</arg>
<arg>С К</arg>
<doc>Fails if objects are unequal after converting them to strings.</doc>
<status status="FAIL" start="2026-04-20T23:36:03.440927" elapsed="0.000200"> != С К</status>
</kw>
<kw name="Fail" owner="BuiltIn">
<arg>Known issue: result may be incorrect due to Bug #5430</arg>
<doc>Fails the test with the given message and optionally alters its tags.</doc>
<status status="NOT RUN" start="2026-04-20T23:36:03.441232" elapsed="0.000014"/>
</kw>
<kw name="Close Browser" owner="SeleniumLibrary">
<doc>Closes the current browser.</doc>
<status status="NOT RUN" start="2026-04-20T23:36:03.441330" elapsed="0.000012"/>
</kw>
<kw name="Report Known Issue" type="TEARDOWN">
<kw name="Run Keyword If" owner="BuiltIn">
<kw name="Fail" owner="BuiltIn">
<msg time="2026-04-20T23:36:03.441951" level="FAIL">Known issue: Bug #5430</msg>
<arg>Known issue: ${issue_number}</arg>
<doc>Fails the test with the given message and optionally alters its tags.</doc>
<status status="FAIL" start="2026-04-20T23:36:03.441820" elapsed="0.000156">Known issue: Bug #5430</status>
</kw>
<arg>'${TEST STATUS}' == 'FAIL'</arg>
<arg>Fail</arg>
<arg>Known issue: ${issue_number}</arg>
<doc>Runs the given keyword with the given arguments, if ``condition`` is true.</doc>
<status status="FAIL" start="2026-04-20T23:36:03.441627" elapsed="0.000382">Known issue: Bug #5430</status>
</kw>
<arg>Bug #5430</arg>
<status status="FAIL" start="2026-04-20T23:36:03.441500" elapsed="0.000561">Known issue: Bug #5430</status>
</kw>
<doc>Проверка кнопки "Сортировать" : имя кнопки корректно и при ее нажатии прописывается результат</doc>
<status status="FAIL" start="2026-04-20T23:35:59.320998" elapsed="4.121134"> != С К

Also teardown failed:
Known issue: Bug #5430</status>
</test>
<test id="s1-t10" name="Check Result Options - Test 10" line="188">
<kw name="Open Browser" owner="SeleniumLibrary">
<msg time="2026-04-20T23:36:03.442634" level="INFO">Opening browser 'Chrome' to base url 'https://enchanting-dango-f1fff3.netlify.app'.</msg>
<arg>https://enchanting-dango-f1fff3.netlify.app</arg>
<arg>Chrome</arg>
<doc>Opens a new browser instance to the optional ``url``.</doc>
<status status="PASS" start="2026-04-20T23:36:03.442566" elapsed="3.921434"/>
</kw>
<kw name="Get Text" owner="SeleniumLibrary">
<msg time="2026-04-20T23:36:07.378077" level="INFO">${result} = </msg>
<var>${result}</var>
<arg>id:output</arg>
<doc>Returns the text value of the element identified by ``locator``.</doc>
<status status="PASS" start="2026-04-20T23:36:07.364356" elapsed="0.013749"/>
</kw>
<kw name="Should Be Empty" owner="BuiltIn">
<msg time="2026-04-20T23:36:07.378491" level="INFO">Length is 0.</msg>
<arg>${result}</arg>
<doc>Verifies that the given item is empty.</doc>
<status status="PASS" start="2026-04-20T23:36:07.378303" elapsed="0.000213"/>
</kw>
<kw name="Get Element Attribute" owner="SeleniumLibrary">
<msg time="2026-04-20T23:36:07.395980" level="INFO">${attr} = None</msg>
<var>${attr}</var>
<arg>id=output</arg>
<arg>contenteditable</arg>
<doc>Returns the value of ``attribute`` from the element ``locator``.</doc>
<status status="PASS" start="2026-04-20T23:36:07.378957" elapsed="0.017051"/>
</kw>
<kw name="Should Be Equal" owner="BuiltIn">
<arg>${attr}</arg>
<arg>${None}</arg>
<doc>Fails if the given objects are unequal.</doc>
<status status="PASS" start="2026-04-20T23:36:07.396216" elapsed="0.000247"/>
</kw>
<kw name="Close Browser" owner="SeleniumLibrary">
<doc>Closes the current browser.</doc>
<status status="PASS" start="2026-04-20T23:36:07.396819" elapsed="2.074592"/>
</kw>
<doc>Проверка поля вывода результата (поле вывода пустое и недоступно для редактирования)</doc>
<status status="PASS" start="2026-04-20T23:36:03.442365" elapsed="6.030997"/>
</test>
<test id="s1-t11" name="Check Color of Result - Test 11" line="201">
<kw name="Open Browser" owner="SeleniumLibrary">
<msg time="2026-04-20T23:36:09.482314" level="INFO">Opening browser 'Chrome' to base url 'https://enchanting-dango-f1fff3.netlify.app'.</msg>
<arg>https://enchanting-dango-f1fff3.netlify.app</arg>
<arg>Chrome</arg>
<doc>Opens a new browser instance to the optional ``url``.</doc>
<status status="PASS" start="2026-04-20T23:36:09.480647" elapsed="4.433631"/>
</kw>
<kw name="Select From List By Value" owner="SeleniumLibrary">
<msg time="2026-04-20T23:36:13.914698" level="INFO">Selecting options from selection list 'id:select1' by value З.</msg>
<arg>id:select1</arg>
<arg>З</arg>
<doc>Selects options from selection list ``locator`` by ``values``.</doc>
<status status="PASS" start="2026-04-20T23:36:13.914562" elapsed="0.048049"/>
</kw>
<kw name="Select From List By Value" owner="SeleniumLibrary">
<msg time="2026-04-20T23:36:13.962989" level="INFO">Selecting options from selection list 'id:select2' by value К.</msg>
<arg>id:select2</arg>
<arg>К</arg>
<doc>Selects options from selection list ``locator`` by ``values``.</doc>
<status status="PASS" start="2026-04-20T23:36:13.962837" elapsed="0.062010"/>
</kw>
<kw name="Select From List By Value" owner="SeleniumLibrary">
<msg time="2026-04-20T23:36:14.025160" level="INFO">Selecting options from selection list 'id:select3' by value С.</msg>
<arg>id:select3</arg>
<arg>С</arg>
<doc>Selects options from selection list ``locator`` by ``values``.</doc>
<status status="PASS" start="2026-04-20T23:36:14.025038" elapsed="0.032746"/>
</kw>
<kw name="Click Red Button Multiple Times">
<for flavor="IN RANGE">
<iter>
<kw name="Click Element" owner="SeleniumLibrary">
<msg time="2026-04-20T23:36:14.058700" level="INFO">Clicking element 'id=redButton'.</msg>
<arg>${red_button_id}</arg>
<doc>Click the element identified by ``locator``.</doc>
<status status="PASS" start="2026-04-20T23:36:14.058581" elapsed="0.037487"/>
</kw>
<var name="${index}">0</var>
<status status="PASS" start="2026-04-20T23:36:14.058504" elapsed="0.037673"/>
</iter>
<var>${index}</var>
<value>${times}</value>
<status status="PASS" start="2026-04-20T23:36:14.058321" elapsed="0.037905"/>
</for>
<arg>1</arg>
<status status="PASS" start="2026-04-20T23:36:14.058119" elapsed="0.038165"/>
</kw>
<kw name="Click Green Button Multiple Times">
<for flavor="IN RANGE">
<iter>
<kw name="Click Element" owner="SeleniumLibrary">
<msg time="2026-04-20T23:36:14.097052" level="INFO">Clicking element 'id=greenButton'.</msg>
<arg>${green_button_id}</arg>
<doc>Click the element identified by ``locator``.</doc>
<status status="PASS" start="2026-04-20T23:36:14.096941" elapsed="0.034702"/>
</kw>
<var name="${index}">0</var>
<status status="PASS" start="2026-04-20T23:36:14.096875" elapsed="0.034828"/>
</iter>
<var>${index}</var>
<value>${times}</value>
<status status="PASS" start="2026-04-20T23:36:14.096770" elapsed="0.034964"/>
</for>
<arg>1</arg>
<status status="PASS" start="2026-04-20T23:36:14.096638" elapsed="0.035147"/>
</kw>
<kw name="Click Blue Button Multiple Times">
<for flavor="IN RANGE">
<iter>
<kw name="Click Element" owner="SeleniumLibrary">
<msg time="2026-04-20T23:36:14.132515" level="INFO">Clicking element 'id=blueButton'.</msg>
<arg>${blue_button_id}</arg>
<doc>Click the element identified by ``locator``.</doc>
<status status="PASS" start="2026-04-20T23:36:14.132412" elapsed="0.027765"/>
</kw>
<var name="${index}">0</var>
<status status="PASS" start="2026-04-20T23:36:14.132356" elapsed="0.027880"/>
</iter>
<var>${index}</var>
<value>${times}</value>
<status status="PASS" start="2026-04-20T23:36:14.132258" elapsed="0.028009"/>
</for>
<arg>1</arg>
<status status="PASS" start="2026-04-20T23:36:14.132080" elapsed="0.028235"/>
</kw>
<kw name="Click Button" owner="SeleniumLibrary">
<msg time="2026-04-20T23:36:14.160631" level="INFO">Clicking button 'id=sendDataButton'.</msg>
<arg>id=${sort_button_id}</arg>
<doc>Clicks the button identified by ``locator``.</doc>
<status status="PASS" start="2026-04-20T23:36:14.160464" elapsed="0.034605"/>
</kw>
<kw name="Get WebElements" owner="SeleniumLibrary">
<msg time="2026-04-20T23:36:14.200006" level="INFO">${elements} = []</msg>
<var>${elements}</var>
<arg>xpath=//div[@id='result']/span</arg>
<doc>Returns a list of WebElement objects matching the ``locator``.</doc>
<status status="PASS" start="2026-04-20T23:36:14.195273" elapsed="0.004757"/>
</kw>
<for flavor="IN">
<iter>
<kw name="Get Text" owner="SeleniumLibrary">
<var>${text}</var>
<arg>${el}</arg>
<doc>Returns the text value of the element identified by ``locator``.</doc>
<status status="NOT RUN" start="2026-04-20T23:36:14.200581" elapsed="0.000035"/>
</kw>
<kw name="Get Element Attribute" owner="SeleniumLibrary">
<var>${class}</var>
<arg>${el}</arg>
<arg>class</arg>
<doc>Returns the value of ``attribute`` from the element ``locator``.</doc>
<status status="NOT RUN" start="2026-04-20T23:36:14.200712" elapsed="0.000023"/>
</kw>
<if>
<branch type="IF" condition="'${text}' == 'З'">
<kw name="Should Contain" owner="BuiltIn">
<arg>${class}</arg>
<arg>text-green-500</arg>
<doc>Fails if ``container`` does not contain ``item`` one or more times.</doc>
<status status="NOT RUN" start="2026-04-20T23:36:14.200923" elapsed="0.000024"/>
</kw>
<status status="NOT RUN" start="2026-04-20T23:36:14.200823" elapsed="0.000162"/>
</branch>
<status status="NOT RUN" start="2026-04-20T23:36:14.200798" elapsed="0.000225"/>
</if>
<if>
<branch type="IF" condition="'${text}' == 'К'">
<kw name="Should Contain" owner="BuiltIn">
<arg>${class}</arg>
<arg>text-red-500</arg>
<doc>Fails if ``container`` does not contain ``item`` one or more times.</doc>
<status status="NOT RUN" start="2026-04-20T23:36:14.201147" elapsed="0.000022"/>
</kw>
<status status="NOT RUN" start="2026-04-20T23:36:14.201074" elapsed="0.000129"/>
</branch>
<status status="NOT RUN" start="2026-04-20T23:36:14.201060" elapsed="0.000172"/>
</if>
<if>
<branch type="IF" condition="'${text}' == 'С'">
<kw name="Should Contain" owner="BuiltIn">
<arg>${class}</arg>
<arg>text-blue-500</arg>
<doc>Fails if ``container`` does not contain ``item`` one or more times.</doc>
<status status="NOT RUN" start="2026-04-20T23:36:14.201336" elapsed="0.000019"/>
</kw>
<status status="NOT RUN" start="2026-04-20T23:36:14.201272" elapsed="0.000117"/>
</branch>
<status status="NOT RUN" start="2026-04-20T23:36:14.201262" elapsed="0.000170"/>
</if>
<var name="${el}"/>
<status status="NOT RUN" start="2026-04-20T23:36:14.200457" elapsed="0.001002"/>
</iter>
<var>${el}</var>
<value>@{elements}</value>
<status status="NOT RUN" start="2026-04-20T23:36:14.200202" elapsed="0.001292"/>
</for>
<kw name="Close Browser" owner="SeleniumLibrary">
<doc>Closes the current browser.</doc>
<status status="PASS" start="2026-04-20T23:36:14.201739" elapsed="2.062761"/>
</kw>
<doc>Проверка поля вывода результата (цвет символа соотвествует названию буквы К-красный, З-зеленый, С-синий)</doc>
<status status="PASS" start="2026-04-20T23:36:09.477737" elapsed="6.787055"/>
</test>
<test id="s1-t12" name="Check Clear Button Options - Test 12" line="237">
<kw name="Open Browser" owner="SeleniumLibrary">
<msg time="2026-04-20T23:36:16.265899" level="INFO">Opening browser 'Chrome' to base url 'https://enchanting-dango-f1fff3.netlify.app'.</msg>
<arg>https://enchanting-dango-f1fff3.netlify.app</arg>
<arg>Chrome</arg>
<doc>Opens a new browser instance to the optional ``url``.</doc>
<status status="PASS" start="2026-04-20T23:36:16.265734" elapsed="4.917050"/>
</kw>
<kw name="Get Text" owner="SeleniumLibrary">
<msg time="2026-04-20T23:36:21.201934" level="INFO">${clear_button_text} = Очистить</msg>
<var>${clear_button_text}</var>
<arg>id=${clear_button_id}</arg>
<doc>Returns the text value of the element identified by ``locator``.</doc>
<status status="PASS" start="2026-04-20T23:36:21.183882" elapsed="0.018083"/>
</kw>
<kw name="Should Be Equal As Strings" owner="BuiltIn">
<arg>${clear_button_text}</arg>
<arg>Очистить</arg>
<doc>Fails if objects are unequal after converting them to strings.</doc>
<status status="PASS" start="2026-04-20T23:36:21.202240" elapsed="0.000381"/>
</kw>
<kw name="Select From List By Value" owner="SeleniumLibrary">
<msg time="2026-04-20T23:36:21.203103" level="INFO">Selecting options from selection list 'id:select1' by value К.</msg>
<arg>id:select1</arg>
<arg>К</arg>
<doc>Selects options from selection list ``locator`` by ``values``.</doc>
<status status="PASS" start="2026-04-20T23:36:21.202926" elapsed="0.045112"/>
</kw>
<kw name="Select From List By Value" owner="SeleniumLibrary">
<msg time="2026-04-20T23:36:21.248405" level="INFO">Selecting options from selection list 'id:select2' by value С.</msg>
<arg>id:select2</arg>
<arg>С</arg>
<doc>Selects options from selection list ``locator`` by ``values``.</doc>
<status status="PASS" start="2026-04-20T23:36:21.248263" elapsed="0.035833"/>
</kw>
<kw name="Select From List By Value" owner="SeleniumLibrary">
<msg time="2026-04-20T23:36:21.284704" level="INFO">Selecting options from selection list 'id:select3' by value З.</msg>
<arg>id:select3</arg>
<arg>З</arg>
<doc>Selects options from selection list ``locator`` by ``values``.</doc>
<status status="PASS" start="2026-04-20T23:36:21.284431" elapsed="0.033765"/>
</kw>
<kw name="Click Green Button Multiple Times">
<for flavor="IN RANGE">
<iter>
<kw name="Click Element" owner="SeleniumLibrary">
<msg time="2026-04-20T23:36:21.318860" level="INFO">Clicking element 'id=greenButton'.</msg>
<arg>${green_button_id}</arg>
<doc>Click the element identified by ``locator``.</doc>
<status status="PASS" start="2026-04-20T23:36:21.318755" elapsed="0.044446"/>
</kw>
<var name="${index}">0</var>
<status status="PASS" start="2026-04-20T23:36:21.318699" elapsed="0.044561"/>
</iter>
<iter>
<kw name="Click Element" owner="SeleniumLibrary">
<msg time="2026-04-20T23:36:21.363543" level="INFO">Clicking element 'id=greenButton'.</msg>
<arg>${green_button_id}</arg>
<doc>Click the element identified by ``locator``.</doc>
<status status="PASS" start="2026-04-20T23:36:21.363418" elapsed="0.022218"/>
</kw>
<var name="${index}">1</var>
<status status="PASS" start="2026-04-20T23:36:21.363344" elapsed="0.022346"/>
</iter>
<var>${index}</var>
<value>${times}</value>
<status status="PASS" start="2026-04-20T23:36:21.318596" elapsed="0.067125"/>
</for>
<arg>2</arg>
<status status="PASS" start="2026-04-20T23:36:21.318457" elapsed="0.067314"/>
</kw>
<kw name="Click Blue Button Multiple Times">
<for flavor="IN RANGE">
<iter>
<kw name="Click Element" owner="SeleniumLibrary">
<msg time="2026-04-20T23:36:21.386467" level="INFO">Clicking element 'id=blueButton'.</msg>
<arg>${blue_button_id}</arg>
<doc>Click the element identified by ``locator``.</doc>
<status status="PASS" start="2026-04-20T23:36:21.386357" elapsed="0.029133"/>
</kw>
<var name="${index}">0</var>
<status status="PASS" start="2026-04-20T23:36:21.386294" elapsed="0.029255"/>
</iter>
<var>${index}</var>
<value>${times}</value>
<status status="PASS" start="2026-04-20T23:36:21.386181" elapsed="0.029399"/>
</for>
<arg>1</arg>
<status status="PASS" start="2026-04-20T23:36:21.386001" elapsed="0.029630"/>
</kw>
<kw name="Click Red Button Multiple Times">
<for flavor="IN RANGE">
<iter>
<kw name="Click Element" owner="SeleniumLibrary">
<msg time="2026-04-20T23:36:21.416376" level="INFO">Clicking element 'id=redButton'.</msg>
<arg>${red_button_id}</arg>
<doc>Click the element identified by ``locator``.</doc>
<status status="PASS" start="2026-04-20T23:36:21.416261" elapsed="0.040141"/>
</kw>
<var name="${index}">0</var>
<status status="PASS" start="2026-04-20T23:36:21.416189" elapsed="0.040271"/>
</iter>
<iter>
<kw name="Click Element" owner="SeleniumLibrary">
<msg time="2026-04-20T23:36:21.456745" level="INFO">Clicking element 'id=redButton'.</msg>
<arg>${red_button_id}</arg>
<doc>Click the element identified by ``locator``.</doc>
<status status="PASS" start="2026-04-20T23:36:21.456617" elapsed="0.024171"/>
</kw>
<var name="${index}">1</var>
<status status="PASS" start="2026-04-20T23:36:21.456547" elapsed="0.024292"/>
</iter>
<iter>
<kw name="Click Element" owner="SeleniumLibrary">
<msg time="2026-04-20T23:36:21.481109" level="INFO">Clicking element 'id=redButton'.</msg>
<arg>${red_button_id}</arg>
<doc>Click the element identified by ``locator``.</doc>
<status status="PASS" start="2026-04-20T23:36:21.480988" elapsed="0.023277"/>
</kw>
<var name="${index}">2</var>
<status status="PASS" start="2026-04-20T23:36:21.480919" elapsed="0.023390"/>
</iter>
<var>${index}</var>
<value>${times}</value>
<status status="PASS" start="2026-04-20T23:36:21.416056" elapsed="0.088281"/>
</for>
<arg>3</arg>
<status status="PASS" start="2026-04-20T23:36:21.415863" elapsed="0.088520"/>
</kw>
<kw name="Click Button" owner="SeleniumLibrary">
<msg time="2026-04-20T23:36:21.505038" level="INFO">Clicking button 'id=sendDataButton'.</msg>
<arg>id=${sort_button_id}</arg>
<doc>Clicks the button identified by ``locator``.</doc>
<status status="PASS" start="2026-04-20T23:36:21.504764" elapsed="0.043295"/>
</kw>
<kw name="Click Button" owner="SeleniumLibrary">
<msg time="2026-04-20T23:36:21.548521" level="INFO">Clicking button 'id=clearButton'.</msg>
<arg>id=${clear_button_id}</arg>
<doc>Clicks the button identified by ``locator``.</doc>
<status status="PASS" start="2026-04-20T23:36:21.548319" elapsed="0.034509"/>
</kw>
<kw name="Get Selected List Label" owner="SeleniumLibrary">
<msg time="2026-04-20T23:36:21.603876" level="INFO">${selected} = Выбери</msg>
<var>${selected}</var>
<arg>id:select1</arg>
<doc>Returns the label of selected option from selection list ``locator``.</doc>
<status status="PASS" start="2026-04-20T23:36:21.583100" elapsed="0.020806"/>
</kw>
<kw name="Should Be Equal As Strings" owner="BuiltIn">
<arg>${selected}</arg>
<arg>Выбери</arg>
<doc>Fails if objects are unequal after converting them to strings.</doc>
<status status="PASS" start="2026-04-20T23:36:21.604150" elapsed="0.000264"/>
</kw>
<kw name="Get Selected List Label" owner="SeleniumLibrary">
<msg time="2026-04-20T23:36:21.622726" level="INFO">${selected} = Выбери</msg>
<var>${selected}</var>
<arg>id:select2</arg>
<doc>Returns the label of selected option from selection list ``locator``.</doc>
<status status="PASS" start="2026-04-20T23:36:21.604580" elapsed="0.018174"/>
</kw>
<kw name="Should Be Equal As Strings" owner="BuiltIn">
<arg>${selected}</arg>
<arg>Выбери</arg>
<doc>Fails if objects are unequal after converting them to strings.</doc>
<status status="PASS" start="2026-04-20T23:36:21.623045" elapsed="0.000460"/>
</kw>
<kw name="Get Selected List Label" owner="SeleniumLibrary">
<msg time="2026-04-20T23:36:21.643108" level="INFO">${selected} = Выбери</msg>
<var>${selected}</var>
<arg>id:select3</arg>
<doc>Returns the label of selected option from selection list ``locator``.</doc>
<status status="PASS" start="2026-04-20T23:36:21.623761" elapsed="0.019375"/>
</kw>
<kw name="Should Be Equal As Strings" owner="BuiltIn">
<arg>${selected}</arg>
<arg>Выбери</arg>
<doc>Fails if objects are unequal after converting them to strings.</doc>
<status status="PASS" start="2026-04-20T23:36:21.643387" elapsed="0.000383"/>
</kw>
<kw name="Get Text" owner="SeleniumLibrary">
<msg time="2026-04-20T23:36:21.654314" level="INFO">${subsequence} = </msg>
<var>${subsequence}</var>
<arg>id:output</arg>
<doc>Returns the text value of the element identified by ``locator``.</doc>
<status status="PASS" start="2026-04-20T23:36:21.644059" elapsed="0.010278"/>
</kw>
<kw name="Should Be Empty" owner="BuiltIn">
<msg time="2026-04-20T23:36:21.656129" level="INFO">Length is 0.</msg>
<arg>${subsequence}</arg>
<doc>Verifies that the given item is empty.</doc>
<status status="PASS" start="2026-04-20T23:36:21.655143" elapsed="0.001147"/>
</kw>
<kw name="Get Text" owner="SeleniumLibrary">
<msg time="2026-04-20T23:36:21.666169" level="INFO">${text_result} = </msg>
<var>${text_result}</var>
<arg>id:result</arg>
<doc>Returns the text value of the element identified by ``locator``.</doc>
<status status="PASS" start="2026-04-20T23:36:21.657145" elapsed="0.009047"/>
</kw>
<kw name="Should Be Empty" owner="BuiltIn">
<msg time="2026-04-20T23:36:21.667259" level="INFO">Length is 0.</msg>
<arg>${text_result}</arg>
<doc>Verifies that the given item is empty.</doc>
<status status="PASS" start="2026-04-20T23:36:21.666730" elapsed="0.000617"/>
</kw>
<kw name="Close Browser" owner="SeleniumLibrary">
<doc>Closes the current browser.</doc>
<status status="PASS" start="2026-04-20T23:36:21.667649" elapsed="2.074900"/>
</kw>
<doc>Проверка кнопки "Очистить" (имя кнопки корректно и при ее нажатии выпадающие списки принимаю дефолтное значение, а поля становятся пустыми)</doc>
<status status="PASS" start="2026-04-20T23:36:16.265101" elapsed="7.477972"/>
</test>
<test id="s1-t13" name="Check Sorting Rule - Test 13" line="274">
<kw name="Open Browser" owner="SeleniumLibrary">
<msg time="2026-04-20T23:36:23.745072" level="INFO">Opening browser 'Chrome' to base url 'https://enchanting-dango-f1fff3.netlify.app'.</msg>
<arg>https://enchanting-dango-f1fff3.netlify.app</arg>
<arg>Chrome</arg>
<doc>Opens a new browser instance to the optional ``url``.</doc>
<status status="PASS" start="2026-04-20T23:36:23.744824" elapsed="4.467248"/>
</kw>
<kw name="Select From List By Value" owner="SeleniumLibrary">
<msg time="2026-04-20T23:36:28.212701" level="INFO">Selecting options from selection list 'id:select1' by value К.</msg>
<arg>id:select1</arg>
<arg>К</arg>
<doc>Selects options from selection list ``locator`` by ``values``.</doc>
<status status="PASS" start="2026-04-20T23:36:28.212459" elapsed="0.038483"/>
</kw>
<kw name="Select From List By Value" owner="SeleniumLibrary">
<msg time="2026-04-20T23:36:28.251321" level="INFO">Selecting options from selection list 'id:select2' by value З.</msg>
<arg>id:select2</arg>
<arg>З</arg>
<doc>Selects options from selection list ``locator`` by ``values``.</doc>
<status status="PASS" start="2026-04-20T23:36:28.251173" elapsed="0.042534"/>
</kw>
<kw name="Select From List By Value" owner="SeleniumLibrary">
<msg time="2026-04-20T23:36:28.294545" level="INFO">Selecting options from selection list 'id:select3' by value С.</msg>
<arg>id:select3</arg>
<arg>С</arg>
<doc>Selects options from selection list ``locator`` by ``values``.</doc>
<status status="PASS" start="2026-04-20T23:36:28.294258" elapsed="0.034532"/>
</kw>
<kw name="Click Blue Button Multiple Times">
<for flavor="IN RANGE">
<iter>
<kw name="Click Element" owner="SeleniumLibrary">
<msg time="2026-04-20T23:36:28.329580" level="INFO">Clicking element 'id=blueButton'.</msg>
<arg>${blue_button_id}</arg>
<doc>Click the element identified by ``locator``.</doc>
<status status="PASS" start="2026-04-20T23:36:28.329454" elapsed="0.040142"/>
</kw>
<var name="${index}">0</var>
<status status="PASS" start="2026-04-20T23:36:28.329385" elapsed="0.040271"/>
</iter>
<iter>
<kw name="Click Element" owner="SeleniumLibrary">
<msg time="2026-04-20T23:36:28.369940" level="INFO">Clicking element 'id=blueButton'.</msg>
<arg>${blue_button_id}</arg>
<doc>Click the element identified by ``locator``.</doc>
<status status="PASS" start="2026-04-20T23:36:28.369812" elapsed="0.033649"/>
</kw>
<var name="${index}">1</var>
<status status="PASS" start="2026-04-20T23:36:28.369739" elapsed="0.033780"/>
</iter>
<var>${index}</var>
<value>${times}</value>
<status status="PASS" start="2026-04-20T23:36:28.329248" elapsed="0.074301"/>
</for>
<arg>2</arg>
<status status="PASS" start="2026-04-20T23:36:28.329081" elapsed="0.074516"/>
</kw>
<kw name="Click Red Button Multiple Times">
<for flavor="IN RANGE">
<iter>
<kw name="Click Element" owner="SeleniumLibrary">
<msg time="2026-04-20T23:36:28.404227" level="INFO">Clicking element 'id=redButton'.</msg>
<arg>${red_button_id}</arg>
<doc>Click the element identified by ``locator``.</doc>
<status status="PASS" start="2026-04-20T23:36:28.404124" elapsed="0.035554"/>
</kw>
<var name="${index}">0</var>
<status status="PASS" start="2026-04-20T23:36:28.404065" elapsed="0.035672"/>
</iter>
<iter>
<kw name="Click Element" owner="SeleniumLibrary">
<msg time="2026-04-20T23:36:28.440017" level="INFO">Clicking element 'id=redButton'.</msg>
<arg>${red_button_id}</arg>
<doc>Click the element identified by ``locator``.</doc>
<status status="PASS" start="2026-04-20T23:36:28.439891" elapsed="0.028306"/>
</kw>
<var name="${index}">1</var>
<status status="PASS" start="2026-04-20T23:36:28.439820" elapsed="0.028436"/>
</iter>
<iter>
<kw name="Click Element" owner="SeleniumLibrary">
<msg time="2026-04-20T23:36:28.468541" level="INFO">Clicking element 'id=redButton'.</msg>
<arg>${red_button_id}</arg>
<doc>Click the element identified by ``locator``.</doc>
<status status="PASS" start="2026-04-20T23:36:28.468415" elapsed="0.025023"/>
</kw>
<var name="${index}">2</var>
<status status="PASS" start="2026-04-20T23:36:28.468344" elapsed="0.025147"/>
</iter>
<iter>
<kw name="Click Element" owner="SeleniumLibrary">
<msg time="2026-04-20T23:36:28.493760" level="INFO">Clicking element 'id=redButton'.</msg>
<arg>${red_button_id}</arg>
<doc>Click the element identified by ``locator``.</doc>
<status status="PASS" start="2026-04-20T23:36:28.493641" elapsed="0.028529"/>
</kw>
<var name="${index}">3</var>
<status status="PASS" start="2026-04-20T23:36:28.493570" elapsed="0.028648"/>
</iter>
<var>${index}</var>
<value>${times}</value>
<status status="PASS" start="2026-04-20T23:36:28.403965" elapsed="0.118281"/>
</for>
<arg>4</arg>
<status status="PASS" start="2026-04-20T23:36:28.403832" elapsed="0.118463"/>
</kw>
<kw name="Click Green Button Multiple Times">
<for flavor="IN RANGE">
<iter>
<kw name="Click Element" owner="SeleniumLibrary">
<msg time="2026-04-20T23:36:28.524606" level="INFO">Clicking element 'id=greenButton'.</msg>
<arg>${green_button_id}</arg>
<doc>Click the element identified by ``locator``.</doc>
<status status="PASS" start="2026-04-20T23:36:28.524485" elapsed="0.039010"/>
</kw>
<var name="${index}">0</var>
<status status="PASS" start="2026-04-20T23:36:28.524408" elapsed="0.039173"/>
</iter>
<iter>
<kw name="Click Element" owner="SeleniumLibrary">
<msg time="2026-04-20T23:36:28.563956" level="INFO">Clicking element 'id=greenButton'.</msg>
<arg>${green_button_id}</arg>
<doc>Click the element identified by ``locator``.</doc>
<status status="PASS" start="2026-04-20T23:36:28.563799" elapsed="0.026486"/>
</kw>
<var name="${index}">1</var>
<status status="PASS" start="2026-04-20T23:36:28.563708" elapsed="0.026637"/>
</iter>
<iter>
<kw name="Click Element" owner="SeleniumLibrary">
<msg time="2026-04-20T23:36:28.590632" level="INFO">Clicking element 'id=greenButton'.</msg>
<arg>${green_button_id}</arg>
<doc>Click the element identified by ``locator``.</doc>
<status status="PASS" start="2026-04-20T23:36:28.590503" elapsed="0.029186"/>
</kw>
<var name="${index}">2</var>
<status status="PASS" start="2026-04-20T23:36:28.590430" elapsed="0.029309"/>
</iter>
<iter>
<kw name="Click Element" owner="SeleniumLibrary">
<msg time="2026-04-20T23:36:28.619993" level="INFO">Clicking element 'id=greenButton'.</msg>
<arg>${green_button_id}</arg>
<doc>Click the element identified by ``locator``.</doc>
<status status="PASS" start="2026-04-20T23:36:28.619876" elapsed="0.030119"/>
</kw>
<var name="${index}">3</var>
<status status="PASS" start="2026-04-20T23:36:28.619814" elapsed="0.030238"/>
</iter>
<iter>
<kw name="Click Element" owner="SeleniumLibrary">
<msg time="2026-04-20T23:36:28.650297" level="INFO">Clicking element 'id=greenButton'.</msg>
<arg>${green_button_id}</arg>
<doc>Click the element identified by ``locator``.</doc>
<status status="PASS" start="2026-04-20T23:36:28.650189" elapsed="0.030520"/>
</kw>
<var name="${index}">4</var>
<status status="PASS" start="2026-04-20T23:36:28.650127" elapsed="0.030628"/>
</iter>
<var>${index}</var>
<value>${times}</value>
<status status="PASS" start="2026-04-20T23:36:28.523861" elapsed="0.156923"/>
</for>
<arg>5</arg>
<status status="PASS" start="2026-04-20T23:36:28.523146" elapsed="0.157732"/>
</kw>
<kw name="Click Red Button Multiple Times">
<for flavor="IN RANGE">
<iter>
<kw name="Click Element" owner="SeleniumLibrary">
<msg time="2026-04-20T23:36:28.681755" level="INFO">Clicking element 'id=redButton'.</msg>
<arg>${red_button_id}</arg>
<doc>Click the element identified by ``locator``.</doc>
<status status="PASS" start="2026-04-20T23:36:28.681630" elapsed="0.033206"/>
</kw>
<var name="${index}">0</var>
<status status="PASS" start="2026-04-20T23:36:28.681550" elapsed="0.033344"/>
</iter>
<var>${index}</var>
<value>${times}</value>
<status status="PASS" start="2026-04-20T23:36:28.681409" elapsed="0.033514"/>
</for>
<arg>1</arg>
<status status="PASS" start="2026-04-20T23:36:28.681221" elapsed="0.033750"/>
</kw>
<kw name="Click Button" owner="SeleniumLibrary">
<msg time="2026-04-20T23:36:28.715326" level="INFO">Clicking button 'id=sendDataButton'.</msg>
<arg>id=sendDataButton</arg>
<doc>Clicks the button identified by ``locator``.</doc>
<status status="PASS" start="2026-04-20T23:36:28.715170" elapsed="0.048911"/>
</kw>
<kw name="Sleep" owner="BuiltIn">
<msg time="2026-04-20T23:36:31.765730" level="INFO">Slept 3 seconds.</msg>
<arg>3 seconds</arg>
<doc>Pauses the test executed for the given time.</doc>
<status status="PASS" start="2026-04-20T23:36:28.765152" elapsed="3.000803"/>
</kw>
<kw name="Get Text" owner="SeleniumLibrary">
<msg time="2026-04-20T23:36:31.784147" level="INFO">${text_result} = К
К
К
К
К
З
З
З
З
З
С
С</msg>
<var>${text_result}</var>
<arg>id:result</arg>
<doc>Returns the text value of the element identified by ``locator``.</doc>
<status status="PASS" start="2026-04-20T23:36:31.766548" elapsed="0.017638"/>
</kw>
<kw name="Replace String" owner="String">
<msg time="2026-04-20T23:36:31.784770" level="INFO">${cleaned_result} = К К К К К З З З З З С С</msg>
<var>${cleaned_result}</var>
<arg>${text_result}</arg>
<arg>\n</arg>
<arg>${SPACE}</arg>
<doc>Replaces ``search_for`` in the given ``string`` with ``replace_with``.</doc>
<status status="PASS" start="2026-04-20T23:36:31.784584" elapsed="0.000203"/>
</kw>
<kw name="Log" owner="BuiltIn">
<msg time="2026-04-20T23:36:31.785122" level="INFO">К К К К К З З З З З С С</msg>
<arg>${cleaned_result}</arg>
<doc>Logs the given message with the given level.</doc>
<status status="PASS" start="2026-04-20T23:36:31.784976" elapsed="0.000169"/>
</kw>
<kw name="Should Be Equal As Strings" owner="BuiltIn">
<arg>${cleaned_result}</arg>
<arg>К К К К К З З З З З С С</arg>
<doc>Fails if objects are unequal after converting them to strings.</doc>
<status status="PASS" start="2026-04-20T23:36:31.785320" elapsed="0.000128"/>
</kw>
<kw name="Close Browser" owner="SeleniumLibrary">
<doc>Closes the current browser.</doc>
<status status="PASS" start="2026-04-20T23:36:31.785546" elapsed="2.089981"/>
</kw>
<doc>Проверка правильности сортировки</doc>
<status status="PASS" start="2026-04-20T23:36:23.743996" elapsed="10.131892"/>
</test>
<test id="s1-t14" name="Check Hight Loaded Sorting - Test 14" line="296">
<kw name="Open Browser" owner="SeleniumLibrary">
<msg time="2026-04-20T23:36:33.876713" level="INFO">Opening browser 'Chrome' to base url 'https://enchanting-dango-f1fff3.netlify.app'.</msg>
<arg>https://enchanting-dango-f1fff3.netlify.app</arg>
<arg>Chrome</arg>
<doc>Opens a new browser instance to the optional ``url``.</doc>
<status status="PASS" start="2026-04-20T23:36:33.876567" elapsed="2.886860"/>
</kw>
<kw name="Select From List By Value" owner="SeleniumLibrary">
<msg time="2026-04-20T23:36:36.763855" level="INFO">Selecting options from selection list 'id:select1' by value З.</msg>
<arg>id:select1</arg>
<arg>З</arg>
<doc>Selects options from selection list ``locator`` by ``values``.</doc>
<status status="PASS" start="2026-04-20T23:36:36.763684" elapsed="0.044539"/>
</kw>
<kw name="Select From List By Value" owner="SeleniumLibrary">
<msg time="2026-04-20T23:36:36.808794" level="INFO">Selecting options from selection list 'id:select2' by value К.</msg>
<arg>id:select2</arg>
<arg>К</arg>
<doc>Selects options from selection list ``locator`` by ``values``.</doc>
<status status="PASS" start="2026-04-20T23:36:36.808545" elapsed="0.040646"/>
</kw>
<kw name="Select From List By Value" owner="SeleniumLibrary">
<msg time="2026-04-20T23:36:36.850008" level="INFO">Selecting options from selection list 'id:select3' by value С.</msg>
<arg>id:select3</arg>
<arg>С</arg>
<doc>Selects options from selection list ``locator`` by ``values``.</doc>
<status status="PASS" start="2026-04-20T23:36:36.849699" elapsed="0.036022"/>
</kw>
<kw name="Click Blue Button Multiple Times">
<for flavor="IN RANGE">
<iter>
<kw name="Click Element" owner="SeleniumLibrary">
<msg time="2026-04-20T23:36:36.886402" level="INFO">Clicking element 'id=blueButton'.</msg>
<arg>${blue_button_id}</arg>
<doc>Click the element identified by ``locator``.</doc>
<status status="PASS" start="2026-04-20T23:36:36.886297" elapsed="0.046109"/>
</kw>
<var name="${index}">0</var>
<status status="PASS" start="2026-04-20T23:36:36.886239" elapsed="0.046228"/>
</iter>
<iter>
<kw name="Click Element" owner="SeleniumLibrary">
<msg time="2026-04-20T23:36:36.932766" level="INFO">Clicking element 'id=blueButton'.</msg>
<arg>${blue_button_id}</arg>
<doc>Click the element identified by ``locator``.</doc>
<status status="PASS" start="2026-04-20T23:36:36.932628" elapsed="0.030529"/>
</kw>
<var name="${index}">1</var>
<status status="PASS" start="2026-04-20T23:36:36.932553" elapsed="0.030663"/>
</iter>
<iter>
<kw name="Click Element" owner="SeleniumLibrary">
<msg time="2026-04-20T23:36:36.963490" level="INFO">Clicking element 'id=blueButton'.</msg>
<arg>${blue_button_id}</arg>
<doc>Click the element identified by ``locator``.</doc>
<status status="PASS" start="2026-04-20T23:36:36.963373" elapsed="0.028255"/>
</kw>
<var name="${index}">2</var>
<status status="PASS" start="2026-04-20T23:36:36.963304" elapsed="0.028376"/>
</iter>
<iter>
<kw name="Click Element" owner="SeleniumLibrary">
<msg time="2026-04-20T23:36:36.991945" level="INFO">Clicking element 'id=blueButton'.</msg>
<arg>${blue_button_id}</arg>
<doc>Click the element identified by ``locator``.</doc>
<status status="PASS" start="2026-04-20T23:36:36.991829" elapsed="0.034253"/>
</kw>
<var name="${index}">3</var>
<status status="PASS" start="2026-04-20T23:36:36.991759" elapsed="0.034394"/>
</iter>
<iter>
<kw name="Click Element" owner="SeleniumLibrary">
<msg time="2026-04-20T23:36:37.026432" level="INFO">Clicking element 'id=blueButton'.</msg>
<arg>${blue_button_id}</arg>
<doc>Click the element identified by ``locator``.</doc>
<status status="PASS" start="2026-04-20T23:36:37.026306" elapsed="0.027763"/>
</kw>
<var name="${index}">4</var>
<status status="PASS" start="2026-04-20T23:36:37.026238" elapsed="0.027883"/>
</iter>
<iter>
<kw name="Click Element" owner="SeleniumLibrary">
<msg time="2026-04-20T23:36:37.054372" level="INFO">Clicking element 'id=blueButton'.</msg>
<arg>${blue_button_id}</arg>
<doc>Click the element identified by ``locator``.</doc>
<status status="PASS" start="2026-04-20T23:36:37.054259" elapsed="0.029398"/>
</kw>
<var name="${index}">5</var>
<status status="PASS" start="2026-04-20T23:36:37.054197" elapsed="0.029512"/>
</iter>
<iter>
<kw name="Click Element" owner="SeleniumLibrary">
<msg time="2026-04-20T23:36:37.083961" level="INFO">Clicking element 'id=blueButton'.</msg>
<arg>${blue_button_id}</arg>
<doc>Click the element identified by ``locator``.</doc>
<status status="PASS" start="2026-04-20T23:36:37.083850" elapsed="0.034567"/>
</kw>
<var name="${index}">6</var>
<status status="PASS" start="2026-04-20T23:36:37.083782" elapsed="0.034684"/>
</iter>
<iter>
<kw name="Click Element" owner="SeleniumLibrary">
<msg time="2026-04-20T23:36:37.118707" level="INFO">Clicking element 'id=blueButton'.</msg>
<arg>${blue_button_id}</arg>
<doc>Click the element identified by ``locator``.</doc>
<status status="PASS" start="2026-04-20T23:36:37.118598" elapsed="0.031437"/>
</kw>
<var name="${index}">7</var>
<status status="PASS" start="2026-04-20T23:36:37.118537" elapsed="0.031547"/>
</iter>
<iter>
<kw name="Click Element" owner="SeleniumLibrary">
<msg time="2026-04-20T23:36:37.150349" level="INFO">Clicking element 'id=blueButton'.</msg>
<arg>${blue_button_id}</arg>
<doc>Click the element identified by ``locator``.</doc>
<status status="PASS" start="2026-04-20T23:36:37.150231" elapsed="0.028132"/>
</kw>
<var name="${index}">8</var>
<status status="PASS" start="2026-04-20T23:36:37.150161" elapsed="0.028528"/>
</iter>
<iter>
<kw name="Click Element" owner="SeleniumLibrary">
<msg time="2026-04-20T23:36:37.178974" level="INFO">Clicking element 'id=blueButton'.</msg>
<arg>${blue_button_id}</arg>
[...]
<status status="PASS" start="2026-04-20T23:36:38.712692" elapsed="0.029003"/>
</kw>
<var name="${index}">3</var>
<status status="PASS" start="2026-04-20T23:36:38.712626" elapsed="0.029121"/>
</iter>
<iter>
<kw name="Click Element" owner="SeleniumLibrary">
<msg time="2026-04-20T23:36:38.742009" level="INFO">Clicking element 'id=blueButton'.</msg>
<arg>${blue_button_id}</arg>
<doc>Click the element identified by ``locator``.</doc>
<status status="PASS" start="2026-04-20T23:36:38.741892" elapsed="0.031997"/>
</kw>
<var name="${index}">4</var>
<status status="PASS" start="2026-04-20T23:36:38.741826" elapsed="0.032120"/>
</iter>
<iter>
<kw name="Click Element" owner="SeleniumLibrary">
<msg time="2026-04-20T23:36:38.774208" level="INFO">Clicking element 'id=blueButton'.</msg>
<arg>${blue_button_id}</arg>
<doc>Click the element identified by ``locator``.</doc>
<status status="PASS" start="2026-04-20T23:36:38.774091" elapsed="0.030726"/>
</kw>
<var name="${index}">5</var>
<status status="PASS" start="2026-04-20T23:36:38.774023" elapsed="0.030850"/>
</iter>
<iter>
<kw name="Click Element" owner="SeleniumLibrary">
<msg time="2026-04-20T23:36:38.805148" level="INFO">Clicking element 'id=blueButton'.</msg>
<arg>${blue_button_id}</arg>
<doc>Click the element identified by ``locator``.</doc>
<status status="PASS" start="2026-04-20T23:36:38.805019" elapsed="0.020414"/>
</kw>
<var name="${index}">6</var>
<status status="PASS" start="2026-04-20T23:36:38.804952" elapsed="0.020530"/>
</iter>
<iter>
<kw name="Click Element" owner="SeleniumLibrary">
<msg time="2026-04-20T23:36:38.825729" level="INFO">Clicking element 'id=blueButton'.</msg>
<arg>${blue_button_id}</arg>
<doc>Click the element identified by ``locator``.</doc>
<status status="PASS" start="2026-04-20T23:36:38.825618" elapsed="0.021271"/>
</kw>
<var name="${index}">7</var>
<status status="PASS" start="2026-04-20T23:36:38.825556" elapsed="0.021382"/>
</iter>
<iter>
<kw name="Click Element" owner="SeleniumLibrary">
<msg time="2026-04-20T23:36:38.847183" level="INFO">Clicking element 'id=blueButton'.</msg>
<arg>${blue_button_id}</arg>
<doc>Click the element identified by ``locator``.</doc>
<status status="PASS" start="2026-04-20T23:36:38.847076" elapsed="0.023624"/>
</kw>
<var name="${index}">8</var>
<status status="PASS" start="2026-04-20T23:36:38.847011" elapsed="0.023741"/>
</iter>
<iter>
<kw name="Click Element" owner="SeleniumLibrary">
<msg time="2026-04-20T23:36:38.871010" level="INFO">Clicking element 'id=blueButton'.</msg>
<arg>${blue_button_id}</arg>
<doc>Click the element identified by ``locator``.</doc>
<status status="PASS" start="2026-04-20T23:36:38.870896" elapsed="0.023926"/>
</kw>
<var name="${index}">9</var>
<status status="PASS" start="2026-04-20T23:36:38.870829" elapsed="0.024045"/>
</iter>
<iter>
<kw name="Click Element" owner="SeleniumLibrary">
<msg time="2026-04-20T23:36:38.895113" level="INFO">Clicking element 'id=blueButton'.</msg>
<arg>${blue_button_id}</arg>
<doc>Click the element identified by ``locator``.</doc>
<status status="PASS" start="2026-04-20T23:36:38.895007" elapsed="0.024426"/>
</kw>
<var name="${index}">10</var>
<status status="PASS" start="2026-04-20T23:36:38.894947" elapsed="0.024535"/>
</iter>
<iter>
<kw name="Click Element" owner="SeleniumLibrary">
<msg time="2026-04-20T23:36:38.919721" level="INFO">Clicking element 'id=blueButton'.</msg>
<arg>${blue_button_id}</arg>
<doc>Click the element identified by ``locator``.</doc>
<status status="PASS" start="2026-04-20T23:36:38.919615" elapsed="0.027894"/>
</kw>
<var name="${index}">11</var>
<status status="PASS" start="2026-04-20T23:36:38.919555" elapsed="0.028002"/>
</iter>
<iter>
<kw name="Click Element" owner="SeleniumLibrary">
<msg time="2026-04-20T23:36:38.947795" level="INFO">Clicking element 'id=blueButton'.</msg>
<arg>${blue_button_id}</arg>
<doc>Click the element identified by ``locator``.</doc>
<status status="PASS" start="2026-04-20T23:36:38.947688" elapsed="0.040398"/>
</kw>
<var name="${index}">12</var>
<status status="PASS" start="2026-04-20T23:36:38.947628" elapsed="0.040533"/>
</iter>
<iter>
<kw name="Click Element" owner="SeleniumLibrary">
<msg time="2026-04-20T23:36:38.988499" level="INFO">Clicking element 'id=blueButton'.</msg>
<arg>${blue_button_id}</arg>
<doc>Click the element identified by ``locator``.</doc>
<status status="PASS" start="2026-04-20T23:36:38.988345" elapsed="0.020902"/>
</kw>
<var name="${index}">13</var>
<status status="PASS" start="2026-04-20T23:36:38.988263" elapsed="0.021043"/>
</iter>
<iter>
<kw name="Click Element" owner="SeleniumLibrary">
<msg time="2026-04-20T23:36:39.009599" level="INFO">Clicking element 'id=blueButton'.</msg>
<arg>${blue_button_id}</arg>
<doc>Click the element identified by ``locator``.</doc>
<status status="PASS" start="2026-04-20T23:36:39.009464" elapsed="0.022035"/>
</kw>
<var name="${index}">14</var>
<status status="PASS" start="2026-04-20T23:36:39.009391" elapsed="0.022205"/>
</iter>
<iter>
<kw name="Click Element" owner="SeleniumLibrary">
<msg time="2026-04-20T23:36:39.031994" level="INFO">Clicking element 'id=blueButton'.</msg>
<arg>${blue_button_id}</arg>
<doc>Click the element identified by ``locator``.</doc>
<status status="PASS" start="2026-04-20T23:36:39.031814" elapsed="0.023249"/>
</kw>
<var name="${index}">15</var>
<status status="PASS" start="2026-04-20T23:36:39.031718" elapsed="0.023420"/>
</iter>
<iter>
<kw name="Click Element" owner="SeleniumLibrary">
<msg time="2026-04-20T23:36:39.055546" level="INFO">Clicking element 'id=blueButton'.</msg>
<arg>${blue_button_id}</arg>
<doc>Click the element identified by ``locator``.</doc>
<status status="PASS" start="2026-04-20T23:36:39.055374" elapsed="0.028476"/>
</kw>
<var name="${index}">16</var>
<status status="PASS" start="2026-04-20T23:36:39.055264" elapsed="0.028668"/>
</iter>
<iter>
<kw name="Click Element" owner="SeleniumLibrary">
<msg time="2026-04-20T23:36:39.084357" level="INFO">Clicking element 'id=blueButton'.</msg>
<arg>${blue_button_id}</arg>
<doc>Click the element identified by ``locator``.</doc>
<status status="PASS" start="2026-04-20T23:36:39.084176" elapsed="0.032084"/>
</kw>
<var name="${index}">17</var>
<status status="PASS" start="2026-04-20T23:36:39.084055" elapsed="0.032278"/>
</iter>
<iter>
<kw name="Click Element" owner="SeleniumLibrary">
<msg time="2026-04-20T23:36:39.116674" level="INFO">Clicking element 'id=blueButton'.</msg>
<arg>${blue_button_id}</arg>
<doc>Click the element identified by ``locator``.</doc>
<status status="PASS" start="2026-04-20T23:36:39.116520" elapsed="0.032014"/>
</kw>
<var name="${index}">18</var>
<status status="PASS" start="2026-04-20T23:36:39.116435" elapsed="0.032220"/>
</iter>
<iter>
<kw name="Click Element" owner="SeleniumLibrary">
<msg time="2026-04-20T23:36:39.148997" level="INFO">Clicking element 'id=blueButton'.</msg>
<arg>${blue_button_id}</arg>
<doc>Click the element identified by ``locator``.</doc>
<status status="PASS" start="2026-04-20T23:36:39.148843" elapsed="0.037075"/>
</kw>
<var name="${index}">19</var>
<status status="PASS" start="2026-04-20T23:36:39.148762" elapsed="0.037243"/>
</iter>
<iter>
<kw name="Click Element" owner="SeleniumLibrary">
<msg time="2026-04-20T23:36:39.186373" level="INFO">Clicking element 'id=blueButton'.</msg>
<arg>${blue_button_id}</arg>
<doc>Click the element identified by ``locator``.</doc>
<status status="PASS" start="2026-04-20T23:36:39.186216" elapsed="0.034181"/>
</kw>
<var name="${index}">20</var>
<status status="PASS" start="2026-04-20T23:36:39.186121" elapsed="0.034351"/>
</iter>
<iter>
<kw name="Click Element" owner="SeleniumLibrary">
<msg time="2026-04-20T23:36:39.220888" level="INFO">Clicking element 'id=blueButton'.</msg>
<arg>${blue_button_id}</arg>
<doc>Click the element identified by ``locator``.</doc>
<status status="PASS" start="2026-04-20T23:36:39.220708" elapsed="0.021341"/>
</kw>
<var name="${index}">21</var>
<status status="PASS" start="2026-04-20T23:36:39.220578" elapsed="0.021546"/>
</iter>
<iter>
<kw name="Click Element" owner="SeleniumLibrary">
<msg time="2026-04-20T23:36:39.242521" level="INFO">Clicking element 'id=blueButton'.</msg>
<arg>${blue_button_id}</arg>
<doc>Click the element identified by ``locator``.</doc>
<status status="PASS" start="2026-04-20T23:36:39.242342" elapsed="0.024557"/>
</kw>
<var name="${index}">22</var>
<status status="PASS" start="2026-04-20T23:36:39.242244" elapsed="0.024730"/>
</iter>
<iter>
<kw name="Click Element" owner="SeleniumLibrary">
<msg time="2026-04-20T23:36:39.267368" level="INFO">Clicking element 'id=blueButton'.</msg>
<arg>${blue_button_id}</arg>
<doc>Click the element identified by ``locator``.</doc>
<status status="PASS" start="2026-04-20T23:36:39.267164" elapsed="0.023339"/>
</kw>
<var name="${index}">23</var>
<status status="PASS" start="2026-04-20T23:36:39.267078" elapsed="0.023507"/>
</iter>
<iter>
<kw name="Click Element" owner="SeleniumLibrary">
<msg time="2026-04-20T23:36:39.290982" level="INFO">Clicking element 'id=blueButton'.</msg>
<arg>${blue_button_id}</arg>
<doc>Click the element identified by ``locator``.</doc>
<status status="PASS" start="2026-04-20T23:36:39.290806" elapsed="0.029237"/>
</kw>
<var name="${index}">24</var>
<status status="PASS" start="2026-04-20T23:36:39.290700" elapsed="0.029420"/>
</iter>
<iter>
<kw name="Click Element" owner="SeleniumLibrary">
<msg time="2026-04-20T23:36:39.320465" level="INFO">Clicking element 'id=blueButton'.</msg>
<arg>${blue_button_id}</arg>
<doc>Click the element identified by ``locator``.</doc>
<status status="PASS" start="2026-04-20T23:36:39.320313" elapsed="0.020914"/>
</kw>
<var name="${index}">25</var>
<status status="PASS" start="2026-04-20T23:36:39.320227" elapsed="0.021077"/>
</iter>
<iter>
<kw name="Click Element" owner="SeleniumLibrary">
<msg time="2026-04-20T23:36:39.341657" level="INFO">Clicking element 'id=blueButton'.</msg>
<arg>${blue_button_id}</arg>
<doc>Click the element identified by ``locator``.</doc>
<status status="PASS" start="2026-04-20T23:36:39.341500" elapsed="0.021754"/>
</kw>
<var name="${index}">26</var>
<status status="PASS" start="2026-04-20T23:36:39.341412" elapsed="0.021913"/>
</iter>
<iter>
<kw name="Click Element" owner="SeleniumLibrary">
<msg time="2026-04-20T23:36:39.363661" level="INFO">Clicking element 'id=blueButton'.</msg>
<arg>${blue_button_id}</arg>
<doc>Click the element identified by ``locator``.</doc>
<status status="PASS" start="2026-04-20T23:36:39.363510" elapsed="0.025782"/>
</kw>
<var name="${index}">27</var>
<status status="PASS" start="2026-04-20T23:36:39.363427" elapsed="0.025946"/>
</iter>
<iter>
<kw name="Click Element" owner="SeleniumLibrary">
<msg time="2026-04-20T23:36:39.389779" level="INFO">Clicking element 'id=blueButton'.</msg>
<arg>${blue_button_id}</arg>
<doc>Click the element identified by ``locator``.</doc>
<status status="PASS" start="2026-04-20T23:36:39.389602" elapsed="0.021091"/>
</kw>
<var name="${index}">28</var>
<status status="PASS" start="2026-04-20T23:36:39.389504" elapsed="0.021268"/>
</iter>
<iter>
<kw name="Click Element" owner="SeleniumLibrary">
<msg time="2026-04-20T23:36:39.411159" level="INFO">Clicking element 'id=blueButton'.</msg>
<arg>${blue_button_id}</arg>
<doc>Click the element identified by ``locator``.</doc>
<status status="PASS" start="2026-04-20T23:36:39.410974" elapsed="0.028083"/>
</kw>
<var name="${index}">29</var>
<status status="PASS" start="2026-04-20T23:36:39.410880" elapsed="0.028257"/>
</iter>
<iter>
<kw name="Click Element" owner="SeleniumLibrary">
<msg time="2026-04-20T23:36:39.439488" level="INFO">Clicking element 'id=blueButton'.</msg>
<arg>${blue_button_id}</arg>
<doc>Click the element identified by ``locator``.</doc>
<status status="PASS" start="2026-04-20T23:36:39.439327" elapsed="0.020274"/>
</kw>
<var name="${index}">30</var>
<status status="PASS" start="2026-04-20T23:36:39.439240" elapsed="0.020436"/>
</iter>
<iter>
<kw name="Click Element" owner="SeleniumLibrary">
<msg time="2026-04-20T23:36:39.460019" level="INFO">Clicking element 'id=blueButton'.</msg>
<arg>${blue_button_id}</arg>
<doc>Click the element identified by ``locator``.</doc>
<status status="PASS" start="2026-04-20T23:36:39.459865" elapsed="0.028874"/>
</kw>
<var name="${index}">31</var>
<status status="PASS" start="2026-04-20T23:36:39.459780" elapsed="0.029045"/>
</iter>
<iter>
<kw name="Click Element" owner="SeleniumLibrary">
<msg time="2026-04-20T23:36:39.489218" level="INFO">Clicking element 'id=blueButton'.</msg>
<arg>${blue_button_id}</arg>
<doc>Click the element identified by ``locator``.</doc>
<status status="PASS" start="2026-04-20T23:36:39.489042" elapsed="0.020739"/>
</kw>
<var name="${index}">32</var>
<status status="PASS" start="2026-04-20T23:36:39.488945" elapsed="0.020912"/>
</iter>
<iter>
<kw name="Click Element" owner="SeleniumLibrary">
<msg time="2026-04-20T23:36:39.510230" level="INFO">Clicking element 'id=blueButton'.</msg>
<arg>${blue_button_id}</arg>
<doc>Click the element identified by ``locator``.</doc>
<status status="PASS" start="2026-04-20T23:36:39.510059" elapsed="0.025965"/>
</kw>
<var name="${index}">33</var>
<status status="PASS" start="2026-04-20T23:36:39.509960" elapsed="0.026124"/>
</iter>
<var>${index}</var>
<value>${times}</value>
<status status="PASS" start="2026-04-20T23:36:38.625976" elapsed="0.910139"/>
</for>
<arg>34</arg>
<status status="PASS" start="2026-04-20T23:36:38.625834" elapsed="0.910333"/>
</kw>
<kw name="Click Red Button Multiple Times">
<for flavor="IN RANGE">
<iter>
<kw name="Click Element" owner="SeleniumLibrary">
<msg time="2026-04-20T23:36:39.537647" level="INFO">Clicking element 'id=redButton'.</msg>
<arg>${red_button_id}</arg>
<doc>Click the element identified by ``locator``.</doc>
<status status="PASS" start="2026-04-20T23:36:39.537375" elapsed="0.024348"/>
</kw>
<var name="${index}">0</var>
<status status="PASS" start="2026-04-20T23:36:39.537241" elapsed="0.024559"/>
</iter>
<iter>
<kw name="Click Element" owner="SeleniumLibrary">
<msg time="2026-04-20T23:36:39.562203" level="INFO">Clicking element 'id=redButton'.</msg>
<arg>${red_button_id}</arg>
<doc>Click the element identified by ``locator``.</doc>
<status status="PASS" start="2026-04-20T23:36:39.562002" elapsed="0.024445"/>
</kw>
<var name="${index}">1</var>
<status status="PASS" start="2026-04-20T23:36:39.561904" elapsed="0.024604"/>
</iter>
<iter>
<kw name="Click Element" owner="SeleniumLibrary">
<msg time="2026-04-20T23:36:39.586785" level="INFO">Clicking element 'id=redButton'.</msg>
<arg>${red_button_id}</arg>
<doc>Click the element identified by ``locator``.</doc>
<status status="PASS" start="2026-04-20T23:36:39.586661" elapsed="0.021159"/>
</kw>
<var name="${index}">2</var>
<status status="PASS" start="2026-04-20T23:36:39.586591" elapsed="0.021364"/>
</iter>
<iter>
<kw name="Click Element" owner="SeleniumLibrary">
<msg time="2026-04-20T23:36:39.608321" level="INFO">Clicking element 'id=redButton'.</msg>
<arg>${red_button_id}</arg>
<doc>Click the element identified by ``locator``.</doc>
<status status="PASS" start="2026-04-20T23:36:39.608155" elapsed="0.022947"/>
</kw>
<var name="${index}">3</var>
<status status="PASS" start="2026-04-20T23:36:39.608065" elapsed="0.023113"/>
</iter>
<iter>
<kw name="Click Element" owner="SeleniumLibrary">
<msg time="2026-04-20T23:36:39.631592" level="INFO">Clicking element 'id=redButton'.</msg>
<arg>${red_button_id}</arg>
<doc>Click the element identified by ``locator``.</doc>
<status status="PASS" start="2026-04-20T23:36:39.631379" elapsed="0.021784"/>
</kw>
<var name="${index}">4</var>
<status status="PASS" start="2026-04-20T23:36:39.631283" elapsed="0.021955"/>
</iter>
<iter>
<kw name="Click Element" owner="SeleniumLibrary">
<msg time="2026-04-20T23:36:39.653604" level="INFO">Clicking element 'id=redButton'.</msg>
<arg>${red_button_id}</arg>
<doc>Click the element identified by ``locator``.</doc>
<status status="PASS" start="2026-04-20T23:36:39.653430" elapsed="0.026445"/>
</kw>
<var name="${index}">5</var>
<status status="PASS" start="2026-04-20T23:36:39.653344" elapsed="0.026605"/>
</iter>
<iter>
<kw name="Click Element" owner="SeleniumLibrary">
<msg time="2026-04-20T23:36:39.680305" level="INFO">Clicking element 'id=redButton'.</msg>
<arg>${red_button_id}</arg>
<doc>Click the element identified by ``locator``.</doc>
<status status="PASS" start="2026-04-20T23:36:39.680144" elapsed="0.021989"/>
</kw>
<var name="${index}">6</var>
<status status="PASS" start="2026-04-20T23:36:39.680057" elapsed="0.022151"/>
</iter>
<var>${index}</var>
<value>${times}</value>
<status status="PASS" start="2026-04-20T23:36:39.537007" elapsed="0.165247"/>
</for>
<arg>7</arg>
<status status="PASS" start="2026-04-20T23:36:39.536716" elapsed="0.165612"/>
</kw>
<kw name="Click Button" owner="SeleniumLibrary">
<msg time="2026-04-20T23:36:39.702707" level="INFO">Clicking button 'id=sendDataButton'.</msg>
<arg>id=sendDataButton</arg>
<doc>Clicks the button identified by ``locator``.</doc>
<status status="PASS" start="2026-04-20T23:36:39.702545" elapsed="0.036854"/>
</kw>
<kw name="Sleep" owner="BuiltIn">
<msg time="2026-04-20T23:36:42.740886" level="INFO">Slept 3 seconds.</msg>
<arg>3 seconds</arg>
<doc>Pauses the test executed for the given time.</doc>
<status status="PASS" start="2026-04-20T23:36:39.739620" elapsed="3.001817"/>
</kw>
<kw name="Get Text" owner="SeleniumLibrary">
<msg time="2026-04-20T23:36:42.779960" level="INFO">${text_result} = З
З
З
З
З
З
З
З
З
З
З
З
З
З
З
З
З
З
З
З
З
З
З
К
К
К
К
К
К
К
К
К
К
К
К
К
К
К
К
К
К
К
К
К
К
К
К
К
К
К
К
К
С
С
С
С
С
С
С
С
С
С
С
С
С
С
С
С
С
С
С
С
С
С
С
С
С
С
С
С
С
С
С
С
С
С
С
С
С
С
С
С
С
С
С
С
С
С
С
С
...</msg>
<var>${text_result}</var>
<arg>id:result</arg>
<doc>Returns the text value of the element identified by ``locator``.</doc>
<status status="PASS" start="2026-04-20T23:36:42.742823" elapsed="0.037170"/>
</kw>
<kw name="Replace String" owner="String">
<msg time="2026-04-20T23:36:42.780932" level="INFO">${cleaned_result} = З З З З З З З З З З З З З З З З З З З З З З З К К К К К К К К К К К К К К К К К К К К К К К К К К К К К С С С С С С С С С С С С С С С С С С С С С С С С С С С С С С С С С С С С С С С С С С С С С С С С ...</msg>
<var>${cleaned_result}</var>
<arg>${text_result}</arg>
<arg>\n</arg>
<arg>${SPACE}</arg>
<doc>Replaces ``search_for`` in the given ``string`` with ``replace_with``.</doc>
<status status="PASS" start="2026-04-20T23:36:42.780622" elapsed="0.000334"/>
</kw>
<kw name="Log" owner="BuiltIn">
<msg time="2026-04-20T23:36:42.781769" level="INFO">З З З З З З З З З З З З З З З З З З З З З З З К К К К К К К К К К К К К К К К К К К К К К К К К К К К К С С С С С С С С С С С С С С С С С С С С С С С С С С С С С С С С С С С С С С С С С С С С С С С С С</msg>
<arg>${cleaned_result}</arg>
<doc>Logs the given message with the given level.</doc>
<status status="PASS" start="2026-04-20T23:36:42.781608" elapsed="0.000189"/>
</kw>
<kw name="Should Be Equal As Strings" owner="BuiltIn">
<arg>${cleaned_result}</arg>
<arg>З З З З З З З З З З З З З З З З З З З З З З З К К К К К К К К К К К К К К К К К К К К К К К К К К К К К С С С С С С С С С С С С С С С С С С С С С С С С С С С С С С С С С С С С С С С С С С С С С С С С С</arg>
<doc>Fails if objects are unequal after converting them to strings.</doc>
<status status="PASS" start="2026-04-20T23:36:42.782257" elapsed="0.001066"/>
</kw>
<kw name="Close Browser" owner="SeleniumLibrary">
<doc>Closes the current browser.</doc>
<status status="PASS" start="2026-04-20T23:36:42.783848" elapsed="2.102625"/>
</kw>
<doc>Проверка правильности сортировки при большой нагрузке</doc>
<status status="PASS" start="2026-04-20T23:36:33.876248" elapsed="11.012705"/>
</test>
<status status="FAIL" start="2026-04-20T23:35:00.952184" elapsed="103.938736"/>
</suite>
<statistics>
<total>
<stat pass="12" fail="2" skip="0">All Tests</stat>
</total>
<tag>
</tag>
<suite>
<stat name="Test" id="s1" pass="12" fail="2" skip="0">Test</stat>
</suite>
</statistics>
<errors>
</errors>
</robot>
